<?xml version="1.0" encoding="UTF-8"?>
<testng-results ignored="0" total="86" passed="86" failed="0" skipped="0">
  <reporter-output>
  </reporter-output>
  <suite started-at="2022-10-05T13:16:47 WIB" name="Default suite" finished-at="2022-10-05T13:40:18 WIB" duration-ms="1410531">
    <groups>
      <group name="cucumber">
        <method signature="AbstractTestNGCucumberTests.runScenario(io.cucumber.testng.PickleWrapper,io.cucumber.testng.FeatureWrapper)[pri:0, instance:com.sqa.psikotes.framework.runner.TestRunner@2767e23c]" name="runScenario" class="io.cucumber.testng.AbstractTestNGCucumberTests"/>
      </group> <!-- cucumber -->
    </groups>
    <test started-at="2022-10-05T13:16:47 WIB" name="Default test" finished-at="2022-10-05T13:40:18 WIB" duration-ms="1410531">
      <class name="com.sqa.psikotes.framework.runner.TestRunner">
        <test-method is-config="true" signature="setUpClass(org.testng.ITestContext)[pri:0, instance:com.sqa.psikotes.framework.runner.TestRunner@2767e23c]" started-at="2022-10-05T13:16:47 WIB" name="setUpClass" finished-at="2022-10-05T13:16:48 WIB" duration-ms="695" status="PASS">
          <params>
            <param index="0">
              <value>
                <![CDATA[org.testng.TestRunner@6e3242e9]]>
              </value>
            </param>
          </params>
          <reporter-output>
          </reporter-output>
        </test-method> <!-- setUpClass -->
        <test-method signature="runScenario(io.cucumber.testng.PickleWrapper,io.cucumber.testng.FeatureWrapper)[pri:0, instance:com.sqa.psikotes.framework.runner.TestRunner@2767e23c]" started-at="2022-10-05T13:16:48 WIB" name="runScenario" description="Runs Cucumber Scenarios" data-provider="scenarios" finished-at="2022-10-05T13:17:01 WIB" duration-ms="12862" status="PASS">
          <params>
            <param index="0">
              <value>
                <![CDATA["TSMP001001 Admin buka halaman modul"]]>
              </value>
            </param>
            <param index="1">
              <value>
                <![CDATA["TSMP001 Admin masuk ke halaman modul"]]>
              </value>
            </param>
          </params>
          <reporter-output>
          </reporter-output>
        </test-method> <!-- runScenario -->
        <test-method signature="runScenario(io.cucumber.testng.PickleWrapper,io.cucumber.testng.FeatureWrapper)[pri:0, instance:com.sqa.psikotes.framework.runner.TestRunner@2767e23c]" started-at="2022-10-05T13:17:01 WIB" name="runScenario" description="Runs Cucumber Scenarios" data-provider="scenarios" finished-at="2022-10-05T13:17:09 WIB" duration-ms="8806" status="PASS">
          <params>
            <param index="0">
              <value>
                <![CDATA["TSMP002001 Admin cari data berdasarkan nama modul menggunakan enter pada keyboard"]]>
              </value>
            </param>
            <param index="1">
              <value>
                <![CDATA["TSMP002 Admin cari data nama modul"]]>
              </value>
            </param>
          </params>
          <reporter-output>
          </reporter-output>
        </test-method> <!-- runScenario -->
        <test-method signature="runScenario(io.cucumber.testng.PickleWrapper,io.cucumber.testng.FeatureWrapper)[pri:0, instance:com.sqa.psikotes.framework.runner.TestRunner@2767e23c]" started-at="2022-10-05T13:17:09 WIB" name="runScenario" description="Runs Cucumber Scenarios" data-provider="scenarios" finished-at="2022-10-05T13:17:19 WIB" duration-ms="9102" status="PASS">
          <params>
            <param index="0">
              <value>
                <![CDATA["TSMP002002 Admin cari data berdasarkan nama modul menggunakan button hijau"]]>
              </value>
            </param>
            <param index="1">
              <value>
                <![CDATA["TSMP002 Admin cari data nama modul"]]>
              </value>
            </param>
          </params>
          <reporter-output>
          </reporter-output>
        </test-method> <!-- runScenario -->
        <test-method signature="runScenario(io.cucumber.testng.PickleWrapper,io.cucumber.testng.FeatureWrapper)[pri:0, instance:com.sqa.psikotes.framework.runner.TestRunner@2767e23c]" started-at="2022-10-05T13:17:19 WIB" name="runScenario" description="Runs Cucumber Scenarios" data-provider="scenarios" finished-at="2022-10-05T13:17:28 WIB" duration-ms="9096" status="PASS">
          <params>
            <param index="0">
              <value>
                <![CDATA["TSMP002003 Admin cari data berdasarkan nama modul menggunakan button search"]]>
              </value>
            </param>
            <param index="1">
              <value>
                <![CDATA["TSMP002 Admin cari data nama modul"]]>
              </value>
            </param>
          </params>
          <reporter-output>
          </reporter-output>
        </test-method> <!-- runScenario -->
        <test-method signature="runScenario(io.cucumber.testng.PickleWrapper,io.cucumber.testng.FeatureWrapper)[pri:0, instance:com.sqa.psikotes.framework.runner.TestRunner@2767e23c]" started-at="2022-10-05T13:17:28 WIB" name="runScenario" description="Runs Cucumber Scenarios" data-provider="scenarios" finished-at="2022-10-05T13:17:48 WIB" duration-ms="20230" status="PASS">
          <params>
            <param index="0">
              <value>
                <![CDATA["TSMP003 Admin ingin menambahkan modul"]]>
              </value>
            </param>
            <param index="1">
              <value>
                <![CDATA["TSMP003 Admin tambah modul"]]>
              </value>
            </param>
          </params>
          <reporter-output>
          </reporter-output>
        </test-method> <!-- runScenario -->
        <test-method signature="runScenario(io.cucumber.testng.PickleWrapper,io.cucumber.testng.FeatureWrapper)[pri:0, instance:com.sqa.psikotes.framework.runner.TestRunner@2767e23c]" started-at="2022-10-05T13:17:48 WIB" name="runScenario" description="Runs Cucumber Scenarios" data-provider="scenarios" finished-at="2022-10-05T13:18:08 WIB" duration-ms="20038" status="PASS">
          <params>
            <param index="0">
              <value>
                <![CDATA["TSMP003 Admin ingin menambahkan modul"]]>
              </value>
            </param>
            <param index="1">
              <value>
                <![CDATA["TSMP003 Admin tambah modul"]]>
              </value>
            </param>
          </params>
          <reporter-output>
          </reporter-output>
        </test-method> <!-- runScenario -->
        <test-method signature="runScenario(io.cucumber.testng.PickleWrapper,io.cucumber.testng.FeatureWrapper)[pri:0, instance:com.sqa.psikotes.framework.runner.TestRunner@2767e23c]" started-at="2022-10-05T13:18:08 WIB" name="runScenario" description="Runs Cucumber Scenarios" data-provider="scenarios" finished-at="2022-10-05T13:18:28 WIB" duration-ms="20267" status="PASS">
          <params>
            <param index="0">
              <value>
                <![CDATA["TSMP003 Admin ingin menambahkan modul"]]>
              </value>
            </param>
            <param index="1">
              <value>
                <![CDATA["TSMP003 Admin tambah modul"]]>
              </value>
            </param>
          </params>
          <reporter-output>
          </reporter-output>
        </test-method> <!-- runScenario -->
        <test-method signature="runScenario(io.cucumber.testng.PickleWrapper,io.cucumber.testng.FeatureWrapper)[pri:0, instance:com.sqa.psikotes.framework.runner.TestRunner@2767e23c]" started-at="2022-10-05T13:18:28 WIB" name="runScenario" description="Runs Cucumber Scenarios" data-provider="scenarios" finished-at="2022-10-05T13:18:48 WIB" duration-ms="20262" status="PASS">
          <params>
            <param index="0">
              <value>
                <![CDATA["TSMP003 Admin ingin menambahkan modul"]]>
              </value>
            </param>
            <param index="1">
              <value>
                <![CDATA["TSMP003 Admin tambah modul"]]>
              </value>
            </param>
          </params>
          <reporter-output>
          </reporter-output>
        </test-method> <!-- runScenario -->
        <test-method signature="runScenario(io.cucumber.testng.PickleWrapper,io.cucumber.testng.FeatureWrapper)[pri:0, instance:com.sqa.psikotes.framework.runner.TestRunner@2767e23c]" started-at="2022-10-05T13:18:48 WIB" name="runScenario" description="Runs Cucumber Scenarios" data-provider="scenarios" finished-at="2022-10-05T13:19:08 WIB" duration-ms="20032" status="PASS">
          <params>
            <param index="0">
              <value>
                <![CDATA["TSMP003 Admin ingin menambahkan modul"]]>
              </value>
            </param>
            <param index="1">
              <value>
                <![CDATA["TSMP003 Admin tambah modul"]]>
              </value>
            </param>
          </params>
          <reporter-output>
          </reporter-output>
        </test-method> <!-- runScenario -->
        <test-method signature="runScenario(io.cucumber.testng.PickleWrapper,io.cucumber.testng.FeatureWrapper)[pri:0, instance:com.sqa.psikotes.framework.runner.TestRunner@2767e23c]" started-at="2022-10-05T13:19:08 WIB" name="runScenario" description="Runs Cucumber Scenarios" data-provider="scenarios" finished-at="2022-10-05T13:19:28 WIB" duration-ms="19777" status="PASS">
          <params>
            <param index="0">
              <value>
                <![CDATA["TSMP003 Admin ingin menambahkan modul"]]>
              </value>
            </param>
            <param index="1">
              <value>
                <![CDATA["TSMP003 Admin tambah modul"]]>
              </value>
            </param>
          </params>
          <reporter-output>
          </reporter-output>
        </test-method> <!-- runScenario -->
        <test-method signature="runScenario(io.cucumber.testng.PickleWrapper,io.cucumber.testng.FeatureWrapper)[pri:0, instance:com.sqa.psikotes.framework.runner.TestRunner@2767e23c]" started-at="2022-10-05T13:19:28 WIB" name="runScenario" description="Runs Cucumber Scenarios" data-provider="scenarios" finished-at="2022-10-05T13:19:48 WIB" duration-ms="19707" status="PASS">
          <params>
            <param index="0">
              <value>
                <![CDATA["TSMP003 Admin ingin menambahkan modul"]]>
              </value>
            </param>
            <param index="1">
              <value>
                <![CDATA["TSMP003 Admin tambah modul"]]>
              </value>
            </param>
          </params>
          <reporter-output>
          </reporter-output>
        </test-method> <!-- runScenario -->
        <test-method signature="runScenario(io.cucumber.testng.PickleWrapper,io.cucumber.testng.FeatureWrapper)[pri:0, instance:com.sqa.psikotes.framework.runner.TestRunner@2767e23c]" started-at="2022-10-05T13:19:48 WIB" name="runScenario" description="Runs Cucumber Scenarios" data-provider="scenarios" finished-at="2022-10-05T13:20:07 WIB" duration-ms="19403" status="PASS">
          <params>
            <param index="0">
              <value>
                <![CDATA["TSMP003 Admin ingin menambahkan modul"]]>
              </value>
            </param>
            <param index="1">
              <value>
                <![CDATA["TSMP003 Admin tambah modul"]]>
              </value>
            </param>
          </params>
          <reporter-output>
          </reporter-output>
        </test-method> <!-- runScenario -->
        <test-method signature="runScenario(io.cucumber.testng.PickleWrapper,io.cucumber.testng.FeatureWrapper)[pri:0, instance:com.sqa.psikotes.framework.runner.TestRunner@2767e23c]" started-at="2022-10-05T13:20:07 WIB" name="runScenario" description="Runs Cucumber Scenarios" data-provider="scenarios" finished-at="2022-10-05T13:20:27 WIB" duration-ms="19571" status="PASS">
          <params>
            <param index="0">
              <value>
                <![CDATA["TSMP003 Admin ingin menambahkan modul"]]>
              </value>
            </param>
            <param index="1">
              <value>
                <![CDATA["TSMP003 Admin tambah modul"]]>
              </value>
            </param>
          </params>
          <reporter-output>
          </reporter-output>
        </test-method> <!-- runScenario -->
        <test-method signature="runScenario(io.cucumber.testng.PickleWrapper,io.cucumber.testng.FeatureWrapper)[pri:0, instance:com.sqa.psikotes.framework.runner.TestRunner@2767e23c]" started-at="2022-10-05T13:20:27 WIB" name="runScenario" description="Runs Cucumber Scenarios" data-provider="scenarios" finished-at="2022-10-05T13:20:47 WIB" duration-ms="19627" status="PASS">
          <params>
            <param index="0">
              <value>
                <![CDATA["TSMP003 Admin ingin menambahkan modul"]]>
              </value>
            </param>
            <param index="1">
              <value>
                <![CDATA["TSMP003 Admin tambah modul"]]>
              </value>
            </param>
          </params>
          <reporter-output>
          </reporter-output>
        </test-method> <!-- runScenario -->
        <test-method signature="runScenario(io.cucumber.testng.PickleWrapper,io.cucumber.testng.FeatureWrapper)[pri:0, instance:com.sqa.psikotes.framework.runner.TestRunner@2767e23c]" started-at="2022-10-05T13:20:47 WIB" name="runScenario" description="Runs Cucumber Scenarios" data-provider="scenarios" finished-at="2022-10-05T13:21:06 WIB" duration-ms="19480" status="PASS">
          <params>
            <param index="0">
              <value>
                <![CDATA["TSMP003 Admin ingin menambahkan modul"]]>
              </value>
            </param>
            <param index="1">
              <value>
                <![CDATA["TSMP003 Admin tambah modul"]]>
              </value>
            </param>
          </params>
          <reporter-output>
          </reporter-output>
        </test-method> <!-- runScenario -->
        <test-method signature="runScenario(io.cucumber.testng.PickleWrapper,io.cucumber.testng.FeatureWrapper)[pri:0, instance:com.sqa.psikotes.framework.runner.TestRunner@2767e23c]" started-at="2022-10-05T13:21:06 WIB" name="runScenario" description="Runs Cucumber Scenarios" data-provider="scenarios" finished-at="2022-10-05T13:21:25 WIB" duration-ms="19392" status="PASS">
          <params>
            <param index="0">
              <value>
                <![CDATA["TSMP003 Admin ingin menambahkan modul"]]>
              </value>
            </param>
            <param index="1">
              <value>
                <![CDATA["TSMP003 Admin tambah modul"]]>
              </value>
            </param>
          </params>
          <reporter-output>
          </reporter-output>
        </test-method> <!-- runScenario -->
        <test-method signature="runScenario(io.cucumber.testng.PickleWrapper,io.cucumber.testng.FeatureWrapper)[pri:0, instance:com.sqa.psikotes.framework.runner.TestRunner@2767e23c]" started-at="2022-10-05T13:21:25 WIB" name="runScenario" description="Runs Cucumber Scenarios" data-provider="scenarios" finished-at="2022-10-05T13:21:45 WIB" duration-ms="19621" status="PASS">
          <params>
            <param index="0">
              <value>
                <![CDATA["TSMP003 Admin ingin menambahkan modul"]]>
              </value>
            </param>
            <param index="1">
              <value>
                <![CDATA["TSMP003 Admin tambah modul"]]>
              </value>
            </param>
          </params>
          <reporter-output>
          </reporter-output>
        </test-method> <!-- runScenario -->
        <test-method signature="runScenario(io.cucumber.testng.PickleWrapper,io.cucumber.testng.FeatureWrapper)[pri:0, instance:com.sqa.psikotes.framework.runner.TestRunner@2767e23c]" started-at="2022-10-05T13:21:45 WIB" name="runScenario" description="Runs Cucumber Scenarios" data-provider="scenarios" finished-at="2022-10-05T13:22:05 WIB" duration-ms="19458" status="PASS">
          <params>
            <param index="0">
              <value>
                <![CDATA["TSMP003 Admin ingin menambahkan modul"]]>
              </value>
            </param>
            <param index="1">
              <value>
                <![CDATA["TSMP003 Admin tambah modul"]]>
              </value>
            </param>
          </params>
          <reporter-output>
          </reporter-output>
        </test-method> <!-- runScenario -->
        <test-method signature="runScenario(io.cucumber.testng.PickleWrapper,io.cucumber.testng.FeatureWrapper)[pri:0, instance:com.sqa.psikotes.framework.runner.TestRunner@2767e23c]" started-at="2022-10-05T13:22:05 WIB" name="runScenario" description="Runs Cucumber Scenarios" data-provider="scenarios" finished-at="2022-10-05T13:22:24 WIB" duration-ms="19482" status="PASS">
          <params>
            <param index="0">
              <value>
                <![CDATA["TSMP003 Admin ingin menambahkan modul"]]>
              </value>
            </param>
            <param index="1">
              <value>
                <![CDATA["TSMP003 Admin tambah modul"]]>
              </value>
            </param>
          </params>
          <reporter-output>
          </reporter-output>
        </test-method> <!-- runScenario -->
        <test-method signature="runScenario(io.cucumber.testng.PickleWrapper,io.cucumber.testng.FeatureWrapper)[pri:0, instance:com.sqa.psikotes.framework.runner.TestRunner@2767e23c]" started-at="2022-10-05T13:22:24 WIB" name="runScenario" description="Runs Cucumber Scenarios" data-provider="scenarios" finished-at="2022-10-05T13:22:44 WIB" duration-ms="19526" status="PASS">
          <params>
            <param index="0">
              <value>
                <![CDATA["TSMP003 Admin ingin menambahkan modul"]]>
              </value>
            </param>
            <param index="1">
              <value>
                <![CDATA["TSMP003 Admin tambah modul"]]>
              </value>
            </param>
          </params>
          <reporter-output>
          </reporter-output>
        </test-method> <!-- runScenario -->
        <test-method signature="runScenario(io.cucumber.testng.PickleWrapper,io.cucumber.testng.FeatureWrapper)[pri:0, instance:com.sqa.psikotes.framework.runner.TestRunner@2767e23c]" started-at="2022-10-05T13:22:44 WIB" name="runScenario" description="Runs Cucumber Scenarios" data-provider="scenarios" finished-at="2022-10-05T13:23:03 WIB" duration-ms="19593" status="PASS">
          <params>
            <param index="0">
              <value>
                <![CDATA["TSMP003 Admin ingin menambahkan modul"]]>
              </value>
            </param>
            <param index="1">
              <value>
                <![CDATA["TSMP003 Admin tambah modul"]]>
              </value>
            </param>
          </params>
          <reporter-output>
          </reporter-output>
        </test-method> <!-- runScenario -->
        <test-method signature="runScenario(io.cucumber.testng.PickleWrapper,io.cucumber.testng.FeatureWrapper)[pri:0, instance:com.sqa.psikotes.framework.runner.TestRunner@2767e23c]" started-at="2022-10-05T13:23:03 WIB" name="runScenario" description="Runs Cucumber Scenarios" data-provider="scenarios" finished-at="2022-10-05T13:23:23 WIB" duration-ms="19458" status="PASS">
          <params>
            <param index="0">
              <value>
                <![CDATA["TSMP003 Admin ingin menambahkan modul"]]>
              </value>
            </param>
            <param index="1">
              <value>
                <![CDATA["TSMP003 Admin tambah modul"]]>
              </value>
            </param>
          </params>
          <reporter-output>
          </reporter-output>
        </test-method> <!-- runScenario -->
        <test-method signature="runScenario(io.cucumber.testng.PickleWrapper,io.cucumber.testng.FeatureWrapper)[pri:0, instance:com.sqa.psikotes.framework.runner.TestRunner@2767e23c]" started-at="2022-10-05T13:23:23 WIB" name="runScenario" description="Runs Cucumber Scenarios" data-provider="scenarios" finished-at="2022-10-05T13:23:42 WIB" duration-ms="19530" status="PASS">
          <params>
            <param index="0">
              <value>
                <![CDATA["TSMP003 Admin ingin menambahkan modul"]]>
              </value>
            </param>
            <param index="1">
              <value>
                <![CDATA["TSMP003 Admin tambah modul"]]>
              </value>
            </param>
          </params>
          <reporter-output>
          </reporter-output>
        </test-method> <!-- runScenario -->
        <test-method signature="runScenario(io.cucumber.testng.PickleWrapper,io.cucumber.testng.FeatureWrapper)[pri:0, instance:com.sqa.psikotes.framework.runner.TestRunner@2767e23c]" started-at="2022-10-05T13:23:42 WIB" name="runScenario" description="Runs Cucumber Scenarios" data-provider="scenarios" finished-at="2022-10-05T13:24:02 WIB" duration-ms="19548" status="PASS">
          <params>
            <param index="0">
              <value>
                <![CDATA["TSMP003 Admin ingin menambahkan modul"]]>
              </value>
            </param>
            <param index="1">
              <value>
                <![CDATA["TSMP003 Admin tambah modul"]]>
              </value>
            </param>
          </params>
          <reporter-output>
          </reporter-output>
        </test-method> <!-- runScenario -->
        <test-method signature="runScenario(io.cucumber.testng.PickleWrapper,io.cucumber.testng.FeatureWrapper)[pri:0, instance:com.sqa.psikotes.framework.runner.TestRunner@2767e23c]" started-at="2022-10-05T13:24:02 WIB" name="runScenario" description="Runs Cucumber Scenarios" data-provider="scenarios" finished-at="2022-10-05T13:24:08 WIB" duration-ms="6579" status="PASS">
          <params>
            <param index="0">
              <value>
                <![CDATA["TSMP004001 Admin menampilkan10 data modul pada page ke1"]]>
              </value>
            </param>
            <param index="1">
              <value>
                <![CDATA["TSMP004 Admin cari data nama modul"]]>
              </value>
            </param>
          </params>
          <reporter-output>
          </reporter-output>
        </test-method> <!-- runScenario -->
        <test-method signature="runScenario(io.cucumber.testng.PickleWrapper,io.cucumber.testng.FeatureWrapper)[pri:0, instance:com.sqa.psikotes.framework.runner.TestRunner@2767e23c]" started-at="2022-10-05T13:24:08 WIB" name="runScenario" description="Runs Cucumber Scenarios" data-provider="scenarios" finished-at="2022-10-05T13:24:15 WIB" duration-ms="6624" status="PASS">
          <params>
            <param index="0">
              <value>
                <![CDATA["TSMP004002 Admin menampilkan10 data modul pada page ke2"]]>
              </value>
            </param>
            <param index="1">
              <value>
                <![CDATA["TSMP004 Admin cari data nama modul"]]>
              </value>
            </param>
          </params>
          <reporter-output>
          </reporter-output>
        </test-method> <!-- runScenario -->
        <test-method signature="runScenario(io.cucumber.testng.PickleWrapper,io.cucumber.testng.FeatureWrapper)[pri:0, instance:com.sqa.psikotes.framework.runner.TestRunner@2767e23c]" started-at="2022-10-05T13:24:15 WIB" name="runScenario" description="Runs Cucumber Scenarios" data-provider="scenarios" finished-at="2022-10-05T13:24:21 WIB" duration-ms="6633" status="PASS">
          <params>
            <param index="0">
              <value>
                <![CDATA["TSMP004003 Admin menampilkan10 data modul pada page ke3"]]>
              </value>
            </param>
            <param index="1">
              <value>
                <![CDATA["TSMP004 Admin cari data nama modul"]]>
              </value>
            </param>
          </params>
          <reporter-output>
          </reporter-output>
        </test-method> <!-- runScenario -->
        <test-method signature="runScenario(io.cucumber.testng.PickleWrapper,io.cucumber.testng.FeatureWrapper)[pri:0, instance:com.sqa.psikotes.framework.runner.TestRunner@2767e23c]" started-at="2022-10-05T13:24:22 WIB" name="runScenario" description="Runs Cucumber Scenarios" data-provider="scenarios" finished-at="2022-10-05T13:24:28 WIB" duration-ms="6577" status="PASS">
          <params>
            <param index="0">
              <value>
                <![CDATA["TSMP004004 Admin menampilkan10 data modul pada page ke4"]]>
              </value>
            </param>
            <param index="1">
              <value>
                <![CDATA["TSMP004 Admin cari data nama modul"]]>
              </value>
            </param>
          </params>
          <reporter-output>
          </reporter-output>
        </test-method> <!-- runScenario -->
        <test-method signature="runScenario(io.cucumber.testng.PickleWrapper,io.cucumber.testng.FeatureWrapper)[pri:0, instance:com.sqa.psikotes.framework.runner.TestRunner@2767e23c]" started-at="2022-10-05T13:24:28 WIB" name="runScenario" description="Runs Cucumber Scenarios" data-provider="scenarios" finished-at="2022-10-05T13:24:35 WIB" duration-ms="6602" status="PASS">
          <params>
            <param index="0">
              <value>
                <![CDATA["TSMP004005 Admin menampilkan10 data modul pada page ke5"]]>
              </value>
            </param>
            <param index="1">
              <value>
                <![CDATA["TSMP004 Admin cari data nama modul"]]>
              </value>
            </param>
          </params>
          <reporter-output>
          </reporter-output>
        </test-method> <!-- runScenario -->
        <test-method signature="runScenario(io.cucumber.testng.PickleWrapper,io.cucumber.testng.FeatureWrapper)[pri:0, instance:com.sqa.psikotes.framework.runner.TestRunner@2767e23c]" started-at="2022-10-05T13:24:35 WIB" name="runScenario" description="Runs Cucumber Scenarios" data-provider="scenarios" finished-at="2022-10-05T13:24:41 WIB" duration-ms="6623" status="PASS">
          <params>
            <param index="0">
              <value>
                <![CDATA["TSMP004006 Admin menampilkan10 data modul pada page paling terakhir"]]>
              </value>
            </param>
            <param index="1">
              <value>
                <![CDATA["TSMP004 Admin cari data nama modul"]]>
              </value>
            </param>
          </params>
          <reporter-output>
          </reporter-output>
        </test-method> <!-- runScenario -->
        <test-method signature="runScenario(io.cucumber.testng.PickleWrapper,io.cucumber.testng.FeatureWrapper)[pri:0, instance:com.sqa.psikotes.framework.runner.TestRunner@2767e23c]" started-at="2022-10-05T13:24:41 WIB" name="runScenario" description="Runs Cucumber Scenarios" data-provider="scenarios" finished-at="2022-10-05T13:24:48 WIB" duration-ms="6572" status="PASS">
          <params>
            <param index="0">
              <value>
                <![CDATA["TSMP004007 Admin menampilkan10 data modul pada page paling awal"]]>
              </value>
            </param>
            <param index="1">
              <value>
                <![CDATA["TSMP004 Admin cari data nama modul"]]>
              </value>
            </param>
          </params>
          <reporter-output>
          </reporter-output>
        </test-method> <!-- runScenario -->
        <test-method signature="runScenario(io.cucumber.testng.PickleWrapper,io.cucumber.testng.FeatureWrapper)[pri:0, instance:com.sqa.psikotes.framework.runner.TestRunner@2767e23c]" started-at="2022-10-05T13:24:48 WIB" name="runScenario" description="Runs Cucumber Scenarios" data-provider="scenarios" finished-at="2022-10-05T13:24:57 WIB" duration-ms="8797" status="PASS">
          <params>
            <param index="0">
              <value>
                <![CDATA["TSMP005001 Admin menampilkan25 data modul pada page ke1"]]>
              </value>
            </param>
            <param index="1">
              <value>
                <![CDATA["TSMP005 Admin lihat25 data Modul Page"]]>
              </value>
            </param>
          </params>
          <reporter-output>
          </reporter-output>
        </test-method> <!-- runScenario -->
        <test-method signature="runScenario(io.cucumber.testng.PickleWrapper,io.cucumber.testng.FeatureWrapper)[pri:0, instance:com.sqa.psikotes.framework.runner.TestRunner@2767e23c]" started-at="2022-10-05T13:24:57 WIB" name="runScenario" description="Runs Cucumber Scenarios" data-provider="scenarios" finished-at="2022-10-05T13:25:05 WIB" duration-ms="8786" status="PASS">
          <params>
            <param index="0">
              <value>
                <![CDATA["TSMP005002 Admin menampilkan25 data modul pada page terakhir"]]>
              </value>
            </param>
            <param index="1">
              <value>
                <![CDATA["TSMP005 Admin lihat25 data Modul Page"]]>
              </value>
            </param>
          </params>
          <reporter-output>
          </reporter-output>
        </test-method> <!-- runScenario -->
        <test-method signature="runScenario(io.cucumber.testng.PickleWrapper,io.cucumber.testng.FeatureWrapper)[pri:0, instance:com.sqa.psikotes.framework.runner.TestRunner@2767e23c]" started-at="2022-10-05T13:25:05 WIB" name="runScenario" description="Runs Cucumber Scenarios" data-provider="scenarios" finished-at="2022-10-05T13:25:14 WIB" duration-ms="8791" status="PASS">
          <params>
            <param index="0">
              <value>
                <![CDATA["TSMP005003 Admin menampilkan25 data modul pada page ke2"]]>
              </value>
            </param>
            <param index="1">
              <value>
                <![CDATA["TSMP005 Admin lihat25 data Modul Page"]]>
              </value>
            </param>
          </params>
          <reporter-output>
          </reporter-output>
        </test-method> <!-- runScenario -->
        <test-method signature="runScenario(io.cucumber.testng.PickleWrapper,io.cucumber.testng.FeatureWrapper)[pri:0, instance:com.sqa.psikotes.framework.runner.TestRunner@2767e23c]" started-at="2022-10-05T13:25:14 WIB" name="runScenario" description="Runs Cucumber Scenarios" data-provider="scenarios" finished-at="2022-10-05T13:25:23 WIB" duration-ms="8787" status="PASS">
          <params>
            <param index="0">
              <value>
                <![CDATA["TSMP005004 Admin menampilkan25 data modul pada page pertama"]]>
              </value>
            </param>
            <param index="1">
              <value>
                <![CDATA["TSMP005 Admin lihat25 data Modul Page"]]>
              </value>
            </param>
          </params>
          <reporter-output>
          </reporter-output>
        </test-method> <!-- runScenario -->
        <test-method signature="runScenario(io.cucumber.testng.PickleWrapper,io.cucumber.testng.FeatureWrapper)[pri:0, instance:com.sqa.psikotes.framework.runner.TestRunner@2767e23c]" started-at="2022-10-05T13:25:23 WIB" name="runScenario" description="Runs Cucumber Scenarios" data-provider="scenarios" finished-at="2022-10-05T13:25:32 WIB" duration-ms="8774" status="PASS">
          <params>
            <param index="0">
              <value>
                <![CDATA["TSMP006001 Admin menampilkan50 data modul"]]>
              </value>
            </param>
            <param index="1">
              <value>
                <![CDATA["TSMP006 Admin lihat50 data Modul Page"]]>
              </value>
            </param>
          </params>
          <reporter-output>
          </reporter-output>
        </test-method> <!-- runScenario -->
        <test-method signature="runScenario(io.cucumber.testng.PickleWrapper,io.cucumber.testng.FeatureWrapper)[pri:0, instance:com.sqa.psikotes.framework.runner.TestRunner@2767e23c]" started-at="2022-10-05T13:25:32 WIB" name="runScenario" description="Runs Cucumber Scenarios" data-provider="scenarios" finished-at="2022-10-05T13:25:38 WIB" duration-ms="6618" status="PASS">
          <params>
            <param index="0">
              <value>
                <![CDATA["TSMP006002 Admin menampilkan50 data modul pada page ke1"]]>
              </value>
            </param>
            <param index="1">
              <value>
                <![CDATA["TSMP006 Admin lihat50 data Modul Page"]]>
              </value>
            </param>
          </params>
          <reporter-output>
          </reporter-output>
        </test-method> <!-- runScenario -->
        <test-method signature="runScenario(io.cucumber.testng.PickleWrapper,io.cucumber.testng.FeatureWrapper)[pri:0, instance:com.sqa.psikotes.framework.runner.TestRunner@2767e23c]" started-at="2022-10-05T13:25:38 WIB" name="runScenario" description="Runs Cucumber Scenarios" data-provider="scenarios" finished-at="2022-10-05T13:25:51 WIB" duration-ms="12884" status="PASS">
          <params>
            <param index="0">
              <value>
                <![CDATA["TSMP007 Admin ingin menghapus modul"]]>
              </value>
            </param>
            <param index="1">
              <value>
                <![CDATA["TSMP007 Admin Hapus modul"]]>
              </value>
            </param>
          </params>
          <reporter-output>
          </reporter-output>
        </test-method> <!-- runScenario -->
        <test-method signature="runScenario(io.cucumber.testng.PickleWrapper,io.cucumber.testng.FeatureWrapper)[pri:0, instance:com.sqa.psikotes.framework.runner.TestRunner@2767e23c]" started-at="2022-10-05T13:25:51 WIB" name="runScenario" description="Runs Cucumber Scenarios" data-provider="scenarios" finished-at="2022-10-05T13:25:59 WIB" duration-ms="7993" status="PASS">
          <params>
            <param index="0">
              <value>
                <![CDATA["TSMP008001 Admin menampilkan100 data modul"]]>
              </value>
            </param>
            <param index="1">
              <value>
                <![CDATA["TSMP008 Admin lihat100 data Modul Page"]]>
              </value>
            </param>
          </params>
          <reporter-output>
          </reporter-output>
        </test-method> <!-- runScenario -->
        <test-method signature="runScenario(io.cucumber.testng.PickleWrapper,io.cucumber.testng.FeatureWrapper)[pri:0, instance:com.sqa.psikotes.framework.runner.TestRunner@2767e23c]" started-at="2022-10-05T13:25:59 WIB" name="runScenario" description="Runs Cucumber Scenarios" data-provider="scenarios" finished-at="2022-10-05T13:26:06 WIB" duration-ms="6855" status="PASS">
          <params>
            <param index="0">
              <value>
                <![CDATA["TSMP008002 Admin menampilkan100 data modul pada page ke1"]]>
              </value>
            </param>
            <param index="1">
              <value>
                <![CDATA["TSMP008 Admin lihat100 data Modul Page"]]>
              </value>
            </param>
          </params>
          <reporter-output>
          </reporter-output>
        </test-method> <!-- runScenario -->
        <test-method signature="runScenario(io.cucumber.testng.PickleWrapper,io.cucumber.testng.FeatureWrapper)[pri:0, instance:com.sqa.psikotes.framework.runner.TestRunner@2767e23c]" started-at="2022-10-05T13:26:06 WIB" name="runScenario" description="Runs Cucumber Scenarios" data-provider="scenarios" finished-at="2022-10-05T13:26:31 WIB" duration-ms="24577" status="PASS">
          <params>
            <param index="0">
              <value>
                <![CDATA["TSMP009 Admin ingin membuat soal pilihan ganda"]]>
              </value>
            </param>
            <param index="1">
              <value>
                <![CDATA["TSMP009 Admin membuat soal pilihan ganda"]]>
              </value>
            </param>
          </params>
          <reporter-output>
          </reporter-output>
        </test-method> <!-- runScenario -->
        <test-method signature="runScenario(io.cucumber.testng.PickleWrapper,io.cucumber.testng.FeatureWrapper)[pri:0, instance:com.sqa.psikotes.framework.runner.TestRunner@2767e23c]" started-at="2022-10-05T13:26:31 WIB" name="runScenario" description="Runs Cucumber Scenarios" data-provider="scenarios" finished-at="2022-10-05T13:26:55 WIB" duration-ms="24285" status="PASS">
          <params>
            <param index="0">
              <value>
                <![CDATA["TSMP009 Admin ingin membuat soal pilihan ganda"]]>
              </value>
            </param>
            <param index="1">
              <value>
                <![CDATA["TSMP009 Admin membuat soal pilihan ganda"]]>
              </value>
            </param>
          </params>
          <reporter-output>
          </reporter-output>
        </test-method> <!-- runScenario -->
        <test-method signature="runScenario(io.cucumber.testng.PickleWrapper,io.cucumber.testng.FeatureWrapper)[pri:0, instance:com.sqa.psikotes.framework.runner.TestRunner@2767e23c]" started-at="2022-10-05T13:26:55 WIB" name="runScenario" description="Runs Cucumber Scenarios" data-provider="scenarios" finished-at="2022-10-05T13:27:20 WIB" duration-ms="25240" status="PASS">
          <params>
            <param index="0">
              <value>
                <![CDATA["TSMP009 Admin ingin membuat soal pilihan ganda"]]>
              </value>
            </param>
            <param index="1">
              <value>
                <![CDATA["TSMP009 Admin membuat soal pilihan ganda"]]>
              </value>
            </param>
          </params>
          <reporter-output>
          </reporter-output>
        </test-method> <!-- runScenario -->
        <test-method signature="runScenario(io.cucumber.testng.PickleWrapper,io.cucumber.testng.FeatureWrapper)[pri:0, instance:com.sqa.psikotes.framework.runner.TestRunner@2767e23c]" started-at="2022-10-05T13:27:20 WIB" name="runScenario" description="Runs Cucumber Scenarios" data-provider="scenarios" finished-at="2022-10-05T13:27:39 WIB" duration-ms="18877" status="PASS">
          <params>
            <param index="0">
              <value>
                <![CDATA["TSMP009 Admin ingin membuat soal pilihan ganda"]]>
              </value>
            </param>
            <param index="1">
              <value>
                <![CDATA["TSMP009 Admin membuat soal pilihan ganda"]]>
              </value>
            </param>
          </params>
          <reporter-output>
          </reporter-output>
        </test-method> <!-- runScenario -->
        <test-method signature="runScenario(io.cucumber.testng.PickleWrapper,io.cucumber.testng.FeatureWrapper)[pri:0, instance:com.sqa.psikotes.framework.runner.TestRunner@2767e23c]" started-at="2022-10-05T13:27:39 WIB" name="runScenario" description="Runs Cucumber Scenarios" data-provider="scenarios" finished-at="2022-10-05T13:28:04 WIB" duration-ms="25147" status="PASS">
          <params>
            <param index="0">
              <value>
                <![CDATA["TSMP009 Admin ingin membuat soal pilihan ganda"]]>
              </value>
            </param>
            <param index="1">
              <value>
                <![CDATA["TSMP009 Admin membuat soal pilihan ganda"]]>
              </value>
            </param>
          </params>
          <reporter-output>
          </reporter-output>
        </test-method> <!-- runScenario -->
        <test-method signature="runScenario(io.cucumber.testng.PickleWrapper,io.cucumber.testng.FeatureWrapper)[pri:0, instance:com.sqa.psikotes.framework.runner.TestRunner@2767e23c]" started-at="2022-10-05T13:28:04 WIB" name="runScenario" description="Runs Cucumber Scenarios" data-provider="scenarios" finished-at="2022-10-05T13:28:23 WIB" duration-ms="19068" status="PASS">
          <params>
            <param index="0">
              <value>
                <![CDATA["TSMP009 Admin ingin membuat soal pilihan ganda"]]>
              </value>
            </param>
            <param index="1">
              <value>
                <![CDATA["TSMP009 Admin membuat soal pilihan ganda"]]>
              </value>
            </param>
          </params>
          <reporter-output>
          </reporter-output>
        </test-method> <!-- runScenario -->
        <test-method signature="runScenario(io.cucumber.testng.PickleWrapper,io.cucumber.testng.FeatureWrapper)[pri:0, instance:com.sqa.psikotes.framework.runner.TestRunner@2767e23c]" started-at="2022-10-05T13:28:23 WIB" name="runScenario" description="Runs Cucumber Scenarios" data-provider="scenarios" finished-at="2022-10-05T13:28:48 WIB" duration-ms="24688" status="PASS">
          <params>
            <param index="0">
              <value>
                <![CDATA["TSMP009 Admin ingin membuat soal pilihan ganda"]]>
              </value>
            </param>
            <param index="1">
              <value>
                <![CDATA["TSMP009 Admin membuat soal pilihan ganda"]]>
              </value>
            </param>
          </params>
          <reporter-output>
          </reporter-output>
        </test-method> <!-- runScenario -->
        <test-method signature="runScenario(io.cucumber.testng.PickleWrapper,io.cucumber.testng.FeatureWrapper)[pri:0, instance:com.sqa.psikotes.framework.runner.TestRunner@2767e23c]" started-at="2022-10-05T13:28:48 WIB" name="runScenario" description="Runs Cucumber Scenarios" data-provider="scenarios" finished-at="2022-10-05T13:29:07 WIB" duration-ms="19099" status="PASS">
          <params>
            <param index="0">
              <value>
                <![CDATA["TSMP009 Admin ingin membuat soal pilihan ganda"]]>
              </value>
            </param>
            <param index="1">
              <value>
                <![CDATA["TSMP009 Admin membuat soal pilihan ganda"]]>
              </value>
            </param>
          </params>
          <reporter-output>
          </reporter-output>
        </test-method> <!-- runScenario -->
        <test-method signature="runScenario(io.cucumber.testng.PickleWrapper,io.cucumber.testng.FeatureWrapper)[pri:0, instance:com.sqa.psikotes.framework.runner.TestRunner@2767e23c]" started-at="2022-10-05T13:29:07 WIB" name="runScenario" description="Runs Cucumber Scenarios" data-provider="scenarios" finished-at="2022-10-05T13:29:32 WIB" duration-ms="24419" status="PASS">
          <params>
            <param index="0">
              <value>
                <![CDATA["TSMP009 Admin ingin membuat soal pilihan ganda"]]>
              </value>
            </param>
            <param index="1">
              <value>
                <![CDATA["TSMP009 Admin membuat soal pilihan ganda"]]>
              </value>
            </param>
          </params>
          <reporter-output>
          </reporter-output>
        </test-method> <!-- runScenario -->
        <test-method signature="runScenario(io.cucumber.testng.PickleWrapper,io.cucumber.testng.FeatureWrapper)[pri:0, instance:com.sqa.psikotes.framework.runner.TestRunner@2767e23c]" started-at="2022-10-05T13:29:32 WIB" name="runScenario" description="Runs Cucumber Scenarios" data-provider="scenarios" finished-at="2022-10-05T13:29:51 WIB" duration-ms="19810" status="PASS">
          <params>
            <param index="0">
              <value>
                <![CDATA["TSMP009 Admin ingin membuat soal pilihan ganda"]]>
              </value>
            </param>
            <param index="1">
              <value>
                <![CDATA["TSMP009 Admin membuat soal pilihan ganda"]]>
              </value>
            </param>
          </params>
          <reporter-output>
          </reporter-output>
        </test-method> <!-- runScenario -->
        <test-method signature="runScenario(io.cucumber.testng.PickleWrapper,io.cucumber.testng.FeatureWrapper)[pri:0, instance:com.sqa.psikotes.framework.runner.TestRunner@2767e23c]" started-at="2022-10-05T13:29:51 WIB" name="runScenario" description="Runs Cucumber Scenarios" data-provider="scenarios" finished-at="2022-10-05T13:30:15 WIB" duration-ms="23875" status="PASS">
          <params>
            <param index="0">
              <value>
                <![CDATA["TSMP009 Admin ingin membuat soal pilihan ganda"]]>
              </value>
            </param>
            <param index="1">
              <value>
                <![CDATA["TSMP009 Admin membuat soal pilihan ganda"]]>
              </value>
            </param>
          </params>
          <reporter-output>
          </reporter-output>
        </test-method> <!-- runScenario -->
        <test-method signature="runScenario(io.cucumber.testng.PickleWrapper,io.cucumber.testng.FeatureWrapper)[pri:0, instance:com.sqa.psikotes.framework.runner.TestRunner@2767e23c]" started-at="2022-10-05T13:30:15 WIB" name="runScenario" description="Runs Cucumber Scenarios" data-provider="scenarios" finished-at="2022-10-05T13:30:34 WIB" duration-ms="19105" status="PASS">
          <params>
            <param index="0">
              <value>
                <![CDATA["TSMP009 Admin ingin membuat soal pilihan ganda"]]>
              </value>
            </param>
            <param index="1">
              <value>
                <![CDATA["TSMP009 Admin membuat soal pilihan ganda"]]>
              </value>
            </param>
          </params>
          <reporter-output>
          </reporter-output>
        </test-method> <!-- runScenario -->
        <test-method signature="runScenario(io.cucumber.testng.PickleWrapper,io.cucumber.testng.FeatureWrapper)[pri:0, instance:com.sqa.psikotes.framework.runner.TestRunner@2767e23c]" started-at="2022-10-05T13:30:34 WIB" name="runScenario" description="Runs Cucumber Scenarios" data-provider="scenarios" finished-at="2022-10-05T13:30:52 WIB" duration-ms="17494" status="PASS">
          <params>
            <param index="0">
              <value>
                <![CDATA["TSMP010 Admin ingin membuat soal Esai Free Text"]]>
              </value>
            </param>
            <param index="1">
              <value>
                <![CDATA["TSMP010 Admin membuat soal Esai Free Text"]]>
              </value>
            </param>
          </params>
          <reporter-output>
          </reporter-output>
        </test-method> <!-- runScenario -->
        <test-method signature="runScenario(io.cucumber.testng.PickleWrapper,io.cucumber.testng.FeatureWrapper)[pri:0, instance:com.sqa.psikotes.framework.runner.TestRunner@2767e23c]" started-at="2022-10-05T13:30:52 WIB" name="runScenario" description="Runs Cucumber Scenarios" data-provider="scenarios" finished-at="2022-10-05T13:31:09 WIB" duration-ms="17556" status="PASS">
          <params>
            <param index="0">
              <value>
                <![CDATA["TSMP010 Admin ingin membuat soal Esai Free Text"]]>
              </value>
            </param>
            <param index="1">
              <value>
                <![CDATA["TSMP010 Admin membuat soal Esai Free Text"]]>
              </value>
            </param>
          </params>
          <reporter-output>
          </reporter-output>
        </test-method> <!-- runScenario -->
        <test-method signature="runScenario(io.cucumber.testng.PickleWrapper,io.cucumber.testng.FeatureWrapper)[pri:0, instance:com.sqa.psikotes.framework.runner.TestRunner@2767e23c]" started-at="2022-10-05T13:31:09 WIB" name="runScenario" description="Runs Cucumber Scenarios" data-provider="scenarios" finished-at="2022-10-05T13:31:27 WIB" duration-ms="17497" status="PASS">
          <params>
            <param index="0">
              <value>
                <![CDATA["TSMP010 Admin ingin membuat soal Esai Free Text"]]>
              </value>
            </param>
            <param index="1">
              <value>
                <![CDATA["TSMP010 Admin membuat soal Esai Free Text"]]>
              </value>
            </param>
          </params>
          <reporter-output>
          </reporter-output>
        </test-method> <!-- runScenario -->
        <test-method signature="runScenario(io.cucumber.testng.PickleWrapper,io.cucumber.testng.FeatureWrapper)[pri:0, instance:com.sqa.psikotes.framework.runner.TestRunner@2767e23c]" started-at="2022-10-05T13:31:27 WIB" name="runScenario" description="Runs Cucumber Scenarios" data-provider="scenarios" finished-at="2022-10-05T13:31:39 WIB" duration-ms="12347" status="PASS">
          <params>
            <param index="0">
              <value>
                <![CDATA["TSMP010 Admin ingin membuat soal Esai Free Text"]]>
              </value>
            </param>
            <param index="1">
              <value>
                <![CDATA["TSMP010 Admin membuat soal Esai Free Text"]]>
              </value>
            </param>
          </params>
          <reporter-output>
          </reporter-output>
        </test-method> <!-- runScenario -->
        <test-method signature="runScenario(io.cucumber.testng.PickleWrapper,io.cucumber.testng.FeatureWrapper)[pri:0, instance:com.sqa.psikotes.framework.runner.TestRunner@2767e23c]" started-at="2022-10-05T13:31:39 WIB" name="runScenario" description="Runs Cucumber Scenarios" data-provider="scenarios" finished-at="2022-10-05T13:31:57 WIB" duration-ms="17721" status="PASS">
          <params>
            <param index="0">
              <value>
                <![CDATA["TSMP011 Admin ingin membuat soal Enum"]]>
              </value>
            </param>
            <param index="1">
              <value>
                <![CDATA["TSMP011 Admin membuat soal Enum (Ya/Tidak)"]]>
              </value>
            </param>
          </params>
          <reporter-output>
          </reporter-output>
        </test-method> <!-- runScenario -->
        <test-method signature="runScenario(io.cucumber.testng.PickleWrapper,io.cucumber.testng.FeatureWrapper)[pri:0, instance:com.sqa.psikotes.framework.runner.TestRunner@2767e23c]" started-at="2022-10-05T13:31:57 WIB" name="runScenario" description="Runs Cucumber Scenarios" data-provider="scenarios" finished-at="2022-10-05T13:32:15 WIB" duration-ms="17987" status="PASS">
          <params>
            <param index="0">
              <value>
                <![CDATA["TSMP011 Admin ingin membuat soal Enum"]]>
              </value>
            </param>
            <param index="1">
              <value>
                <![CDATA["TSMP011 Admin membuat soal Enum (Ya/Tidak)"]]>
              </value>
            </param>
          </params>
          <reporter-output>
          </reporter-output>
        </test-method> <!-- runScenario -->
        <test-method signature="runScenario(io.cucumber.testng.PickleWrapper,io.cucumber.testng.FeatureWrapper)[pri:0, instance:com.sqa.psikotes.framework.runner.TestRunner@2767e23c]" started-at="2022-10-05T13:32:15 WIB" name="runScenario" description="Runs Cucumber Scenarios" data-provider="scenarios" finished-at="2022-10-05T13:32:33 WIB" duration-ms="17841" status="PASS">
          <params>
            <param index="0">
              <value>
                <![CDATA["TSMP011 Admin ingin membuat soal Enum"]]>
              </value>
            </param>
            <param index="1">
              <value>
                <![CDATA["TSMP011 Admin membuat soal Enum (Ya/Tidak)"]]>
              </value>
            </param>
          </params>
          <reporter-output>
          </reporter-output>
        </test-method> <!-- runScenario -->
        <test-method signature="runScenario(io.cucumber.testng.PickleWrapper,io.cucumber.testng.FeatureWrapper)[pri:0, instance:com.sqa.psikotes.framework.runner.TestRunner@2767e23c]" started-at="2022-10-05T13:32:33 WIB" name="runScenario" description="Runs Cucumber Scenarios" data-provider="scenarios" finished-at="2022-10-05T13:32:45 WIB" duration-ms="12289" status="PASS">
          <params>
            <param index="0">
              <value>
                <![CDATA["TSMP011 Admin ingin membuat soal Enum"]]>
              </value>
            </param>
            <param index="1">
              <value>
                <![CDATA["TSMP011 Admin membuat soal Enum (Ya/Tidak)"]]>
              </value>
            </param>
          </params>
          <reporter-output>
          </reporter-output>
        </test-method> <!-- runScenario -->
        <test-method signature="runScenario(io.cucumber.testng.PickleWrapper,io.cucumber.testng.FeatureWrapper)[pri:0, instance:com.sqa.psikotes.framework.runner.TestRunner@2767e23c]" started-at="2022-10-05T13:32:45 WIB" name="runScenario" description="Runs Cucumber Scenarios" data-provider="scenarios" finished-at="2022-10-05T13:33:02 WIB" duration-ms="17329" status="PASS">
          <params>
            <param index="0">
              <value>
                <![CDATA["TSMP011 Admin ingin membuat soal Enum"]]>
              </value>
            </param>
            <param index="1">
              <value>
                <![CDATA["TSMP011 Admin membuat soal Enum (Ya/Tidak)"]]>
              </value>
            </param>
          </params>
          <reporter-output>
          </reporter-output>
        </test-method> <!-- runScenario -->
        <test-method signature="runScenario(io.cucumber.testng.PickleWrapper,io.cucumber.testng.FeatureWrapper)[pri:0, instance:com.sqa.psikotes.framework.runner.TestRunner@2767e23c]" started-at="2022-10-05T13:33:02 WIB" name="runScenario" description="Runs Cucumber Scenarios" data-provider="scenarios" finished-at="2022-10-05T13:33:21 WIB" duration-ms="18183" status="PASS">
          <params>
            <param index="0">
              <value>
                <![CDATA["TSMP011 Admin ingin membuat soal Enum"]]>
              </value>
            </param>
            <param index="1">
              <value>
                <![CDATA["TSMP011 Admin membuat soal Enum (Ya/Tidak)"]]>
              </value>
            </param>
          </params>
          <reporter-output>
          </reporter-output>
        </test-method> <!-- runScenario -->
        <test-method signature="runScenario(io.cucumber.testng.PickleWrapper,io.cucumber.testng.FeatureWrapper)[pri:0, instance:com.sqa.psikotes.framework.runner.TestRunner@2767e23c]" started-at="2022-10-05T13:33:21 WIB" name="runScenario" description="Runs Cucumber Scenarios" data-provider="scenarios" finished-at="2022-10-05T13:33:39 WIB" duration-ms="18038" status="PASS">
          <params>
            <param index="0">
              <value>
                <![CDATA["TSMP011 Admin ingin membuat soal Enum"]]>
              </value>
            </param>
            <param index="1">
              <value>
                <![CDATA["TSMP011 Admin membuat soal Enum (Ya/Tidak)"]]>
              </value>
            </param>
          </params>
          <reporter-output>
          </reporter-output>
        </test-method> <!-- runScenario -->
        <test-method signature="runScenario(io.cucumber.testng.PickleWrapper,io.cucumber.testng.FeatureWrapper)[pri:0, instance:com.sqa.psikotes.framework.runner.TestRunner@2767e23c]" started-at="2022-10-05T13:33:39 WIB" name="runScenario" description="Runs Cucumber Scenarios" data-provider="scenarios" finished-at="2022-10-05T13:33:51 WIB" duration-ms="12259" status="PASS">
          <params>
            <param index="0">
              <value>
                <![CDATA["TSMP011 Admin ingin membuat soal Enum"]]>
              </value>
            </param>
            <param index="1">
              <value>
                <![CDATA["TSMP011 Admin membuat soal Enum (Ya/Tidak)"]]>
              </value>
            </param>
          </params>
          <reporter-output>
          </reporter-output>
        </test-method> <!-- runScenario -->
        <test-method signature="runScenario(io.cucumber.testng.PickleWrapper,io.cucumber.testng.FeatureWrapper)[pri:0, instance:com.sqa.psikotes.framework.runner.TestRunner@2767e23c]" started-at="2022-10-05T13:33:51 WIB" name="runScenario" description="Runs Cucumber Scenarios" data-provider="scenarios" finished-at="2022-10-05T13:34:10 WIB" duration-ms="19477" status="PASS">
          <params>
            <param index="0">
              <value>
                <![CDATA["TSMP012 Admin ingin membuat soal Esai Length"]]>
              </value>
            </param>
            <param index="1">
              <value>
                <![CDATA["TSMP012 Admin membuat soal Esai Length"]]>
              </value>
            </param>
          </params>
          <reporter-output>
          </reporter-output>
        </test-method> <!-- runScenario -->
        <test-method signature="runScenario(io.cucumber.testng.PickleWrapper,io.cucumber.testng.FeatureWrapper)[pri:0, instance:com.sqa.psikotes.framework.runner.TestRunner@2767e23c]" started-at="2022-10-05T13:34:10 WIB" name="runScenario" description="Runs Cucumber Scenarios" data-provider="scenarios" finished-at="2022-10-05T13:34:30 WIB" duration-ms="19941" status="PASS">
          <params>
            <param index="0">
              <value>
                <![CDATA["TSMP012 Admin ingin membuat soal Esai Length"]]>
              </value>
            </param>
            <param index="1">
              <value>
                <![CDATA["TSMP012 Admin membuat soal Esai Length"]]>
              </value>
            </param>
          </params>
          <reporter-output>
          </reporter-output>
        </test-method> <!-- runScenario -->
        <test-method signature="runScenario(io.cucumber.testng.PickleWrapper,io.cucumber.testng.FeatureWrapper)[pri:0, instance:com.sqa.psikotes.framework.runner.TestRunner@2767e23c]" started-at="2022-10-05T13:34:30 WIB" name="runScenario" description="Runs Cucumber Scenarios" data-provider="scenarios" finished-at="2022-10-05T13:34:50 WIB" duration-ms="20125" status="PASS">
          <params>
            <param index="0">
              <value>
                <![CDATA["TSMP012 Admin ingin membuat soal Esai Length"]]>
              </value>
            </param>
            <param index="1">
              <value>
                <![CDATA["TSMP012 Admin membuat soal Esai Length"]]>
              </value>
            </param>
          </params>
          <reporter-output>
          </reporter-output>
        </test-method> <!-- runScenario -->
        <test-method signature="runScenario(io.cucumber.testng.PickleWrapper,io.cucumber.testng.FeatureWrapper)[pri:0, instance:com.sqa.psikotes.framework.runner.TestRunner@2767e23c]" started-at="2022-10-05T13:34:50 WIB" name="runScenario" description="Runs Cucumber Scenarios" data-provider="scenarios" finished-at="2022-10-05T13:35:05 WIB" duration-ms="14672" status="PASS">
          <params>
            <param index="0">
              <value>
                <![CDATA["TSMP012 Admin ingin membuat soal Esai Length"]]>
              </value>
            </param>
            <param index="1">
              <value>
                <![CDATA["TSMP012 Admin membuat soal Esai Length"]]>
              </value>
            </param>
          </params>
          <reporter-output>
          </reporter-output>
        </test-method> <!-- runScenario -->
        <test-method signature="runScenario(io.cucumber.testng.PickleWrapper,io.cucumber.testng.FeatureWrapper)[pri:0, instance:com.sqa.psikotes.framework.runner.TestRunner@2767e23c]" started-at="2022-10-05T13:35:05 WIB" name="runScenario" description="Runs Cucumber Scenarios" data-provider="scenarios" finished-at="2022-10-05T13:35:25 WIB" duration-ms="20166" status="PASS">
          <params>
            <param index="0">
              <value>
                <![CDATA["TSMP012 Admin ingin membuat soal Esai Length"]]>
              </value>
            </param>
            <param index="1">
              <value>
                <![CDATA["TSMP012 Admin membuat soal Esai Length"]]>
              </value>
            </param>
          </params>
          <reporter-output>
          </reporter-output>
        </test-method> <!-- runScenario -->
        <test-method signature="runScenario(io.cucumber.testng.PickleWrapper,io.cucumber.testng.FeatureWrapper)[pri:0, instance:com.sqa.psikotes.framework.runner.TestRunner@2767e23c]" started-at="2022-10-05T13:35:25 WIB" name="runScenario" description="Runs Cucumber Scenarios" data-provider="scenarios" finished-at="2022-10-05T13:35:40 WIB" duration-ms="14913" status="PASS">
          <params>
            <param index="0">
              <value>
                <![CDATA["TSMP012 Admin ingin membuat soal Esai Length"]]>
              </value>
            </param>
            <param index="1">
              <value>
                <![CDATA["TSMP012 Admin membuat soal Esai Length"]]>
              </value>
            </param>
          </params>
          <reporter-output>
          </reporter-output>
        </test-method> <!-- runScenario -->
        <test-method signature="runScenario(io.cucumber.testng.PickleWrapper,io.cucumber.testng.FeatureWrapper)[pri:0, instance:com.sqa.psikotes.framework.runner.TestRunner@2767e23c]" started-at="2022-10-05T13:35:40 WIB" name="runScenario" description="Runs Cucumber Scenarios" data-provider="scenarios" finished-at="2022-10-05T13:36:00 WIB" duration-ms="19762" status="PASS">
          <params>
            <param index="0">
              <value>
                <![CDATA["TSMP012 Admin ingin membuat soal Esai Length"]]>
              </value>
            </param>
            <param index="1">
              <value>
                <![CDATA["TSMP012 Admin membuat soal Esai Length"]]>
              </value>
            </param>
          </params>
          <reporter-output>
          </reporter-output>
        </test-method> <!-- runScenario -->
        <test-method signature="runScenario(io.cucumber.testng.PickleWrapper,io.cucumber.testng.FeatureWrapper)[pri:0, instance:com.sqa.psikotes.framework.runner.TestRunner@2767e23c]" started-at="2022-10-05T13:36:00 WIB" name="runScenario" description="Runs Cucumber Scenarios" data-provider="scenarios" finished-at="2022-10-05T13:36:14 WIB" duration-ms="14493" status="PASS">
          <params>
            <param index="0">
              <value>
                <![CDATA["TSMP012 Admin ingin membuat soal Esai Length"]]>
              </value>
            </param>
            <param index="1">
              <value>
                <![CDATA["TSMP012 Admin membuat soal Esai Length"]]>
              </value>
            </param>
          </params>
          <reporter-output>
          </reporter-output>
        </test-method> <!-- runScenario -->
        <test-method signature="runScenario(io.cucumber.testng.PickleWrapper,io.cucumber.testng.FeatureWrapper)[pri:0, instance:com.sqa.psikotes.framework.runner.TestRunner@2767e23c]" started-at="2022-10-05T13:36:14 WIB" name="runScenario" description="Runs Cucumber Scenarios" data-provider="scenarios" finished-at="2022-10-05T13:36:35 WIB" duration-ms="20271" status="PASS">
          <params>
            <param index="0">
              <value>
                <![CDATA["TSMP012 Admin ingin membuat soal Esai Length"]]>
              </value>
            </param>
            <param index="1">
              <value>
                <![CDATA["TSMP012 Admin membuat soal Esai Length"]]>
              </value>
            </param>
          </params>
          <reporter-output>
          </reporter-output>
        </test-method> <!-- runScenario -->
        <test-method signature="runScenario(io.cucumber.testng.PickleWrapper,io.cucumber.testng.FeatureWrapper)[pri:0, instance:com.sqa.psikotes.framework.runner.TestRunner@2767e23c]" started-at="2022-10-05T13:36:35 WIB" name="runScenario" description="Runs Cucumber Scenarios" data-provider="scenarios" finished-at="2022-10-05T13:36:49 WIB" duration-ms="14579" status="PASS">
          <params>
            <param index="0">
              <value>
                <![CDATA["TSMP012 Admin ingin membuat soal Esai Length"]]>
              </value>
            </param>
            <param index="1">
              <value>
                <![CDATA["TSMP012 Admin membuat soal Esai Length"]]>
              </value>
            </param>
          </params>
          <reporter-output>
          </reporter-output>
        </test-method> <!-- runScenario -->
        <test-method signature="runScenario(io.cucumber.testng.PickleWrapper,io.cucumber.testng.FeatureWrapper)[pri:0, instance:com.sqa.psikotes.framework.runner.TestRunner@2767e23c]" started-at="2022-10-05T13:36:49 WIB" name="runScenario" description="Runs Cucumber Scenarios" data-provider="scenarios" finished-at="2022-10-05T13:37:10 WIB" duration-ms="20412" status="PASS">
          <params>
            <param index="0">
              <value>
                <![CDATA["TSMP012 Admin ingin membuat soal Esai Length"]]>
              </value>
            </param>
            <param index="1">
              <value>
                <![CDATA["TSMP012 Admin membuat soal Esai Length"]]>
              </value>
            </param>
          </params>
          <reporter-output>
          </reporter-output>
        </test-method> <!-- runScenario -->
        <test-method signature="runScenario(io.cucumber.testng.PickleWrapper,io.cucumber.testng.FeatureWrapper)[pri:0, instance:com.sqa.psikotes.framework.runner.TestRunner@2767e23c]" started-at="2022-10-05T13:37:10 WIB" name="runScenario" description="Runs Cucumber Scenarios" data-provider="scenarios" finished-at="2022-10-05T13:37:24 WIB" duration-ms="14591" status="PASS">
          <params>
            <param index="0">
              <value>
                <![CDATA["TSMP012 Admin ingin membuat soal Esai Length"]]>
              </value>
            </param>
            <param index="1">
              <value>
                <![CDATA["TSMP012 Admin membuat soal Esai Length"]]>
              </value>
            </param>
          </params>
          <reporter-output>
          </reporter-output>
        </test-method> <!-- runScenario -->
        <test-method signature="runScenario(io.cucumber.testng.PickleWrapper,io.cucumber.testng.FeatureWrapper)[pri:0, instance:com.sqa.psikotes.framework.runner.TestRunner@2767e23c]" started-at="2022-10-05T13:37:24 WIB" name="runScenario" description="Runs Cucumber Scenarios" data-provider="scenarios" finished-at="2022-10-05T13:37:45 WIB" duration-ms="20454" status="PASS">
          <params>
            <param index="0">
              <value>
                <![CDATA["TSMP012 Admin ingin membuat soal Esai Length"]]>
              </value>
            </param>
            <param index="1">
              <value>
                <![CDATA["TSMP012 Admin membuat soal Esai Length"]]>
              </value>
            </param>
          </params>
          <reporter-output>
          </reporter-output>
        </test-method> <!-- runScenario -->
        <test-method signature="runScenario(io.cucumber.testng.PickleWrapper,io.cucumber.testng.FeatureWrapper)[pri:0, instance:com.sqa.psikotes.framework.runner.TestRunner@2767e23c]" started-at="2022-10-05T13:37:45 WIB" name="runScenario" description="Runs Cucumber Scenarios" data-provider="scenarios" finished-at="2022-10-05T13:37:59 WIB" duration-ms="14411" status="PASS">
          <params>
            <param index="0">
              <value>
                <![CDATA["TSMP012 Admin ingin membuat soal Esai Length"]]>
              </value>
            </param>
            <param index="1">
              <value>
                <![CDATA["TSMP012 Admin membuat soal Esai Length"]]>
              </value>
            </param>
          </params>
          <reporter-output>
          </reporter-output>
        </test-method> <!-- runScenario -->
        <test-method signature="runScenario(io.cucumber.testng.PickleWrapper,io.cucumber.testng.FeatureWrapper)[pri:0, instance:com.sqa.psikotes.framework.runner.TestRunner@2767e23c]" started-at="2022-10-05T13:37:59 WIB" name="runScenario" description="Runs Cucumber Scenarios" data-provider="scenarios" finished-at="2022-10-05T13:38:19 WIB" duration-ms="20104" status="PASS">
          <params>
            <param index="0">
              <value>
                <![CDATA["TSMP012 Admin ingin membuat soal Esai Length"]]>
              </value>
            </param>
            <param index="1">
              <value>
                <![CDATA["TSMP012 Admin membuat soal Esai Length"]]>
              </value>
            </param>
          </params>
          <reporter-output>
          </reporter-output>
        </test-method> <!-- runScenario -->
        <test-method signature="runScenario(io.cucumber.testng.PickleWrapper,io.cucumber.testng.FeatureWrapper)[pri:0, instance:com.sqa.psikotes.framework.runner.TestRunner@2767e23c]" started-at="2022-10-05T13:38:19 WIB" name="runScenario" description="Runs Cucumber Scenarios" data-provider="scenarios" finished-at="2022-10-05T13:38:34 WIB" duration-ms="14357" status="PASS">
          <params>
            <param index="0">
              <value>
                <![CDATA["TSMP012 Admin ingin membuat soal Esai Length"]]>
              </value>
            </param>
            <param index="1">
              <value>
                <![CDATA["TSMP012 Admin membuat soal Esai Length"]]>
              </value>
            </param>
          </params>
          <reporter-output>
          </reporter-output>
        </test-method> <!-- runScenario -->
        <test-method signature="runScenario(io.cucumber.testng.PickleWrapper,io.cucumber.testng.FeatureWrapper)[pri:0, instance:com.sqa.psikotes.framework.runner.TestRunner@2767e23c]" started-at="2022-10-05T13:38:34 WIB" name="runScenario" description="Runs Cucumber Scenarios" data-provider="scenarios" finished-at="2022-10-05T13:38:53 WIB" duration-ms="19681" status="PASS">
          <params>
            <param index="0">
              <value>
                <![CDATA["TSMP012 Admin ingin membuat soal Esai Length"]]>
              </value>
            </param>
            <param index="1">
              <value>
                <![CDATA["TSMP012 Admin membuat soal Esai Length"]]>
              </value>
            </param>
          </params>
          <reporter-output>
          </reporter-output>
        </test-method> <!-- runScenario -->
        <test-method signature="runScenario(io.cucumber.testng.PickleWrapper,io.cucumber.testng.FeatureWrapper)[pri:0, instance:com.sqa.psikotes.framework.runner.TestRunner@2767e23c]" started-at="2022-10-05T13:38:53 WIB" name="runScenario" description="Runs Cucumber Scenarios" data-provider="scenarios" finished-at="2022-10-05T13:39:08 WIB" duration-ms="14454" status="PASS">
          <params>
            <param index="0">
              <value>
                <![CDATA["TSMP012 Admin ingin membuat soal Esai Length"]]>
              </value>
            </param>
            <param index="1">
              <value>
                <![CDATA["TSMP012 Admin membuat soal Esai Length"]]>
              </value>
            </param>
          </params>
          <reporter-output>
          </reporter-output>
        </test-method> <!-- runScenario -->
        <test-method signature="runScenario(io.cucumber.testng.PickleWrapper,io.cucumber.testng.FeatureWrapper)[pri:0, instance:com.sqa.psikotes.framework.runner.TestRunner@2767e23c]" started-at="2022-10-05T13:39:08 WIB" name="runScenario" description="Runs Cucumber Scenarios" data-provider="scenarios" finished-at="2022-10-05T13:39:28 WIB" duration-ms="20025" status="PASS">
          <params>
            <param index="0">
              <value>
                <![CDATA["TSMP012 Admin ingin membuat soal Esai Length"]]>
              </value>
            </param>
            <param index="1">
              <value>
                <![CDATA["TSMP012 Admin membuat soal Esai Length"]]>
              </value>
            </param>
          </params>
          <reporter-output>
          </reporter-output>
        </test-method> <!-- runScenario -->
        <test-method signature="runScenario(io.cucumber.testng.PickleWrapper,io.cucumber.testng.FeatureWrapper)[pri:0, instance:com.sqa.psikotes.framework.runner.TestRunner@2767e23c]" started-at="2022-10-05T13:39:28 WIB" name="runScenario" description="Runs Cucumber Scenarios" data-provider="scenarios" finished-at="2022-10-05T13:39:42 WIB" duration-ms="14412" status="PASS">
          <params>
            <param index="0">
              <value>
                <![CDATA["TSMP012 Admin ingin membuat soal Esai Length"]]>
              </value>
            </param>
            <param index="1">
              <value>
                <![CDATA["TSMP012 Admin membuat soal Esai Length"]]>
              </value>
            </param>
          </params>
          <reporter-output>
          </reporter-output>
        </test-method> <!-- runScenario -->
        <test-method signature="runScenario(io.cucumber.testng.PickleWrapper,io.cucumber.testng.FeatureWrapper)[pri:0, instance:com.sqa.psikotes.framework.runner.TestRunner@2767e23c]" started-at="2022-10-05T13:39:42 WIB" name="runScenario" description="Runs Cucumber Scenarios" data-provider="scenarios" finished-at="2022-10-05T13:40:03 WIB" duration-ms="20340" status="PASS">
          <params>
            <param index="0">
              <value>
                <![CDATA["TSMP012 Admin ingin membuat soal Esai Length"]]>
              </value>
            </param>
            <param index="1">
              <value>
                <![CDATA["TSMP012 Admin membuat soal Esai Length"]]>
              </value>
            </param>
          </params>
          <reporter-output>
          </reporter-output>
        </test-method> <!-- runScenario -->
        <test-method signature="runScenario(io.cucumber.testng.PickleWrapper,io.cucumber.testng.FeatureWrapper)[pri:0, instance:com.sqa.psikotes.framework.runner.TestRunner@2767e23c]" started-at="2022-10-05T13:40:03 WIB" name="runScenario" description="Runs Cucumber Scenarios" data-provider="scenarios" finished-at="2022-10-05T13:40:17 WIB" duration-ms="14439" status="PASS">
          <params>
            <param index="0">
              <value>
                <![CDATA["TSMP012 Admin ingin membuat soal Esai Length"]]>
              </value>
            </param>
            <param index="1">
              <value>
                <![CDATA["TSMP012 Admin membuat soal Esai Length"]]>
              </value>
            </param>
          </params>
          <reporter-output>
          </reporter-output>
        </test-method> <!-- runScenario -->
        <test-method is-config="true" signature="tearDownClass()[pri:0, instance:com.sqa.psikotes.framework.runner.TestRunner@2767e23c]" started-at="2022-10-05T13:40:17 WIB" name="tearDownClass" finished-at="2022-10-05T13:40:18 WIB" duration-ms="529" status="PASS">
          <reporter-output>
          </reporter-output>
        </test-method> <!-- tearDownClass -->
      </class> <!-- com.sqa.psikotes.framework.runner.TestRunner -->
    </test> <!-- Default test -->
  </suite> <!-- Default suite -->
</testng-results>
