<?xml version="1.0" encoding="UTF-8"?>
<testng-results ignored="0" total="183" passed="183" failed="0" skipped="0">
  <reporter-output>
  </reporter-output>
  <suite started-at="2022-10-06T13:06:14 WIB" name="Default suite" finished-at="2022-10-06T14:00:20 WIB" duration-ms="3245550">
    <groups>
      <group name="cucumber">
        <method signature="AbstractTestNGCucumberTests.runScenario(io.cucumber.testng.PickleWrapper,io.cucumber.testng.FeatureWrapper)[pri:0, instance:com.sqa.psikotes.framework.runner.TestRunner@2767e23c]" name="runScenario" class="io.cucumber.testng.AbstractTestNGCucumberTests"/>
      </group> <!-- cucumber -->
    </groups>
    <test started-at="2022-10-06T13:06:14 WIB" name="Default test" finished-at="2022-10-06T14:00:20 WIB" duration-ms="3245550">
      <class name="com.sqa.psikotes.framework.runner.TestRunner">
        <test-method is-config="true" signature="setUpClass(org.testng.ITestContext)[pri:0, instance:com.sqa.psikotes.framework.runner.TestRunner@2767e23c]" started-at="2022-10-06T13:06:14 WIB" name="setUpClass" finished-at="2022-10-06T13:06:15 WIB" duration-ms="887" status="PASS">
          <params>
            <param index="0">
              <value>
                <![CDATA[org.testng.TestRunner@15dab177]]>
              </value>
            </param>
          </params>
          <reporter-output>
          </reporter-output>
        </test-method> <!-- setUpClass -->
        <test-method signature="runScenario(io.cucumber.testng.PickleWrapper,io.cucumber.testng.FeatureWrapper)[pri:0, instance:com.sqa.psikotes.framework.runner.TestRunner@2767e23c]" started-at="2022-10-06T13:06:15 WIB" name="runScenario" description="Runs Cucumber Scenarios" data-provider="scenarios" finished-at="2022-10-06T13:06:30 WIB" duration-ms="15469" status="PASS">
          <params>
            <param index="0">
              <value>
                <![CDATA["TSMP001001 Admin buka halaman modul"]]>
              </value>
            </param>
            <param index="1">
              <value>
                <![CDATA["TSMP001 Admin masuk ke halaman modul"]]>
              </value>
            </param>
          </params>
          <reporter-output>
          </reporter-output>
        </test-method> <!-- runScenario -->
        <test-method signature="runScenario(io.cucumber.testng.PickleWrapper,io.cucumber.testng.FeatureWrapper)[pri:0, instance:com.sqa.psikotes.framework.runner.TestRunner@2767e23c]" started-at="2022-10-06T13:06:30 WIB" name="runScenario" description="Runs Cucumber Scenarios" data-provider="scenarios" finished-at="2022-10-06T13:06:39 WIB" duration-ms="9028" status="PASS">
          <params>
            <param index="0">
              <value>
                <![CDATA["TSMP002001 Admin cari data berdasarkan nama modul menggunakan enter pada keyboard"]]>
              </value>
            </param>
            <param index="1">
              <value>
                <![CDATA["TSMP002 Admin cari data nama modul"]]>
              </value>
            </param>
          </params>
          <reporter-output>
          </reporter-output>
        </test-method> <!-- runScenario -->
        <test-method signature="runScenario(io.cucumber.testng.PickleWrapper,io.cucumber.testng.FeatureWrapper)[pri:0, instance:com.sqa.psikotes.framework.runner.TestRunner@2767e23c]" started-at="2022-10-06T13:06:39 WIB" name="runScenario" description="Runs Cucumber Scenarios" data-provider="scenarios" finished-at="2022-10-06T13:06:49 WIB" duration-ms="9197" status="PASS">
          <params>
            <param index="0">
              <value>
                <![CDATA["TSMP002002 Admin cari data berdasarkan nama modul menggunakan button hijau"]]>
              </value>
            </param>
            <param index="1">
              <value>
                <![CDATA["TSMP002 Admin cari data nama modul"]]>
              </value>
            </param>
          </params>
          <reporter-output>
          </reporter-output>
        </test-method> <!-- runScenario -->
        <test-method signature="runScenario(io.cucumber.testng.PickleWrapper,io.cucumber.testng.FeatureWrapper)[pri:0, instance:com.sqa.psikotes.framework.runner.TestRunner@2767e23c]" started-at="2022-10-06T13:06:49 WIB" name="runScenario" description="Runs Cucumber Scenarios" data-provider="scenarios" finished-at="2022-10-06T13:06:58 WIB" duration-ms="9452" status="PASS">
          <params>
            <param index="0">
              <value>
                <![CDATA["TSMP002003 Admin cari data berdasarkan nama modul menggunakan button search"]]>
              </value>
            </param>
            <param index="1">
              <value>
                <![CDATA["TSMP002 Admin cari data nama modul"]]>
              </value>
            </param>
          </params>
          <reporter-output>
          </reporter-output>
        </test-method> <!-- runScenario -->
        <test-method signature="runScenario(io.cucumber.testng.PickleWrapper,io.cucumber.testng.FeatureWrapper)[pri:0, instance:com.sqa.psikotes.framework.runner.TestRunner@2767e23c]" started-at="2022-10-06T13:06:58 WIB" name="runScenario" description="Runs Cucumber Scenarios" data-provider="scenarios" finished-at="2022-10-06T13:07:19 WIB" duration-ms="20802" status="PASS">
          <params>
            <param index="0">
              <value>
                <![CDATA["TSMP003 Admin ingin menambahkan modul"]]>
              </value>
            </param>
            <param index="1">
              <value>
                <![CDATA["TSMP003 Admin tambah modul"]]>
              </value>
            </param>
          </params>
          <reporter-output>
          </reporter-output>
        </test-method> <!-- runScenario -->
        <test-method signature="runScenario(io.cucumber.testng.PickleWrapper,io.cucumber.testng.FeatureWrapper)[pri:0, instance:com.sqa.psikotes.framework.runner.TestRunner@2767e23c]" started-at="2022-10-06T13:07:19 WIB" name="runScenario" description="Runs Cucumber Scenarios" data-provider="scenarios" finished-at="2022-10-06T13:07:40 WIB" duration-ms="21549" status="PASS">
          <params>
            <param index="0">
              <value>
                <![CDATA["TSMP003 Admin ingin menambahkan modul"]]>
              </value>
            </param>
            <param index="1">
              <value>
                <![CDATA["TSMP003 Admin tambah modul"]]>
              </value>
            </param>
          </params>
          <reporter-output>
          </reporter-output>
        </test-method> <!-- runScenario -->
        <test-method signature="runScenario(io.cucumber.testng.PickleWrapper,io.cucumber.testng.FeatureWrapper)[pri:0, instance:com.sqa.psikotes.framework.runner.TestRunner@2767e23c]" started-at="2022-10-06T13:07:40 WIB" name="runScenario" description="Runs Cucumber Scenarios" data-provider="scenarios" finished-at="2022-10-06T13:08:01 WIB" duration-ms="20148" status="PASS">
          <params>
            <param index="0">
              <value>
                <![CDATA["TSMP003 Admin ingin menambahkan modul"]]>
              </value>
            </param>
            <param index="1">
              <value>
                <![CDATA["TSMP003 Admin tambah modul"]]>
              </value>
            </param>
          </params>
          <reporter-output>
          </reporter-output>
        </test-method> <!-- runScenario -->
        <test-method signature="runScenario(io.cucumber.testng.PickleWrapper,io.cucumber.testng.FeatureWrapper)[pri:0, instance:com.sqa.psikotes.framework.runner.TestRunner@2767e23c]" started-at="2022-10-06T13:08:01 WIB" name="runScenario" description="Runs Cucumber Scenarios" data-provider="scenarios" finished-at="2022-10-06T13:08:21 WIB" duration-ms="20229" status="PASS">
          <params>
            <param index="0">
              <value>
                <![CDATA["TSMP003 Admin ingin menambahkan modul"]]>
              </value>
            </param>
            <param index="1">
              <value>
                <![CDATA["TSMP003 Admin tambah modul"]]>
              </value>
            </param>
          </params>
          <reporter-output>
          </reporter-output>
        </test-method> <!-- runScenario -->
        <test-method signature="runScenario(io.cucumber.testng.PickleWrapper,io.cucumber.testng.FeatureWrapper)[pri:0, instance:com.sqa.psikotes.framework.runner.TestRunner@2767e23c]" started-at="2022-10-06T13:08:21 WIB" name="runScenario" description="Runs Cucumber Scenarios" data-provider="scenarios" finished-at="2022-10-06T13:08:41 WIB" duration-ms="19896" status="PASS">
          <params>
            <param index="0">
              <value>
                <![CDATA["TSMP003 Admin ingin menambahkan modul"]]>
              </value>
            </param>
            <param index="1">
              <value>
                <![CDATA["TSMP003 Admin tambah modul"]]>
              </value>
            </param>
          </params>
          <reporter-output>
          </reporter-output>
        </test-method> <!-- runScenario -->
        <test-method signature="runScenario(io.cucumber.testng.PickleWrapper,io.cucumber.testng.FeatureWrapper)[pri:0, instance:com.sqa.psikotes.framework.runner.TestRunner@2767e23c]" started-at="2022-10-06T13:08:41 WIB" name="runScenario" description="Runs Cucumber Scenarios" data-provider="scenarios" finished-at="2022-10-06T13:09:01 WIB" duration-ms="19821" status="PASS">
          <params>
            <param index="0">
              <value>
                <![CDATA["TSMP003 Admin ingin menambahkan modul"]]>
              </value>
            </param>
            <param index="1">
              <value>
                <![CDATA["TSMP003 Admin tambah modul"]]>
              </value>
            </param>
          </params>
          <reporter-output>
          </reporter-output>
        </test-method> <!-- runScenario -->
        <test-method signature="runScenario(io.cucumber.testng.PickleWrapper,io.cucumber.testng.FeatureWrapper)[pri:0, instance:com.sqa.psikotes.framework.runner.TestRunner@2767e23c]" started-at="2022-10-06T13:09:01 WIB" name="runScenario" description="Runs Cucumber Scenarios" data-provider="scenarios" finished-at="2022-10-06T13:09:21 WIB" duration-ms="20180" status="PASS">
          <params>
            <param index="0">
              <value>
                <![CDATA["TSMP003 Admin ingin menambahkan modul"]]>
              </value>
            </param>
            <param index="1">
              <value>
                <![CDATA["TSMP003 Admin tambah modul"]]>
              </value>
            </param>
          </params>
          <reporter-output>
          </reporter-output>
        </test-method> <!-- runScenario -->
        <test-method signature="runScenario(io.cucumber.testng.PickleWrapper,io.cucumber.testng.FeatureWrapper)[pri:0, instance:com.sqa.psikotes.framework.runner.TestRunner@2767e23c]" started-at="2022-10-06T13:09:21 WIB" name="runScenario" description="Runs Cucumber Scenarios" data-provider="scenarios" finished-at="2022-10-06T13:09:41 WIB" duration-ms="20329" status="PASS">
          <params>
            <param index="0">
              <value>
                <![CDATA["TSMP003 Admin ingin menambahkan modul"]]>
              </value>
            </param>
            <param index="1">
              <value>
                <![CDATA["TSMP003 Admin tambah modul"]]>
              </value>
            </param>
          </params>
          <reporter-output>
          </reporter-output>
        </test-method> <!-- runScenario -->
        <test-method signature="runScenario(io.cucumber.testng.PickleWrapper,io.cucumber.testng.FeatureWrapper)[pri:0, instance:com.sqa.psikotes.framework.runner.TestRunner@2767e23c]" started-at="2022-10-06T13:09:41 WIB" name="runScenario" description="Runs Cucumber Scenarios" data-provider="scenarios" finished-at="2022-10-06T13:10:01 WIB" duration-ms="19784" status="PASS">
          <params>
            <param index="0">
              <value>
                <![CDATA["TSMP003 Admin ingin menambahkan modul"]]>
              </value>
            </param>
            <param index="1">
              <value>
                <![CDATA["TSMP003 Admin tambah modul"]]>
              </value>
            </param>
          </params>
          <reporter-output>
          </reporter-output>
        </test-method> <!-- runScenario -->
        <test-method signature="runScenario(io.cucumber.testng.PickleWrapper,io.cucumber.testng.FeatureWrapper)[pri:0, instance:com.sqa.psikotes.framework.runner.TestRunner@2767e23c]" started-at="2022-10-06T13:10:01 WIB" name="runScenario" description="Runs Cucumber Scenarios" data-provider="scenarios" finished-at="2022-10-06T13:10:20 WIB" duration-ms="19472" status="PASS">
          <params>
            <param index="0">
              <value>
                <![CDATA["TSMP003 Admin ingin menambahkan modul"]]>
              </value>
            </param>
            <param index="1">
              <value>
                <![CDATA["TSMP003 Admin tambah modul"]]>
              </value>
            </param>
          </params>
          <reporter-output>
          </reporter-output>
        </test-method> <!-- runScenario -->
        <test-method signature="runScenario(io.cucumber.testng.PickleWrapper,io.cucumber.testng.FeatureWrapper)[pri:0, instance:com.sqa.psikotes.framework.runner.TestRunner@2767e23c]" started-at="2022-10-06T13:10:20 WIB" name="runScenario" description="Runs Cucumber Scenarios" data-provider="scenarios" finished-at="2022-10-06T13:10:40 WIB" duration-ms="19497" status="PASS">
          <params>
            <param index="0">
              <value>
                <![CDATA["TSMP003 Admin ingin menambahkan modul"]]>
              </value>
            </param>
            <param index="1">
              <value>
                <![CDATA["TSMP003 Admin tambah modul"]]>
              </value>
            </param>
          </params>
          <reporter-output>
          </reporter-output>
        </test-method> <!-- runScenario -->
        <test-method signature="runScenario(io.cucumber.testng.PickleWrapper,io.cucumber.testng.FeatureWrapper)[pri:0, instance:com.sqa.psikotes.framework.runner.TestRunner@2767e23c]" started-at="2022-10-06T13:10:40 WIB" name="runScenario" description="Runs Cucumber Scenarios" data-provider="scenarios" finished-at="2022-10-06T13:10:59 WIB" duration-ms="19655" status="PASS">
          <params>
            <param index="0">
              <value>
                <![CDATA["TSMP003 Admin ingin menambahkan modul"]]>
              </value>
            </param>
            <param index="1">
              <value>
                <![CDATA["TSMP003 Admin tambah modul"]]>
              </value>
            </param>
          </params>
          <reporter-output>
          </reporter-output>
        </test-method> <!-- runScenario -->
        <test-method signature="runScenario(io.cucumber.testng.PickleWrapper,io.cucumber.testng.FeatureWrapper)[pri:0, instance:com.sqa.psikotes.framework.runner.TestRunner@2767e23c]" started-at="2022-10-06T13:10:59 WIB" name="runScenario" description="Runs Cucumber Scenarios" data-provider="scenarios" finished-at="2022-10-06T13:11:19 WIB" duration-ms="19499" status="PASS">
          <params>
            <param index="0">
              <value>
                <![CDATA["TSMP003 Admin ingin menambahkan modul"]]>
              </value>
            </param>
            <param index="1">
              <value>
                <![CDATA["TSMP003 Admin tambah modul"]]>
              </value>
            </param>
          </params>
          <reporter-output>
          </reporter-output>
        </test-method> <!-- runScenario -->
        <test-method signature="runScenario(io.cucumber.testng.PickleWrapper,io.cucumber.testng.FeatureWrapper)[pri:0, instance:com.sqa.psikotes.framework.runner.TestRunner@2767e23c]" started-at="2022-10-06T13:11:19 WIB" name="runScenario" description="Runs Cucumber Scenarios" data-provider="scenarios" finished-at="2022-10-06T13:11:38 WIB" duration-ms="19479" status="PASS">
          <params>
            <param index="0">
              <value>
                <![CDATA["TSMP003 Admin ingin menambahkan modul"]]>
              </value>
            </param>
            <param index="1">
              <value>
                <![CDATA["TSMP003 Admin tambah modul"]]>
              </value>
            </param>
          </params>
          <reporter-output>
          </reporter-output>
        </test-method> <!-- runScenario -->
        <test-method signature="runScenario(io.cucumber.testng.PickleWrapper,io.cucumber.testng.FeatureWrapper)[pri:0, instance:com.sqa.psikotes.framework.runner.TestRunner@2767e23c]" started-at="2022-10-06T13:11:38 WIB" name="runScenario" description="Runs Cucumber Scenarios" data-provider="scenarios" finished-at="2022-10-06T13:11:58 WIB" duration-ms="19619" status="PASS">
          <params>
            <param index="0">
              <value>
                <![CDATA["TSMP003 Admin ingin menambahkan modul"]]>
              </value>
            </param>
            <param index="1">
              <value>
                <![CDATA["TSMP003 Admin tambah modul"]]>
              </value>
            </param>
          </params>
          <reporter-output>
          </reporter-output>
        </test-method> <!-- runScenario -->
        <test-method signature="runScenario(io.cucumber.testng.PickleWrapper,io.cucumber.testng.FeatureWrapper)[pri:0, instance:com.sqa.psikotes.framework.runner.TestRunner@2767e23c]" started-at="2022-10-06T13:11:58 WIB" name="runScenario" description="Runs Cucumber Scenarios" data-provider="scenarios" finished-at="2022-10-06T13:12:18 WIB" duration-ms="19689" status="PASS">
          <params>
            <param index="0">
              <value>
                <![CDATA["TSMP003 Admin ingin menambahkan modul"]]>
              </value>
            </param>
            <param index="1">
              <value>
                <![CDATA["TSMP003 Admin tambah modul"]]>
              </value>
            </param>
          </params>
          <reporter-output>
          </reporter-output>
        </test-method> <!-- runScenario -->
        <test-method signature="runScenario(io.cucumber.testng.PickleWrapper,io.cucumber.testng.FeatureWrapper)[pri:0, instance:com.sqa.psikotes.framework.runner.TestRunner@2767e23c]" started-at="2022-10-06T13:12:18 WIB" name="runScenario" description="Runs Cucumber Scenarios" data-provider="scenarios" finished-at="2022-10-06T13:12:38 WIB" duration-ms="19744" status="PASS">
          <params>
            <param index="0">
              <value>
                <![CDATA["TSMP003 Admin ingin menambahkan modul"]]>
              </value>
            </param>
            <param index="1">
              <value>
                <![CDATA["TSMP003 Admin tambah modul"]]>
              </value>
            </param>
          </params>
          <reporter-output>
          </reporter-output>
        </test-method> <!-- runScenario -->
        <test-method signature="runScenario(io.cucumber.testng.PickleWrapper,io.cucumber.testng.FeatureWrapper)[pri:0, instance:com.sqa.psikotes.framework.runner.TestRunner@2767e23c]" started-at="2022-10-06T13:12:38 WIB" name="runScenario" description="Runs Cucumber Scenarios" data-provider="scenarios" finished-at="2022-10-06T13:12:57 WIB" duration-ms="19826" status="PASS">
          <params>
            <param index="0">
              <value>
                <![CDATA["TSMP003 Admin ingin menambahkan modul"]]>
              </value>
            </param>
            <param index="1">
              <value>
                <![CDATA["TSMP003 Admin tambah modul"]]>
              </value>
            </param>
          </params>
          <reporter-output>
          </reporter-output>
        </test-method> <!-- runScenario -->
        <test-method signature="runScenario(io.cucumber.testng.PickleWrapper,io.cucumber.testng.FeatureWrapper)[pri:0, instance:com.sqa.psikotes.framework.runner.TestRunner@2767e23c]" started-at="2022-10-06T13:12:57 WIB" name="runScenario" description="Runs Cucumber Scenarios" data-provider="scenarios" finished-at="2022-10-06T13:13:17 WIB" duration-ms="19550" status="PASS">
          <params>
            <param index="0">
              <value>
                <![CDATA["TSMP003 Admin ingin menambahkan modul"]]>
              </value>
            </param>
            <param index="1">
              <value>
                <![CDATA["TSMP003 Admin tambah modul"]]>
              </value>
            </param>
          </params>
          <reporter-output>
          </reporter-output>
        </test-method> <!-- runScenario -->
        <test-method signature="runScenario(io.cucumber.testng.PickleWrapper,io.cucumber.testng.FeatureWrapper)[pri:0, instance:com.sqa.psikotes.framework.runner.TestRunner@2767e23c]" started-at="2022-10-06T13:13:17 WIB" name="runScenario" description="Runs Cucumber Scenarios" data-provider="scenarios" finished-at="2022-10-06T13:13:37 WIB" duration-ms="19607" status="PASS">
          <params>
            <param index="0">
              <value>
                <![CDATA["TSMP003 Admin ingin menambahkan modul"]]>
              </value>
            </param>
            <param index="1">
              <value>
                <![CDATA["TSMP003 Admin tambah modul"]]>
              </value>
            </param>
          </params>
          <reporter-output>
          </reporter-output>
        </test-method> <!-- runScenario -->
        <test-method signature="runScenario(io.cucumber.testng.PickleWrapper,io.cucumber.testng.FeatureWrapper)[pri:0, instance:com.sqa.psikotes.framework.runner.TestRunner@2767e23c]" started-at="2022-10-06T13:13:37 WIB" name="runScenario" description="Runs Cucumber Scenarios" data-provider="scenarios" finished-at="2022-10-06T13:13:43 WIB" duration-ms="6723" status="PASS">
          <params>
            <param index="0">
              <value>
                <![CDATA["TSMP004001 Admin menampilkan10 data modul pada page ke1"]]>
              </value>
            </param>
            <param index="1">
              <value>
                <![CDATA["TSMP004 Admin cari data nama modul"]]>
              </value>
            </param>
          </params>
          <reporter-output>
          </reporter-output>
        </test-method> <!-- runScenario -->
        <test-method signature="runScenario(io.cucumber.testng.PickleWrapper,io.cucumber.testng.FeatureWrapper)[pri:0, instance:com.sqa.psikotes.framework.runner.TestRunner@2767e23c]" started-at="2022-10-06T13:13:43 WIB" name="runScenario" description="Runs Cucumber Scenarios" data-provider="scenarios" finished-at="2022-10-06T13:13:50 WIB" duration-ms="6673" status="PASS">
          <params>
            <param index="0">
              <value>
                <![CDATA["TSMP004002 Admin menampilkan10 data modul pada page ke2"]]>
              </value>
            </param>
            <param index="1">
              <value>
                <![CDATA["TSMP004 Admin cari data nama modul"]]>
              </value>
            </param>
          </params>
          <reporter-output>
          </reporter-output>
        </test-method> <!-- runScenario -->
        <test-method signature="runScenario(io.cucumber.testng.PickleWrapper,io.cucumber.testng.FeatureWrapper)[pri:0, instance:com.sqa.psikotes.framework.runner.TestRunner@2767e23c]" started-at="2022-10-06T13:13:50 WIB" name="runScenario" description="Runs Cucumber Scenarios" data-provider="scenarios" finished-at="2022-10-06T13:13:57 WIB" duration-ms="6637" status="PASS">
          <params>
            <param index="0">
              <value>
                <![CDATA["TSMP004003 Admin menampilkan10 data modul pada page ke3"]]>
              </value>
            </param>
            <param index="1">
              <value>
                <![CDATA["TSMP004 Admin cari data nama modul"]]>
              </value>
            </param>
          </params>
          <reporter-output>
          </reporter-output>
        </test-method> <!-- runScenario -->
        <test-method signature="runScenario(io.cucumber.testng.PickleWrapper,io.cucumber.testng.FeatureWrapper)[pri:0, instance:com.sqa.psikotes.framework.runner.TestRunner@2767e23c]" started-at="2022-10-06T13:13:57 WIB" name="runScenario" description="Runs Cucumber Scenarios" data-provider="scenarios" finished-at="2022-10-06T13:14:03 WIB" duration-ms="6638" status="PASS">
          <params>
            <param index="0">
              <value>
                <![CDATA["TSMP004004 Admin menampilkan10 data modul pada page ke4"]]>
              </value>
            </param>
            <param index="1">
              <value>
                <![CDATA["TSMP004 Admin cari data nama modul"]]>
              </value>
            </param>
          </params>
          <reporter-output>
          </reporter-output>
        </test-method> <!-- runScenario -->
        <test-method signature="runScenario(io.cucumber.testng.PickleWrapper,io.cucumber.testng.FeatureWrapper)[pri:0, instance:com.sqa.psikotes.framework.runner.TestRunner@2767e23c]" started-at="2022-10-06T13:14:03 WIB" name="runScenario" description="Runs Cucumber Scenarios" data-provider="scenarios" finished-at="2022-10-06T13:14:10 WIB" duration-ms="6605" status="PASS">
          <params>
            <param index="0">
              <value>
                <![CDATA["TSMP004005 Admin menampilkan10 data modul pada page ke5"]]>
              </value>
            </param>
            <param index="1">
              <value>
                <![CDATA["TSMP004 Admin cari data nama modul"]]>
              </value>
            </param>
          </params>
          <reporter-output>
          </reporter-output>
        </test-method> <!-- runScenario -->
        <test-method signature="runScenario(io.cucumber.testng.PickleWrapper,io.cucumber.testng.FeatureWrapper)[pri:0, instance:com.sqa.psikotes.framework.runner.TestRunner@2767e23c]" started-at="2022-10-06T13:14:10 WIB" name="runScenario" description="Runs Cucumber Scenarios" data-provider="scenarios" finished-at="2022-10-06T13:14:17 WIB" duration-ms="6743" status="PASS">
          <params>
            <param index="0">
              <value>
                <![CDATA["TSMP004006 Admin menampilkan10 data modul pada page paling terakhir"]]>
              </value>
            </param>
            <param index="1">
              <value>
                <![CDATA["TSMP004 Admin cari data nama modul"]]>
              </value>
            </param>
          </params>
          <reporter-output>
          </reporter-output>
        </test-method> <!-- runScenario -->
        <test-method signature="runScenario(io.cucumber.testng.PickleWrapper,io.cucumber.testng.FeatureWrapper)[pri:0, instance:com.sqa.psikotes.framework.runner.TestRunner@2767e23c]" started-at="2022-10-06T13:14:17 WIB" name="runScenario" description="Runs Cucumber Scenarios" data-provider="scenarios" finished-at="2022-10-06T13:14:23 WIB" duration-ms="6812" status="PASS">
          <params>
            <param index="0">
              <value>
                <![CDATA["TSMP004007 Admin menampilkan10 data modul pada page paling awal"]]>
              </value>
            </param>
            <param index="1">
              <value>
                <![CDATA["TSMP004 Admin cari data nama modul"]]>
              </value>
            </param>
          </params>
          <reporter-output>
          </reporter-output>
        </test-method> <!-- runScenario -->
        <test-method signature="runScenario(io.cucumber.testng.PickleWrapper,io.cucumber.testng.FeatureWrapper)[pri:0, instance:com.sqa.psikotes.framework.runner.TestRunner@2767e23c]" started-at="2022-10-06T13:14:23 WIB" name="runScenario" description="Runs Cucumber Scenarios" data-provider="scenarios" finished-at="2022-10-06T13:14:34 WIB" duration-ms="10862" status="PASS">
          <params>
            <param index="0">
              <value>
                <![CDATA["TSMP005001 Admin menampilkan25 data modul pada page ke1"]]>
              </value>
            </param>
            <param index="1">
              <value>
                <![CDATA["TSMP005 Admin lihat25 data Modul Page"]]>
              </value>
            </param>
          </params>
          <reporter-output>
          </reporter-output>
        </test-method> <!-- runScenario -->
        <test-method signature="runScenario(io.cucumber.testng.PickleWrapper,io.cucumber.testng.FeatureWrapper)[pri:0, instance:com.sqa.psikotes.framework.runner.TestRunner@2767e23c]" started-at="2022-10-06T13:14:34 WIB" name="runScenario" description="Runs Cucumber Scenarios" data-provider="scenarios" finished-at="2022-10-06T13:14:43 WIB" duration-ms="9100" status="PASS">
          <params>
            <param index="0">
              <value>
                <![CDATA["TSMP005002 Admin menampilkan25 data modul pada page terakhir"]]>
              </value>
            </param>
            <param index="1">
              <value>
                <![CDATA["TSMP005 Admin lihat25 data Modul Page"]]>
              </value>
            </param>
          </params>
          <reporter-output>
          </reporter-output>
        </test-method> <!-- runScenario -->
        <test-method signature="runScenario(io.cucumber.testng.PickleWrapper,io.cucumber.testng.FeatureWrapper)[pri:0, instance:com.sqa.psikotes.framework.runner.TestRunner@2767e23c]" started-at="2022-10-06T13:14:43 WIB" name="runScenario" description="Runs Cucumber Scenarios" data-provider="scenarios" finished-at="2022-10-06T13:14:52 WIB" duration-ms="9077" status="PASS">
          <params>
            <param index="0">
              <value>
                <![CDATA["TSMP005003 Admin menampilkan25 data modul pada page ke2"]]>
              </value>
            </param>
            <param index="1">
              <value>
                <![CDATA["TSMP005 Admin lihat25 data Modul Page"]]>
              </value>
            </param>
          </params>
          <reporter-output>
          </reporter-output>
        </test-method> <!-- runScenario -->
        <test-method signature="runScenario(io.cucumber.testng.PickleWrapper,io.cucumber.testng.FeatureWrapper)[pri:0, instance:com.sqa.psikotes.framework.runner.TestRunner@2767e23c]" started-at="2022-10-06T13:14:52 WIB" name="runScenario" description="Runs Cucumber Scenarios" data-provider="scenarios" finished-at="2022-10-06T13:15:01 WIB" duration-ms="8992" status="PASS">
          <params>
            <param index="0">
              <value>
                <![CDATA["TSMP005004 Admin menampilkan25 data modul pada page pertama"]]>
              </value>
            </param>
            <param index="1">
              <value>
                <![CDATA["TSMP005 Admin lihat25 data Modul Page"]]>
              </value>
            </param>
          </params>
          <reporter-output>
          </reporter-output>
        </test-method> <!-- runScenario -->
        <test-method signature="runScenario(io.cucumber.testng.PickleWrapper,io.cucumber.testng.FeatureWrapper)[pri:0, instance:com.sqa.psikotes.framework.runner.TestRunner@2767e23c]" started-at="2022-10-06T13:15:01 WIB" name="runScenario" description="Runs Cucumber Scenarios" data-provider="scenarios" finished-at="2022-10-06T13:15:10 WIB" duration-ms="9002" status="PASS">
          <params>
            <param index="0">
              <value>
                <![CDATA["TSMP006001 Admin menampilkan50 data modul"]]>
              </value>
            </param>
            <param index="1">
              <value>
                <![CDATA["TSMP006 Admin lihat50 data Modul Page"]]>
              </value>
            </param>
          </params>
          <reporter-output>
          </reporter-output>
        </test-method> <!-- runScenario -->
        <test-method signature="runScenario(io.cucumber.testng.PickleWrapper,io.cucumber.testng.FeatureWrapper)[pri:0, instance:com.sqa.psikotes.framework.runner.TestRunner@2767e23c]" started-at="2022-10-06T13:15:10 WIB" name="runScenario" description="Runs Cucumber Scenarios" data-provider="scenarios" finished-at="2022-10-06T13:15:17 WIB" duration-ms="6700" status="PASS">
          <params>
            <param index="0">
              <value>
                <![CDATA["TSMP006002 Admin menampilkan50 data modul pada page ke1"]]>
              </value>
            </param>
            <param index="1">
              <value>
                <![CDATA["TSMP006 Admin lihat50 data Modul Page"]]>
              </value>
            </param>
          </params>
          <reporter-output>
          </reporter-output>
        </test-method> <!-- runScenario -->
        <test-method signature="runScenario(io.cucumber.testng.PickleWrapper,io.cucumber.testng.FeatureWrapper)[pri:0, instance:com.sqa.psikotes.framework.runner.TestRunner@2767e23c]" started-at="2022-10-06T13:15:17 WIB" name="runScenario" description="Runs Cucumber Scenarios" data-provider="scenarios" finished-at="2022-10-06T13:15:30 WIB" duration-ms="13031" status="PASS">
          <params>
            <param index="0">
              <value>
                <![CDATA["TSMP007 Admin ingin menghapus modul"]]>
              </value>
            </param>
            <param index="1">
              <value>
                <![CDATA["TSMP007 Admin Hapus modul"]]>
              </value>
            </param>
          </params>
          <reporter-output>
          </reporter-output>
        </test-method> <!-- runScenario -->
        <test-method signature="runScenario(io.cucumber.testng.PickleWrapper,io.cucumber.testng.FeatureWrapper)[pri:0, instance:com.sqa.psikotes.framework.runner.TestRunner@2767e23c]" started-at="2022-10-06T13:15:30 WIB" name="runScenario" description="Runs Cucumber Scenarios" data-provider="scenarios" finished-at="2022-10-06T13:15:38 WIB" duration-ms="8013" status="PASS">
          <params>
            <param index="0">
              <value>
                <![CDATA["TSMP008001 Admin menampilkan100 data modul"]]>
              </value>
            </param>
            <param index="1">
              <value>
                <![CDATA["TSMP008 Admin lihat100 data Modul Page"]]>
              </value>
            </param>
          </params>
          <reporter-output>
          </reporter-output>
        </test-method> <!-- runScenario -->
        <test-method signature="runScenario(io.cucumber.testng.PickleWrapper,io.cucumber.testng.FeatureWrapper)[pri:0, instance:com.sqa.psikotes.framework.runner.TestRunner@2767e23c]" started-at="2022-10-06T13:15:38 WIB" name="runScenario" description="Runs Cucumber Scenarios" data-provider="scenarios" finished-at="2022-10-06T13:15:45 WIB" duration-ms="6864" status="PASS">
          <params>
            <param index="0">
              <value>
                <![CDATA["TSMP008002 Admin menampilkan100 data modul pada page ke1"]]>
              </value>
            </param>
            <param index="1">
              <value>
                <![CDATA["TSMP008 Admin lihat100 data Modul Page"]]>
              </value>
            </param>
          </params>
          <reporter-output>
          </reporter-output>
        </test-method> <!-- runScenario -->
        <test-method signature="runScenario(io.cucumber.testng.PickleWrapper,io.cucumber.testng.FeatureWrapper)[pri:0, instance:com.sqa.psikotes.framework.runner.TestRunner@2767e23c]" started-at="2022-10-06T13:15:45 WIB" name="runScenario" description="Runs Cucumber Scenarios" data-provider="scenarios" finished-at="2022-10-06T13:16:09 WIB" duration-ms="24191" status="PASS">
          <params>
            <param index="0">
              <value>
                <![CDATA["TSMP009 Admin ingin membuat soal pilihan ganda"]]>
              </value>
            </param>
            <param index="1">
              <value>
                <![CDATA["TSMP009 Admin membuat soal pilihan ganda"]]>
              </value>
            </param>
          </params>
          <reporter-output>
          </reporter-output>
        </test-method> <!-- runScenario -->
        <test-method signature="runScenario(io.cucumber.testng.PickleWrapper,io.cucumber.testng.FeatureWrapper)[pri:0, instance:com.sqa.psikotes.framework.runner.TestRunner@2767e23c]" started-at="2022-10-06T13:16:09 WIB" name="runScenario" description="Runs Cucumber Scenarios" data-provider="scenarios" finished-at="2022-10-06T13:16:34 WIB" duration-ms="24493" status="PASS">
          <params>
            <param index="0">
              <value>
                <![CDATA["TSMP009 Admin ingin membuat soal pilihan ganda"]]>
              </value>
            </param>
            <param index="1">
              <value>
                <![CDATA["TSMP009 Admin membuat soal pilihan ganda"]]>
              </value>
            </param>
          </params>
          <reporter-output>
          </reporter-output>
        </test-method> <!-- runScenario -->
        <test-method signature="runScenario(io.cucumber.testng.PickleWrapper,io.cucumber.testng.FeatureWrapper)[pri:0, instance:com.sqa.psikotes.framework.runner.TestRunner@2767e23c]" started-at="2022-10-06T13:16:34 WIB" name="runScenario" description="Runs Cucumber Scenarios" data-provider="scenarios" finished-at="2022-10-06T13:16:58 WIB" duration-ms="24499" status="PASS">
          <params>
            <param index="0">
              <value>
                <![CDATA["TSMP009 Admin ingin membuat soal pilihan ganda"]]>
              </value>
            </param>
            <param index="1">
              <value>
                <![CDATA["TSMP009 Admin membuat soal pilihan ganda"]]>
              </value>
            </param>
          </params>
          <reporter-output>
          </reporter-output>
        </test-method> <!-- runScenario -->
        <test-method signature="runScenario(io.cucumber.testng.PickleWrapper,io.cucumber.testng.FeatureWrapper)[pri:0, instance:com.sqa.psikotes.framework.runner.TestRunner@2767e23c]" started-at="2022-10-06T13:16:58 WIB" name="runScenario" description="Runs Cucumber Scenarios" data-provider="scenarios" finished-at="2022-10-06T13:17:17 WIB" duration-ms="18929" status="PASS">
          <params>
            <param index="0">
              <value>
                <![CDATA["TSMP009 Admin ingin membuat soal pilihan ganda"]]>
              </value>
            </param>
            <param index="1">
              <value>
                <![CDATA["TSMP009 Admin membuat soal pilihan ganda"]]>
              </value>
            </param>
          </params>
          <reporter-output>
          </reporter-output>
        </test-method> <!-- runScenario -->
        <test-method signature="runScenario(io.cucumber.testng.PickleWrapper,io.cucumber.testng.FeatureWrapper)[pri:0, instance:com.sqa.psikotes.framework.runner.TestRunner@2767e23c]" started-at="2022-10-06T13:17:17 WIB" name="runScenario" description="Runs Cucumber Scenarios" data-provider="scenarios" finished-at="2022-10-06T13:17:42 WIB" duration-ms="24645" status="PASS">
          <params>
            <param index="0">
              <value>
                <![CDATA["TSMP009 Admin ingin membuat soal pilihan ganda"]]>
              </value>
            </param>
            <param index="1">
              <value>
                <![CDATA["TSMP009 Admin membuat soal pilihan ganda"]]>
              </value>
            </param>
          </params>
          <reporter-output>
          </reporter-output>
        </test-method> <!-- runScenario -->
        <test-method signature="runScenario(io.cucumber.testng.PickleWrapper,io.cucumber.testng.FeatureWrapper)[pri:0, instance:com.sqa.psikotes.framework.runner.TestRunner@2767e23c]" started-at="2022-10-06T13:17:42 WIB" name="runScenario" description="Runs Cucumber Scenarios" data-provider="scenarios" finished-at="2022-10-06T13:18:01 WIB" duration-ms="19043" status="PASS">
          <params>
            <param index="0">
              <value>
                <![CDATA["TSMP009 Admin ingin membuat soal pilihan ganda"]]>
              </value>
            </param>
            <param index="1">
              <value>
                <![CDATA["TSMP009 Admin membuat soal pilihan ganda"]]>
              </value>
            </param>
          </params>
          <reporter-output>
          </reporter-output>
        </test-method> <!-- runScenario -->
        <test-method signature="runScenario(io.cucumber.testng.PickleWrapper,io.cucumber.testng.FeatureWrapper)[pri:0, instance:com.sqa.psikotes.framework.runner.TestRunner@2767e23c]" started-at="2022-10-06T13:18:01 WIB" name="runScenario" description="Runs Cucumber Scenarios" data-provider="scenarios" finished-at="2022-10-06T13:18:26 WIB" duration-ms="24904" status="PASS">
          <params>
            <param index="0">
              <value>
                <![CDATA["TSMP009 Admin ingin membuat soal pilihan ganda"]]>
              </value>
            </param>
            <param index="1">
              <value>
                <![CDATA["TSMP009 Admin membuat soal pilihan ganda"]]>
              </value>
            </param>
          </params>
          <reporter-output>
          </reporter-output>
        </test-method> <!-- runScenario -->
        <test-method signature="runScenario(io.cucumber.testng.PickleWrapper,io.cucumber.testng.FeatureWrapper)[pri:0, instance:com.sqa.psikotes.framework.runner.TestRunner@2767e23c]" started-at="2022-10-06T13:18:26 WIB" name="runScenario" description="Runs Cucumber Scenarios" data-provider="scenarios" finished-at="2022-10-06T13:18:45 WIB" duration-ms="18993" status="PASS">
          <params>
            <param index="0">
              <value>
                <![CDATA["TSMP009 Admin ingin membuat soal pilihan ganda"]]>
              </value>
            </param>
            <param index="1">
              <value>
                <![CDATA["TSMP009 Admin membuat soal pilihan ganda"]]>
              </value>
            </param>
          </params>
          <reporter-output>
          </reporter-output>
        </test-method> <!-- runScenario -->
        <test-method signature="runScenario(io.cucumber.testng.PickleWrapper,io.cucumber.testng.FeatureWrapper)[pri:0, instance:com.sqa.psikotes.framework.runner.TestRunner@2767e23c]" started-at="2022-10-06T13:18:45 WIB" name="runScenario" description="Runs Cucumber Scenarios" data-provider="scenarios" finished-at="2022-10-06T13:19:10 WIB" duration-ms="24845" status="PASS">
          <params>
            <param index="0">
              <value>
                <![CDATA["TSMP009 Admin ingin membuat soal pilihan ganda"]]>
              </value>
            </param>
            <param index="1">
              <value>
                <![CDATA["TSMP009 Admin membuat soal pilihan ganda"]]>
              </value>
            </param>
          </params>
          <reporter-output>
          </reporter-output>
        </test-method> <!-- runScenario -->
        <test-method signature="runScenario(io.cucumber.testng.PickleWrapper,io.cucumber.testng.FeatureWrapper)[pri:0, instance:com.sqa.psikotes.framework.runner.TestRunner@2767e23c]" started-at="2022-10-06T13:19:10 WIB" name="runScenario" description="Runs Cucumber Scenarios" data-provider="scenarios" finished-at="2022-10-06T13:19:29 WIB" duration-ms="19531" status="PASS">
          <params>
            <param index="0">
              <value>
                <![CDATA["TSMP009 Admin ingin membuat soal pilihan ganda"]]>
              </value>
            </param>
            <param index="1">
              <value>
                <![CDATA["TSMP009 Admin membuat soal pilihan ganda"]]>
              </value>
            </param>
          </params>
          <reporter-output>
          </reporter-output>
        </test-method> <!-- runScenario -->
        <test-method signature="runScenario(io.cucumber.testng.PickleWrapper,io.cucumber.testng.FeatureWrapper)[pri:0, instance:com.sqa.psikotes.framework.runner.TestRunner@2767e23c]" started-at="2022-10-06T13:19:29 WIB" name="runScenario" description="Runs Cucumber Scenarios" data-provider="scenarios" finished-at="2022-10-06T13:19:53 WIB" duration-ms="24072" status="PASS">
          <params>
            <param index="0">
              <value>
                <![CDATA["TSMP009 Admin ingin membuat soal pilihan ganda"]]>
              </value>
            </param>
            <param index="1">
              <value>
                <![CDATA["TSMP009 Admin membuat soal pilihan ganda"]]>
              </value>
            </param>
          </params>
          <reporter-output>
          </reporter-output>
        </test-method> <!-- runScenario -->
        <test-method signature="runScenario(io.cucumber.testng.PickleWrapper,io.cucumber.testng.FeatureWrapper)[pri:0, instance:com.sqa.psikotes.framework.runner.TestRunner@2767e23c]" started-at="2022-10-06T13:19:53 WIB" name="runScenario" description="Runs Cucumber Scenarios" data-provider="scenarios" finished-at="2022-10-06T13:20:12 WIB" duration-ms="19266" status="PASS">
          <params>
            <param index="0">
              <value>
                <![CDATA["TSMP009 Admin ingin membuat soal pilihan ganda"]]>
              </value>
            </param>
            <param index="1">
              <value>
                <![CDATA["TSMP009 Admin membuat soal pilihan ganda"]]>
              </value>
            </param>
          </params>
          <reporter-output>
          </reporter-output>
        </test-method> <!-- runScenario -->
        <test-method signature="runScenario(io.cucumber.testng.PickleWrapper,io.cucumber.testng.FeatureWrapper)[pri:0, instance:com.sqa.psikotes.framework.runner.TestRunner@2767e23c]" started-at="2022-10-06T13:20:12 WIB" name="runScenario" description="Runs Cucumber Scenarios" data-provider="scenarios" finished-at="2022-10-06T13:20:30 WIB" duration-ms="17530" status="PASS">
          <params>
            <param index="0">
              <value>
                <![CDATA["TSMP010 Admin ingin membuat soal Esai Free Text"]]>
              </value>
            </param>
            <param index="1">
              <value>
                <![CDATA["TSMP010 Admin membuat soal Esai Free Text"]]>
              </value>
            </param>
          </params>
          <reporter-output>
          </reporter-output>
        </test-method> <!-- runScenario -->
        <test-method signature="runScenario(io.cucumber.testng.PickleWrapper,io.cucumber.testng.FeatureWrapper)[pri:0, instance:com.sqa.psikotes.framework.runner.TestRunner@2767e23c]" started-at="2022-10-06T13:20:30 WIB" name="runScenario" description="Runs Cucumber Scenarios" data-provider="scenarios" finished-at="2022-10-06T13:20:48 WIB" duration-ms="18090" status="PASS">
          <params>
            <param index="0">
              <value>
                <![CDATA["TSMP010 Admin ingin membuat soal Esai Free Text"]]>
              </value>
            </param>
            <param index="1">
              <value>
                <![CDATA["TSMP010 Admin membuat soal Esai Free Text"]]>
              </value>
            </param>
          </params>
          <reporter-output>
          </reporter-output>
        </test-method> <!-- runScenario -->
        <test-method signature="runScenario(io.cucumber.testng.PickleWrapper,io.cucumber.testng.FeatureWrapper)[pri:0, instance:com.sqa.psikotes.framework.runner.TestRunner@2767e23c]" started-at="2022-10-06T13:20:48 WIB" name="runScenario" description="Runs Cucumber Scenarios" data-provider="scenarios" finished-at="2022-10-06T13:21:06 WIB" duration-ms="17785" status="PASS">
          <params>
            <param index="0">
              <value>
                <![CDATA["TSMP010 Admin ingin membuat soal Esai Free Text"]]>
              </value>
            </param>
            <param index="1">
              <value>
                <![CDATA["TSMP010 Admin membuat soal Esai Free Text"]]>
              </value>
            </param>
          </params>
          <reporter-output>
          </reporter-output>
        </test-method> <!-- runScenario -->
        <test-method signature="runScenario(io.cucumber.testng.PickleWrapper,io.cucumber.testng.FeatureWrapper)[pri:0, instance:com.sqa.psikotes.framework.runner.TestRunner@2767e23c]" started-at="2022-10-06T13:21:06 WIB" name="runScenario" description="Runs Cucumber Scenarios" data-provider="scenarios" finished-at="2022-10-06T13:21:18 WIB" duration-ms="12501" status="PASS">
          <params>
            <param index="0">
              <value>
                <![CDATA["TSMP010 Admin ingin membuat soal Esai Free Text"]]>
              </value>
            </param>
            <param index="1">
              <value>
                <![CDATA["TSMP010 Admin membuat soal Esai Free Text"]]>
              </value>
            </param>
          </params>
          <reporter-output>
          </reporter-output>
        </test-method> <!-- runScenario -->
        <test-method signature="runScenario(io.cucumber.testng.PickleWrapper,io.cucumber.testng.FeatureWrapper)[pri:0, instance:com.sqa.psikotes.framework.runner.TestRunner@2767e23c]" started-at="2022-10-06T13:21:18 WIB" name="runScenario" description="Runs Cucumber Scenarios" data-provider="scenarios" finished-at="2022-10-06T13:21:36 WIB" duration-ms="18141" status="PASS">
          <params>
            <param index="0">
              <value>
                <![CDATA["TSMP011 Admin ingin membuat soal Enum"]]>
              </value>
            </param>
            <param index="1">
              <value>
                <![CDATA["TSMP011 Admin membuat soal Enum (Ya/Tidak)"]]>
              </value>
            </param>
          </params>
          <reporter-output>
          </reporter-output>
        </test-method> <!-- runScenario -->
        <test-method signature="runScenario(io.cucumber.testng.PickleWrapper,io.cucumber.testng.FeatureWrapper)[pri:0, instance:com.sqa.psikotes.framework.runner.TestRunner@2767e23c]" started-at="2022-10-06T13:21:36 WIB" name="runScenario" description="Runs Cucumber Scenarios" data-provider="scenarios" finished-at="2022-10-06T13:21:54 WIB" duration-ms="17837" status="PASS">
          <params>
            <param index="0">
              <value>
                <![CDATA["TSMP011 Admin ingin membuat soal Enum"]]>
              </value>
            </param>
            <param index="1">
              <value>
                <![CDATA["TSMP011 Admin membuat soal Enum (Ya/Tidak)"]]>
              </value>
            </param>
          </params>
          <reporter-output>
          </reporter-output>
        </test-method> <!-- runScenario -->
        <test-method signature="runScenario(io.cucumber.testng.PickleWrapper,io.cucumber.testng.FeatureWrapper)[pri:0, instance:com.sqa.psikotes.framework.runner.TestRunner@2767e23c]" started-at="2022-10-06T13:21:54 WIB" name="runScenario" description="Runs Cucumber Scenarios" data-provider="scenarios" finished-at="2022-10-06T13:22:12 WIB" duration-ms="17787" status="PASS">
          <params>
            <param index="0">
              <value>
                <![CDATA["TSMP011 Admin ingin membuat soal Enum"]]>
              </value>
            </param>
            <param index="1">
              <value>
                <![CDATA["TSMP011 Admin membuat soal Enum (Ya/Tidak)"]]>
              </value>
            </param>
          </params>
          <reporter-output>
          </reporter-output>
        </test-method> <!-- runScenario -->
        <test-method signature="runScenario(io.cucumber.testng.PickleWrapper,io.cucumber.testng.FeatureWrapper)[pri:0, instance:com.sqa.psikotes.framework.runner.TestRunner@2767e23c]" started-at="2022-10-06T13:22:12 WIB" name="runScenario" description="Runs Cucumber Scenarios" data-provider="scenarios" finished-at="2022-10-06T13:22:25 WIB" duration-ms="13124" status="PASS">
          <params>
            <param index="0">
              <value>
                <![CDATA["TSMP011 Admin ingin membuat soal Enum"]]>
              </value>
            </param>
            <param index="1">
              <value>
                <![CDATA["TSMP011 Admin membuat soal Enum (Ya/Tidak)"]]>
              </value>
            </param>
          </params>
          <reporter-output>
          </reporter-output>
        </test-method> <!-- runScenario -->
        <test-method signature="runScenario(io.cucumber.testng.PickleWrapper,io.cucumber.testng.FeatureWrapper)[pri:0, instance:com.sqa.psikotes.framework.runner.TestRunner@2767e23c]" started-at="2022-10-06T13:22:25 WIB" name="runScenario" description="Runs Cucumber Scenarios" data-provider="scenarios" finished-at="2022-10-06T13:22:43 WIB" duration-ms="17623" status="PASS">
          <params>
            <param index="0">
              <value>
                <![CDATA["TSMP011 Admin ingin membuat soal Enum"]]>
              </value>
            </param>
            <param index="1">
              <value>
                <![CDATA["TSMP011 Admin membuat soal Enum (Ya/Tidak)"]]>
              </value>
            </param>
          </params>
          <reporter-output>
          </reporter-output>
        </test-method> <!-- runScenario -->
        <test-method signature="runScenario(io.cucumber.testng.PickleWrapper,io.cucumber.testng.FeatureWrapper)[pri:0, instance:com.sqa.psikotes.framework.runner.TestRunner@2767e23c]" started-at="2022-10-06T13:22:43 WIB" name="runScenario" description="Runs Cucumber Scenarios" data-provider="scenarios" finished-at="2022-10-06T13:23:01 WIB" duration-ms="17654" status="PASS">
          <params>
            <param index="0">
              <value>
                <![CDATA["TSMP011 Admin ingin membuat soal Enum"]]>
              </value>
            </param>
            <param index="1">
              <value>
                <![CDATA["TSMP011 Admin membuat soal Enum (Ya/Tidak)"]]>
              </value>
            </param>
          </params>
          <reporter-output>
          </reporter-output>
        </test-method> <!-- runScenario -->
        <test-method signature="runScenario(io.cucumber.testng.PickleWrapper,io.cucumber.testng.FeatureWrapper)[pri:0, instance:com.sqa.psikotes.framework.runner.TestRunner@2767e23c]" started-at="2022-10-06T13:23:01 WIB" name="runScenario" description="Runs Cucumber Scenarios" data-provider="scenarios" finished-at="2022-10-06T13:23:18 WIB" duration-ms="17778" status="PASS">
          <params>
            <param index="0">
              <value>
                <![CDATA["TSMP011 Admin ingin membuat soal Enum"]]>
              </value>
            </param>
            <param index="1">
              <value>
                <![CDATA["TSMP011 Admin membuat soal Enum (Ya/Tidak)"]]>
              </value>
            </param>
          </params>
          <reporter-output>
          </reporter-output>
        </test-method> <!-- runScenario -->
        <test-method signature="runScenario(io.cucumber.testng.PickleWrapper,io.cucumber.testng.FeatureWrapper)[pri:0, instance:com.sqa.psikotes.framework.runner.TestRunner@2767e23c]" started-at="2022-10-06T13:23:18 WIB" name="runScenario" description="Runs Cucumber Scenarios" data-provider="scenarios" finished-at="2022-10-06T13:23:31 WIB" duration-ms="12364" status="PASS">
          <params>
            <param index="0">
              <value>
                <![CDATA["TSMP011 Admin ingin membuat soal Enum"]]>
              </value>
            </param>
            <param index="1">
              <value>
                <![CDATA["TSMP011 Admin membuat soal Enum (Ya/Tidak)"]]>
              </value>
            </param>
          </params>
          <reporter-output>
          </reporter-output>
        </test-method> <!-- runScenario -->
        <test-method signature="runScenario(io.cucumber.testng.PickleWrapper,io.cucumber.testng.FeatureWrapper)[pri:0, instance:com.sqa.psikotes.framework.runner.TestRunner@2767e23c]" started-at="2022-10-06T13:23:31 WIB" name="runScenario" description="Runs Cucumber Scenarios" data-provider="scenarios" finished-at="2022-10-06T13:23:50 WIB" duration-ms="19576" status="PASS">
          <params>
            <param index="0">
              <value>
                <![CDATA["TSMP012 Admin ingin membuat soal Esai Length"]]>
              </value>
            </param>
            <param index="1">
              <value>
                <![CDATA["TSMP012 Admin membuat soal Esai Length"]]>
              </value>
            </param>
          </params>
          <reporter-output>
          </reporter-output>
        </test-method> <!-- runScenario -->
        <test-method signature="runScenario(io.cucumber.testng.PickleWrapper,io.cucumber.testng.FeatureWrapper)[pri:0, instance:com.sqa.psikotes.framework.runner.TestRunner@2767e23c]" started-at="2022-10-06T13:23:50 WIB" name="runScenario" description="Runs Cucumber Scenarios" data-provider="scenarios" finished-at="2022-10-06T13:24:10 WIB" duration-ms="19591" status="PASS">
          <params>
            <param index="0">
              <value>
                <![CDATA["TSMP012 Admin ingin membuat soal Esai Length"]]>
              </value>
            </param>
            <param index="1">
              <value>
                <![CDATA["TSMP012 Admin membuat soal Esai Length"]]>
              </value>
            </param>
          </params>
          <reporter-output>
          </reporter-output>
        </test-method> <!-- runScenario -->
        <test-method signature="runScenario(io.cucumber.testng.PickleWrapper,io.cucumber.testng.FeatureWrapper)[pri:0, instance:com.sqa.psikotes.framework.runner.TestRunner@2767e23c]" started-at="2022-10-06T13:24:10 WIB" name="runScenario" description="Runs Cucumber Scenarios" data-provider="scenarios" finished-at="2022-10-06T13:24:30 WIB" duration-ms="19723" status="PASS">
          <params>
            <param index="0">
              <value>
                <![CDATA["TSMP012 Admin ingin membuat soal Esai Length"]]>
              </value>
            </param>
            <param index="1">
              <value>
                <![CDATA["TSMP012 Admin membuat soal Esai Length"]]>
              </value>
            </param>
          </params>
          <reporter-output>
          </reporter-output>
        </test-method> <!-- runScenario -->
        <test-method signature="runScenario(io.cucumber.testng.PickleWrapper,io.cucumber.testng.FeatureWrapper)[pri:0, instance:com.sqa.psikotes.framework.runner.TestRunner@2767e23c]" started-at="2022-10-06T13:24:30 WIB" name="runScenario" description="Runs Cucumber Scenarios" data-provider="scenarios" finished-at="2022-10-06T13:24:46 WIB" duration-ms="16054" status="PASS">
          <params>
            <param index="0">
              <value>
                <![CDATA["TSMP012 Admin ingin membuat soal Esai Length"]]>
              </value>
            </param>
            <param index="1">
              <value>
                <![CDATA["TSMP012 Admin membuat soal Esai Length"]]>
              </value>
            </param>
          </params>
          <reporter-output>
          </reporter-output>
        </test-method> <!-- runScenario -->
        <test-method signature="runScenario(io.cucumber.testng.PickleWrapper,io.cucumber.testng.FeatureWrapper)[pri:0, instance:com.sqa.psikotes.framework.runner.TestRunner@2767e23c]" started-at="2022-10-06T13:24:46 WIB" name="runScenario" description="Runs Cucumber Scenarios" data-provider="scenarios" finished-at="2022-10-06T13:25:05 WIB" duration-ms="19682" status="PASS">
          <params>
            <param index="0">
              <value>
                <![CDATA["TSMP012 Admin ingin membuat soal Esai Length"]]>
              </value>
            </param>
            <param index="1">
              <value>
                <![CDATA["TSMP012 Admin membuat soal Esai Length"]]>
              </value>
            </param>
          </params>
          <reporter-output>
          </reporter-output>
        </test-method> <!-- runScenario -->
        <test-method signature="runScenario(io.cucumber.testng.PickleWrapper,io.cucumber.testng.FeatureWrapper)[pri:0, instance:com.sqa.psikotes.framework.runner.TestRunner@2767e23c]" started-at="2022-10-06T13:25:05 WIB" name="runScenario" description="Runs Cucumber Scenarios" data-provider="scenarios" finished-at="2022-10-06T13:25:20 WIB" duration-ms="14502" status="PASS">
          <params>
            <param index="0">
              <value>
                <![CDATA["TSMP012 Admin ingin membuat soal Esai Length"]]>
              </value>
            </param>
            <param index="1">
              <value>
                <![CDATA["TSMP012 Admin membuat soal Esai Length"]]>
              </value>
            </param>
          </params>
          <reporter-output>
          </reporter-output>
        </test-method> <!-- runScenario -->
        <test-method signature="runScenario(io.cucumber.testng.PickleWrapper,io.cucumber.testng.FeatureWrapper)[pri:0, instance:com.sqa.psikotes.framework.runner.TestRunner@2767e23c]" started-at="2022-10-06T13:25:20 WIB" name="runScenario" description="Runs Cucumber Scenarios" data-provider="scenarios" finished-at="2022-10-06T13:25:40 WIB" duration-ms="19778" status="PASS">
          <params>
            <param index="0">
              <value>
                <![CDATA["TSMP012 Admin ingin membuat soal Esai Length"]]>
              </value>
            </param>
            <param index="1">
              <value>
                <![CDATA["TSMP012 Admin membuat soal Esai Length"]]>
              </value>
            </param>
          </params>
          <reporter-output>
          </reporter-output>
        </test-method> <!-- runScenario -->
        <test-method signature="runScenario(io.cucumber.testng.PickleWrapper,io.cucumber.testng.FeatureWrapper)[pri:0, instance:com.sqa.psikotes.framework.runner.TestRunner@2767e23c]" started-at="2022-10-06T13:25:40 WIB" name="runScenario" description="Runs Cucumber Scenarios" data-provider="scenarios" finished-at="2022-10-06T13:25:55 WIB" duration-ms="15064" status="PASS">
          <params>
            <param index="0">
              <value>
                <![CDATA["TSMP012 Admin ingin membuat soal Esai Length"]]>
              </value>
            </param>
            <param index="1">
              <value>
                <![CDATA["TSMP012 Admin membuat soal Esai Length"]]>
              </value>
            </param>
          </params>
          <reporter-output>
          </reporter-output>
        </test-method> <!-- runScenario -->
        <test-method signature="runScenario(io.cucumber.testng.PickleWrapper,io.cucumber.testng.FeatureWrapper)[pri:0, instance:com.sqa.psikotes.framework.runner.TestRunner@2767e23c]" started-at="2022-10-06T13:25:55 WIB" name="runScenario" description="Runs Cucumber Scenarios" data-provider="scenarios" finished-at="2022-10-06T13:26:14 WIB" duration-ms="19680" status="PASS">
          <params>
            <param index="0">
              <value>
                <![CDATA["TSMP012 Admin ingin membuat soal Esai Length"]]>
              </value>
            </param>
            <param index="1">
              <value>
                <![CDATA["TSMP012 Admin membuat soal Esai Length"]]>
              </value>
            </param>
          </params>
          <reporter-output>
          </reporter-output>
        </test-method> <!-- runScenario -->
        <test-method signature="runScenario(io.cucumber.testng.PickleWrapper,io.cucumber.testng.FeatureWrapper)[pri:0, instance:com.sqa.psikotes.framework.runner.TestRunner@2767e23c]" started-at="2022-10-06T13:26:14 WIB" name="runScenario" description="Runs Cucumber Scenarios" data-provider="scenarios" finished-at="2022-10-06T13:26:29 WIB" duration-ms="14494" status="PASS">
          <params>
            <param index="0">
              <value>
                <![CDATA["TSMP012 Admin ingin membuat soal Esai Length"]]>
              </value>
            </param>
            <param index="1">
              <value>
                <![CDATA["TSMP012 Admin membuat soal Esai Length"]]>
              </value>
            </param>
          </params>
          <reporter-output>
          </reporter-output>
        </test-method> <!-- runScenario -->
        <test-method signature="runScenario(io.cucumber.testng.PickleWrapper,io.cucumber.testng.FeatureWrapper)[pri:0, instance:com.sqa.psikotes.framework.runner.TestRunner@2767e23c]" started-at="2022-10-06T13:26:29 WIB" name="runScenario" description="Runs Cucumber Scenarios" data-provider="scenarios" finished-at="2022-10-06T13:26:49 WIB" duration-ms="20161" status="PASS">
          <params>
            <param index="0">
              <value>
                <![CDATA["TSMP012 Admin ingin membuat soal Esai Length"]]>
              </value>
            </param>
            <param index="1">
              <value>
                <![CDATA["TSMP012 Admin membuat soal Esai Length"]]>
              </value>
            </param>
          </params>
          <reporter-output>
          </reporter-output>
        </test-method> <!-- runScenario -->
        <test-method signature="runScenario(io.cucumber.testng.PickleWrapper,io.cucumber.testng.FeatureWrapper)[pri:0, instance:com.sqa.psikotes.framework.runner.TestRunner@2767e23c]" started-at="2022-10-06T13:26:49 WIB" name="runScenario" description="Runs Cucumber Scenarios" data-provider="scenarios" finished-at="2022-10-06T13:27:03 WIB" duration-ms="14521" status="PASS">
          <params>
            <param index="0">
              <value>
                <![CDATA["TSMP012 Admin ingin membuat soal Esai Length"]]>
              </value>
            </param>
            <param index="1">
              <value>
                <![CDATA["TSMP012 Admin membuat soal Esai Length"]]>
              </value>
            </param>
          </params>
          <reporter-output>
          </reporter-output>
        </test-method> <!-- runScenario -->
        <test-method signature="runScenario(io.cucumber.testng.PickleWrapper,io.cucumber.testng.FeatureWrapper)[pri:0, instance:com.sqa.psikotes.framework.runner.TestRunner@2767e23c]" started-at="2022-10-06T13:27:03 WIB" name="runScenario" description="Runs Cucumber Scenarios" data-provider="scenarios" finished-at="2022-10-06T13:27:23 WIB" duration-ms="19967" status="PASS">
          <params>
            <param index="0">
              <value>
                <![CDATA["TSMP012 Admin ingin membuat soal Esai Length"]]>
              </value>
            </param>
            <param index="1">
              <value>
                <![CDATA["TSMP012 Admin membuat soal Esai Length"]]>
              </value>
            </param>
          </params>
          <reporter-output>
          </reporter-output>
        </test-method> <!-- runScenario -->
        <test-method signature="runScenario(io.cucumber.testng.PickleWrapper,io.cucumber.testng.FeatureWrapper)[pri:0, instance:com.sqa.psikotes.framework.runner.TestRunner@2767e23c]" started-at="2022-10-06T13:27:23 WIB" name="runScenario" description="Runs Cucumber Scenarios" data-provider="scenarios" finished-at="2022-10-06T13:27:38 WIB" duration-ms="14498" status="PASS">
          <params>
            <param index="0">
              <value>
                <![CDATA["TSMP012 Admin ingin membuat soal Esai Length"]]>
              </value>
            </param>
            <param index="1">
              <value>
                <![CDATA["TSMP012 Admin membuat soal Esai Length"]]>
              </value>
            </param>
          </params>
          <reporter-output>
          </reporter-output>
        </test-method> <!-- runScenario -->
        <test-method signature="runScenario(io.cucumber.testng.PickleWrapper,io.cucumber.testng.FeatureWrapper)[pri:0, instance:com.sqa.psikotes.framework.runner.TestRunner@2767e23c]" started-at="2022-10-06T13:27:38 WIB" name="runScenario" description="Runs Cucumber Scenarios" data-provider="scenarios" finished-at="2022-10-06T13:27:58 WIB" duration-ms="20040" status="PASS">
          <params>
            <param index="0">
              <value>
                <![CDATA["TSMP012 Admin ingin membuat soal Esai Length"]]>
              </value>
            </param>
            <param index="1">
              <value>
                <![CDATA["TSMP012 Admin membuat soal Esai Length"]]>
              </value>
            </param>
          </params>
          <reporter-output>
          </reporter-output>
        </test-method> <!-- runScenario -->
        <test-method signature="runScenario(io.cucumber.testng.PickleWrapper,io.cucumber.testng.FeatureWrapper)[pri:0, instance:com.sqa.psikotes.framework.runner.TestRunner@2767e23c]" started-at="2022-10-06T13:27:58 WIB" name="runScenario" description="Runs Cucumber Scenarios" data-provider="scenarios" finished-at="2022-10-06T13:28:13 WIB" duration-ms="14771" status="PASS">
          <params>
            <param index="0">
              <value>
                <![CDATA["TSMP012 Admin ingin membuat soal Esai Length"]]>
              </value>
            </param>
            <param index="1">
              <value>
                <![CDATA["TSMP012 Admin membuat soal Esai Length"]]>
              </value>
            </param>
          </params>
          <reporter-output>
          </reporter-output>
        </test-method> <!-- runScenario -->
        <test-method signature="runScenario(io.cucumber.testng.PickleWrapper,io.cucumber.testng.FeatureWrapper)[pri:0, instance:com.sqa.psikotes.framework.runner.TestRunner@2767e23c]" started-at="2022-10-06T13:28:13 WIB" name="runScenario" description="Runs Cucumber Scenarios" data-provider="scenarios" finished-at="2022-10-06T13:28:33 WIB" duration-ms="20092" status="PASS">
          <params>
            <param index="0">
              <value>
                <![CDATA["TSMP012 Admin ingin membuat soal Esai Length"]]>
              </value>
            </param>
            <param index="1">
              <value>
                <![CDATA["TSMP012 Admin membuat soal Esai Length"]]>
              </value>
            </param>
          </params>
          <reporter-output>
          </reporter-output>
        </test-method> <!-- runScenario -->
        <test-method signature="runScenario(io.cucumber.testng.PickleWrapper,io.cucumber.testng.FeatureWrapper)[pri:0, instance:com.sqa.psikotes.framework.runner.TestRunner@2767e23c]" started-at="2022-10-06T13:28:33 WIB" name="runScenario" description="Runs Cucumber Scenarios" data-provider="scenarios" finished-at="2022-10-06T13:28:47 WIB" duration-ms="14408" status="PASS">
          <params>
            <param index="0">
              <value>
                <![CDATA["TSMP012 Admin ingin membuat soal Esai Length"]]>
              </value>
            </param>
            <param index="1">
              <value>
                <![CDATA["TSMP012 Admin membuat soal Esai Length"]]>
              </value>
            </param>
          </params>
          <reporter-output>
          </reporter-output>
        </test-method> <!-- runScenario -->
        <test-method signature="runScenario(io.cucumber.testng.PickleWrapper,io.cucumber.testng.FeatureWrapper)[pri:0, instance:com.sqa.psikotes.framework.runner.TestRunner@2767e23c]" started-at="2022-10-06T13:28:47 WIB" name="runScenario" description="Runs Cucumber Scenarios" data-provider="scenarios" finished-at="2022-10-06T13:29:07 WIB" duration-ms="20116" status="PASS">
          <params>
            <param index="0">
              <value>
                <![CDATA["TSMP012 Admin ingin membuat soal Esai Length"]]>
              </value>
            </param>
            <param index="1">
              <value>
                <![CDATA["TSMP012 Admin membuat soal Esai Length"]]>
              </value>
            </param>
          </params>
          <reporter-output>
          </reporter-output>
        </test-method> <!-- runScenario -->
        <test-method signature="runScenario(io.cucumber.testng.PickleWrapper,io.cucumber.testng.FeatureWrapper)[pri:0, instance:com.sqa.psikotes.framework.runner.TestRunner@2767e23c]" started-at="2022-10-06T13:29:07 WIB" name="runScenario" description="Runs Cucumber Scenarios" data-provider="scenarios" finished-at="2022-10-06T13:29:24 WIB" duration-ms="16370" status="PASS">
          <params>
            <param index="0">
              <value>
                <![CDATA["TSMP012 Admin ingin membuat soal Esai Length"]]>
              </value>
            </param>
            <param index="1">
              <value>
                <![CDATA["TSMP012 Admin membuat soal Esai Length"]]>
              </value>
            </param>
          </params>
          <reporter-output>
          </reporter-output>
        </test-method> <!-- runScenario -->
        <test-method signature="runScenario(io.cucumber.testng.PickleWrapper,io.cucumber.testng.FeatureWrapper)[pri:0, instance:com.sqa.psikotes.framework.runner.TestRunner@2767e23c]" started-at="2022-10-06T13:29:24 WIB" name="runScenario" description="Runs Cucumber Scenarios" data-provider="scenarios" finished-at="2022-10-06T13:29:44 WIB" duration-ms="20022" status="PASS">
          <params>
            <param index="0">
              <value>
                <![CDATA["TSMP012 Admin ingin membuat soal Esai Length"]]>
              </value>
            </param>
            <param index="1">
              <value>
                <![CDATA["TSMP012 Admin membuat soal Esai Length"]]>
              </value>
            </param>
          </params>
          <reporter-output>
          </reporter-output>
        </test-method> <!-- runScenario -->
        <test-method signature="runScenario(io.cucumber.testng.PickleWrapper,io.cucumber.testng.FeatureWrapper)[pri:0, instance:com.sqa.psikotes.framework.runner.TestRunner@2767e23c]" started-at="2022-10-06T13:29:44 WIB" name="runScenario" description="Runs Cucumber Scenarios" data-provider="scenarios" finished-at="2022-10-06T13:29:58 WIB" duration-ms="14506" status="PASS">
          <params>
            <param index="0">
              <value>
                <![CDATA["TSMP012 Admin ingin membuat soal Esai Length"]]>
              </value>
            </param>
            <param index="1">
              <value>
                <![CDATA["TSMP012 Admin membuat soal Esai Length"]]>
              </value>
            </param>
          </params>
          <reporter-output>
          </reporter-output>
        </test-method> <!-- runScenario -->
        <test-method signature="runScenario(io.cucumber.testng.PickleWrapper,io.cucumber.testng.FeatureWrapper)[pri:0, instance:com.sqa.psikotes.framework.runner.TestRunner@2767e23c]" started-at="2022-10-06T13:29:58 WIB" name="runScenario" description="Runs Cucumber Scenarios" data-provider="scenarios" finished-at="2022-10-06T13:30:12 WIB" duration-ms="13846" status="PASS">
          <params>
            <param index="0">
              <value>
                <![CDATA["TSMP013 Admin ingin membuat soal pilihan ab"]]>
              </value>
            </param>
            <param index="1">
              <value>
                <![CDATA["TSMP013 Admin membuat soal pilihan AB"]]>
              </value>
            </param>
          </params>
          <reporter-output>
          </reporter-output>
        </test-method> <!-- runScenario -->
        <test-method signature="runScenario(io.cucumber.testng.PickleWrapper,io.cucumber.testng.FeatureWrapper)[pri:0, instance:com.sqa.psikotes.framework.runner.TestRunner@2767e23c]" started-at="2022-10-06T13:30:12 WIB" name="runScenario" description="Runs Cucumber Scenarios" data-provider="scenarios" finished-at="2022-10-06T13:30:31 WIB" duration-ms="19234" status="PASS">
          <params>
            <param index="0">
              <value>
                <![CDATA["TSMP013 Admin ingin membuat soal pilihan ab"]]>
              </value>
            </param>
            <param index="1">
              <value>
                <![CDATA["TSMP013 Admin membuat soal pilihan AB"]]>
              </value>
            </param>
          </params>
          <reporter-output>
          </reporter-output>
        </test-method> <!-- runScenario -->
        <test-method signature="runScenario(io.cucumber.testng.PickleWrapper,io.cucumber.testng.FeatureWrapper)[pri:0, instance:com.sqa.psikotes.framework.runner.TestRunner@2767e23c]" started-at="2022-10-06T13:30:31 WIB" name="runScenario" description="Runs Cucumber Scenarios" data-provider="scenarios" finished-at="2022-10-06T13:30:51 WIB" duration-ms="19303" status="PASS">
          <params>
            <param index="0">
              <value>
                <![CDATA["TSMP013 Admin ingin membuat soal pilihan ab"]]>
              </value>
            </param>
            <param index="1">
              <value>
                <![CDATA["TSMP013 Admin membuat soal pilihan AB"]]>
              </value>
            </param>
          </params>
          <reporter-output>
          </reporter-output>
        </test-method> <!-- runScenario -->
        <test-method signature="runScenario(io.cucumber.testng.PickleWrapper,io.cucumber.testng.FeatureWrapper)[pri:0, instance:com.sqa.psikotes.framework.runner.TestRunner@2767e23c]" started-at="2022-10-06T13:30:51 WIB" name="runScenario" description="Runs Cucumber Scenarios" data-provider="scenarios" finished-at="2022-10-06T13:31:10 WIB" duration-ms="18848" status="PASS">
          <params>
            <param index="0">
              <value>
                <![CDATA["TSMP013 Admin ingin membuat soal pilihan ab"]]>
              </value>
            </param>
            <param index="1">
              <value>
                <![CDATA["TSMP013 Admin membuat soal pilihan AB"]]>
              </value>
            </param>
          </params>
          <reporter-output>
          </reporter-output>
        </test-method> <!-- runScenario -->
        <test-method signature="runScenario(io.cucumber.testng.PickleWrapper,io.cucumber.testng.FeatureWrapper)[pri:0, instance:com.sqa.psikotes.framework.runner.TestRunner@2767e23c]" started-at="2022-10-06T13:31:10 WIB" name="runScenario" description="Runs Cucumber Scenarios" data-provider="scenarios" finished-at="2022-10-06T13:31:23 WIB" duration-ms="13482" status="PASS">
          <params>
            <param index="0">
              <value>
[...]
          <params>
            <param index="0">
              <value>
                <![CDATA["TSMP015002 Admin ingin edit soal esai length"]]>
              </value>
            </param>
            <param index="1">
              <value>
                <![CDATA["TSMP015 Admin edit soal Esai Free Text"]]>
              </value>
            </param>
          </params>
          <reporter-output>
          </reporter-output>
        </test-method> <!-- runScenario -->
        <test-method signature="runScenario(io.cucumber.testng.PickleWrapper,io.cucumber.testng.FeatureWrapper)[pri:0, instance:com.sqa.psikotes.framework.runner.TestRunner@2767e23c]" started-at="2022-10-06T13:54:05 WIB" name="runScenario" description="Runs Cucumber Scenarios" data-provider="scenarios" finished-at="2022-10-06T13:54:23 WIB" duration-ms="18491" status="PASS">
          <params>
            <param index="0">
              <value>
                <![CDATA["TSMP015002 Admin ingin edit soal esai length"]]>
              </value>
            </param>
            <param index="1">
              <value>
                <![CDATA["TSMP015 Admin edit soal Esai Free Text"]]>
              </value>
            </param>
          </params>
          <reporter-output>
          </reporter-output>
        </test-method> <!-- runScenario -->
        <test-method signature="runScenario(io.cucumber.testng.PickleWrapper,io.cucumber.testng.FeatureWrapper)[pri:0, instance:com.sqa.psikotes.framework.runner.TestRunner@2767e23c]" started-at="2022-10-06T13:54:23 WIB" name="runScenario" description="Runs Cucumber Scenarios" data-provider="scenarios" finished-at="2022-10-06T13:54:42 WIB" duration-ms="18952" status="PASS">
          <params>
            <param index="0">
              <value>
                <![CDATA["TSMP015002 Admin ingin edit soal esai length"]]>
              </value>
            </param>
            <param index="1">
              <value>
                <![CDATA["TSMP015 Admin edit soal Esai Free Text"]]>
              </value>
            </param>
          </params>
          <reporter-output>
          </reporter-output>
        </test-method> <!-- runScenario -->
        <test-method signature="runScenario(io.cucumber.testng.PickleWrapper,io.cucumber.testng.FeatureWrapper)[pri:0, instance:com.sqa.psikotes.framework.runner.TestRunner@2767e23c]" started-at="2022-10-06T13:54:42 WIB" name="runScenario" description="Runs Cucumber Scenarios" data-provider="scenarios" finished-at="2022-10-06T13:55:01 WIB" duration-ms="18795" status="PASS">
          <params>
            <param index="0">
              <value>
                <![CDATA["TSMP015002 Admin ingin edit soal esai length"]]>
              </value>
            </param>
            <param index="1">
              <value>
                <![CDATA["TSMP015 Admin edit soal Esai Free Text"]]>
              </value>
            </param>
          </params>
          <reporter-output>
          </reporter-output>
        </test-method> <!-- runScenario -->
        <test-method signature="runScenario(io.cucumber.testng.PickleWrapper,io.cucumber.testng.FeatureWrapper)[pri:0, instance:com.sqa.psikotes.framework.runner.TestRunner@2767e23c]" started-at="2022-10-06T13:55:01 WIB" name="runScenario" description="Runs Cucumber Scenarios" data-provider="scenarios" finished-at="2022-10-06T13:55:19 WIB" duration-ms="18459" status="PASS">
          <params>
            <param index="0">
              <value>
                <![CDATA["TSMP015002 Admin ingin edit soal esai length"]]>
              </value>
            </param>
            <param index="1">
              <value>
                <![CDATA["TSMP015 Admin edit soal Esai Free Text"]]>
              </value>
            </param>
          </params>
          <reporter-output>
          </reporter-output>
        </test-method> <!-- runScenario -->
        <test-method signature="runScenario(io.cucumber.testng.PickleWrapper,io.cucumber.testng.FeatureWrapper)[pri:0, instance:com.sqa.psikotes.framework.runner.TestRunner@2767e23c]" started-at="2022-10-06T13:55:19 WIB" name="runScenario" description="Runs Cucumber Scenarios" data-provider="scenarios" finished-at="2022-10-06T13:55:38 WIB" duration-ms="18792" status="PASS">
          <params>
            <param index="0">
              <value>
                <![CDATA["TSMP015002 Admin ingin edit soal esai length"]]>
              </value>
            </param>
            <param index="1">
              <value>
                <![CDATA["TSMP015 Admin edit soal Esai Free Text"]]>
              </value>
            </param>
          </params>
          <reporter-output>
          </reporter-output>
        </test-method> <!-- runScenario -->
        <test-method signature="runScenario(io.cucumber.testng.PickleWrapper,io.cucumber.testng.FeatureWrapper)[pri:0, instance:com.sqa.psikotes.framework.runner.TestRunner@2767e23c]" started-at="2022-10-06T13:55:38 WIB" name="runScenario" description="Runs Cucumber Scenarios" data-provider="scenarios" finished-at="2022-10-06T13:55:57 WIB" duration-ms="18739" status="PASS">
          <params>
            <param index="0">
              <value>
                <![CDATA["TSMP015002 Admin ingin edit soal esai length"]]>
              </value>
            </param>
            <param index="1">
              <value>
                <![CDATA["TSMP015 Admin edit soal Esai Free Text"]]>
              </value>
            </param>
          </params>
          <reporter-output>
          </reporter-output>
        </test-method> <!-- runScenario -->
        <test-method signature="runScenario(io.cucumber.testng.PickleWrapper,io.cucumber.testng.FeatureWrapper)[pri:0, instance:com.sqa.psikotes.framework.runner.TestRunner@2767e23c]" started-at="2022-10-06T13:55:57 WIB" name="runScenario" description="Runs Cucumber Scenarios" data-provider="scenarios" finished-at="2022-10-06T13:56:12 WIB" duration-ms="15492" status="PASS">
          <params>
            <param index="0">
              <value>
                <![CDATA["TSMP016 Admin ingin edit soal enum"]]>
              </value>
            </param>
            <param index="1">
              <value>
                <![CDATA["TSMP016 Admin edit soal Enum"]]>
              </value>
            </param>
          </params>
          <reporter-output>
          </reporter-output>
        </test-method> <!-- runScenario -->
        <test-method signature="runScenario(io.cucumber.testng.PickleWrapper,io.cucumber.testng.FeatureWrapper)[pri:0, instance:com.sqa.psikotes.framework.runner.TestRunner@2767e23c]" started-at="2022-10-06T13:56:12 WIB" name="runScenario" description="Runs Cucumber Scenarios" data-provider="scenarios" finished-at="2022-10-06T13:56:29 WIB" duration-ms="16773" status="PASS">
          <params>
            <param index="0">
              <value>
                <![CDATA["TSMP016 Admin ingin edit soal enum"]]>
              </value>
            </param>
            <param index="1">
              <value>
                <![CDATA["TSMP016 Admin edit soal Enum"]]>
              </value>
            </param>
          </params>
          <reporter-output>
          </reporter-output>
        </test-method> <!-- runScenario -->
        <test-method signature="runScenario(io.cucumber.testng.PickleWrapper,io.cucumber.testng.FeatureWrapper)[pri:0, instance:com.sqa.psikotes.framework.runner.TestRunner@2767e23c]" started-at="2022-10-06T13:56:29 WIB" name="runScenario" description="Runs Cucumber Scenarios" data-provider="scenarios" finished-at="2022-10-06T13:56:48 WIB" duration-ms="18728" status="PASS">
          <params>
            <param index="0">
              <value>
                <![CDATA["TSMP016 Admin ingin edit soal enum"]]>
              </value>
            </param>
            <param index="1">
              <value>
                <![CDATA["TSMP016 Admin edit soal Enum"]]>
              </value>
            </param>
          </params>
          <reporter-output>
          </reporter-output>
        </test-method> <!-- runScenario -->
        <test-method signature="runScenario(io.cucumber.testng.PickleWrapper,io.cucumber.testng.FeatureWrapper)[pri:0, instance:com.sqa.psikotes.framework.runner.TestRunner@2767e23c]" started-at="2022-10-06T13:56:48 WIB" name="runScenario" description="Runs Cucumber Scenarios" data-provider="scenarios" finished-at="2022-10-06T13:57:03 WIB" duration-ms="15447" status="PASS">
          <params>
            <param index="0">
              <value>
                <![CDATA["TSMP016 Admin ingin edit soal enum"]]>
              </value>
            </param>
            <param index="1">
              <value>
                <![CDATA["TSMP016 Admin edit soal Enum"]]>
              </value>
            </param>
          </params>
          <reporter-output>
          </reporter-output>
        </test-method> <!-- runScenario -->
        <test-method signature="runScenario(io.cucumber.testng.PickleWrapper,io.cucumber.testng.FeatureWrapper)[pri:0, instance:com.sqa.psikotes.framework.runner.TestRunner@2767e23c]" started-at="2022-10-06T13:57:03 WIB" name="runScenario" description="Runs Cucumber Scenarios" data-provider="scenarios" finished-at="2022-10-06T13:57:16 WIB" duration-ms="13127" status="PASS">
          <params>
            <param index="0">
              <value>
                <![CDATA["TSMP017001 Admin ingin menghapus soal pilihan ganda"]]>
              </value>
            </param>
            <param index="1">
              <value>
                <![CDATA["TSMP017 Admin Hapus soal"]]>
              </value>
            </param>
          </params>
          <reporter-output>
          </reporter-output>
        </test-method> <!-- runScenario -->
        <test-method signature="runScenario(io.cucumber.testng.PickleWrapper,io.cucumber.testng.FeatureWrapper)[pri:0, instance:com.sqa.psikotes.framework.runner.TestRunner@2767e23c]" started-at="2022-10-06T13:57:16 WIB" name="runScenario" description="Runs Cucumber Scenarios" data-provider="scenarios" finished-at="2022-10-06T13:57:30 WIB" duration-ms="13369" status="PASS">
          <params>
            <param index="0">
              <value>
                <![CDATA["TSMP017002 Admin ingin menghapus soal esai free text"]]>
              </value>
            </param>
            <param index="1">
              <value>
                <![CDATA["TSMP017 Admin Hapus soal"]]>
              </value>
            </param>
          </params>
          <reporter-output>
          </reporter-output>
        </test-method> <!-- runScenario -->
        <test-method signature="runScenario(io.cucumber.testng.PickleWrapper,io.cucumber.testng.FeatureWrapper)[pri:0, instance:com.sqa.psikotes.framework.runner.TestRunner@2767e23c]" started-at="2022-10-06T13:57:30 WIB" name="runScenario" description="Runs Cucumber Scenarios" data-provider="scenarios" finished-at="2022-10-06T13:57:43 WIB" duration-ms="13542" status="PASS">
          <params>
            <param index="0">
              <value>
                <![CDATA["TSMP017003 Admin ingin menghapus soal enum"]]>
              </value>
            </param>
            <param index="1">
              <value>
                <![CDATA["TSMP017 Admin Hapus soal"]]>
              </value>
            </param>
          </params>
          <reporter-output>
          </reporter-output>
        </test-method> <!-- runScenario -->
        <test-method signature="runScenario(io.cucumber.testng.PickleWrapper,io.cucumber.testng.FeatureWrapper)[pri:0, instance:com.sqa.psikotes.framework.runner.TestRunner@2767e23c]" started-at="2022-10-06T13:57:43 WIB" name="runScenario" description="Runs Cucumber Scenarios" data-provider="scenarios" finished-at="2022-10-06T13:57:57 WIB" duration-ms="13311" status="PASS">
          <params>
            <param index="0">
              <value>
                <![CDATA["TSMP017004 Admin ingin menghapus soal esai length"]]>
              </value>
            </param>
            <param index="1">
              <value>
                <![CDATA["TSMP017 Admin Hapus soal"]]>
              </value>
            </param>
          </params>
          <reporter-output>
          </reporter-output>
        </test-method> <!-- runScenario -->
        <test-method signature="runScenario(io.cucumber.testng.PickleWrapper,io.cucumber.testng.FeatureWrapper)[pri:0, instance:com.sqa.psikotes.framework.runner.TestRunner@2767e23c]" started-at="2022-10-06T13:57:57 WIB" name="runScenario" description="Runs Cucumber Scenarios" data-provider="scenarios" finished-at="2022-10-06T13:58:10 WIB" duration-ms="13488" status="PASS">
          <params>
            <param index="0">
              <value>
                <![CDATA["TSMP017005 Admin ingin menghapus soal pilihan ab"]]>
              </value>
            </param>
            <param index="1">
              <value>
                <![CDATA["TSMP017 Admin Hapus soal"]]>
              </value>
            </param>
          </params>
          <reporter-output>
          </reporter-output>
        </test-method> <!-- runScenario -->
        <test-method signature="runScenario(io.cucumber.testng.PickleWrapper,io.cucumber.testng.FeatureWrapper)[pri:0, instance:com.sqa.psikotes.framework.runner.TestRunner@2767e23c]" started-at="2022-10-06T13:58:10 WIB" name="runScenario" description="Runs Cucumber Scenarios" data-provider="scenarios" finished-at="2022-10-06T13:58:27 WIB" duration-ms="17109" status="PASS">
          <params>
            <param index="0">
              <value>
                <![CDATA["TSMP022 Admin ingin edit soal pilihan ab"]]>
              </value>
            </param>
            <param index="1">
              <value>
                <![CDATA["TSMP022 Admin edit soal Pilihan AB"]]>
              </value>
            </param>
          </params>
          <reporter-output>
          </reporter-output>
        </test-method> <!-- runScenario -->
        <test-method signature="runScenario(io.cucumber.testng.PickleWrapper,io.cucumber.testng.FeatureWrapper)[pri:0, instance:com.sqa.psikotes.framework.runner.TestRunner@2767e23c]" started-at="2022-10-06T13:58:27 WIB" name="runScenario" description="Runs Cucumber Scenarios" data-provider="scenarios" finished-at="2022-10-06T13:58:44 WIB" duration-ms="16680" status="PASS">
          <params>
            <param index="0">
              <value>
                <![CDATA["TSMP022 Admin ingin edit soal pilihan ab"]]>
              </value>
            </param>
            <param index="1">
              <value>
                <![CDATA["TSMP022 Admin edit soal Pilihan AB"]]>
              </value>
            </param>
          </params>
          <reporter-output>
          </reporter-output>
        </test-method> <!-- runScenario -->
        <test-method signature="runScenario(io.cucumber.testng.PickleWrapper,io.cucumber.testng.FeatureWrapper)[pri:0, instance:com.sqa.psikotes.framework.runner.TestRunner@2767e23c]" started-at="2022-10-06T13:58:44 WIB" name="runScenario" description="Runs Cucumber Scenarios" data-provider="scenarios" finished-at="2022-10-06T13:59:04 WIB" duration-ms="19608" status="PASS">
          <params>
            <param index="0">
              <value>
                <![CDATA["TSMP022 Admin ingin edit soal pilihan ab"]]>
              </value>
            </param>
            <param index="1">
              <value>
                <![CDATA["TSMP022 Admin edit soal Pilihan AB"]]>
              </value>
            </param>
          </params>
          <reporter-output>
          </reporter-output>
        </test-method> <!-- runScenario -->
        <test-method signature="runScenario(io.cucumber.testng.PickleWrapper,io.cucumber.testng.FeatureWrapper)[pri:0, instance:com.sqa.psikotes.framework.runner.TestRunner@2767e23c]" started-at="2022-10-06T13:59:04 WIB" name="runScenario" description="Runs Cucumber Scenarios" data-provider="scenarios" finished-at="2022-10-06T13:59:19 WIB" duration-ms="15745" status="PASS">
          <params>
            <param index="0">
              <value>
                <![CDATA["TSMP022 Admin ingin edit soal pilihan ab"]]>
              </value>
            </param>
            <param index="1">
              <value>
                <![CDATA["TSMP022 Admin edit soal Pilihan AB"]]>
              </value>
            </param>
          </params>
          <reporter-output>
          </reporter-output>
        </test-method> <!-- runScenario -->
        <test-method signature="runScenario(io.cucumber.testng.PickleWrapper,io.cucumber.testng.FeatureWrapper)[pri:0, instance:com.sqa.psikotes.framework.runner.TestRunner@2767e23c]" started-at="2022-10-06T13:59:19 WIB" name="runScenario" description="Runs Cucumber Scenarios" data-provider="scenarios" finished-at="2022-10-06T13:59:35 WIB" duration-ms="15378" status="PASS">
          <params>
            <param index="0">
              <value>
                <![CDATA["TSMP022 Admin ingin edit soal pilihan ab"]]>
              </value>
            </param>
            <param index="1">
              <value>
                <![CDATA["TSMP022 Admin edit soal Pilihan AB"]]>
              </value>
            </param>
          </params>
          <reporter-output>
          </reporter-output>
        </test-method> <!-- runScenario -->
        <test-method signature="runScenario(io.cucumber.testng.PickleWrapper,io.cucumber.testng.FeatureWrapper)[pri:0, instance:com.sqa.psikotes.framework.runner.TestRunner@2767e23c]" started-at="2022-10-06T13:59:35 WIB" name="runScenario" description="Runs Cucumber Scenarios" data-provider="scenarios" finished-at="2022-10-06T13:59:57 WIB" duration-ms="21869" status="PASS">
          <params>
            <param index="0">
              <value>
                <![CDATA["TSMP022 Admin ingin edit soal pilihan ab"]]>
              </value>
            </param>
            <param index="1">
              <value>
                <![CDATA["TSMP022 Admin edit soal Pilihan AB"]]>
              </value>
            </param>
          </params>
          <reporter-output>
          </reporter-output>
        </test-method> <!-- runScenario -->
        <test-method signature="runScenario(io.cucumber.testng.PickleWrapper,io.cucumber.testng.FeatureWrapper)[pri:0, instance:com.sqa.psikotes.framework.runner.TestRunner@2767e23c]" started-at="2022-10-06T13:59:57 WIB" name="runScenario" description="Runs Cucumber Scenarios" data-provider="scenarios" finished-at="2022-10-06T14:00:19 WIB" duration-ms="22295" status="PASS">
          <params>
            <param index="0">
              <value>
                <![CDATA["TSMP022 Admin ingin edit soal pilihan ab"]]>
              </value>
            </param>
            <param index="1">
              <value>
                <![CDATA["TSMP022 Admin edit soal Pilihan AB"]]>
              </value>
            </param>
          </params>
          <reporter-output>
          </reporter-output>
        </test-method> <!-- runScenario -->
        <test-method is-config="true" signature="tearDownClass()[pri:0, instance:com.sqa.psikotes.framework.runner.TestRunner@2767e23c]" started-at="2022-10-06T14:00:19 WIB" name="tearDownClass" finished-at="2022-10-06T14:00:20 WIB" duration-ms="709" status="PASS">
          <reporter-output>
          </reporter-output>
        </test-method> <!-- tearDownClass -->
      </class> <!-- com.sqa.psikotes.framework.runner.TestRunner -->
    </test> <!-- Default test -->
  </suite> <!-- Default suite -->
</testng-results>
