<?xml version="1.0" encoding="UTF-8"?>
<testng-results ignored="0" total="55" passed="52" failed="3" skipped="0">
  <reporter-output>
  </reporter-output>
  <suite started-at="2022-10-07T12:14:08 WIB" name="Default suite" finished-at="2022-10-07T12:42:16 WIB" duration-ms="1688208">
    <groups>
      <group name="cucumber">
        <method signature="AbstractTestNGCucumberTests.runScenario(io.cucumber.testng.PickleWrapper,io.cucumber.testng.FeatureWrapper)[pri:0, instance:com.sqa.psikotes.framework.runner.TestRunner@2767e23c]" name="runScenario" class="io.cucumber.testng.AbstractTestNGCucumberTests"/>
      </group> <!-- cucumber -->
    </groups>
    <test started-at="2022-10-07T12:14:08 WIB" name="Default test" finished-at="2022-10-07T12:42:16 WIB" duration-ms="1688208">
      <class name="com.sqa.psikotes.framework.runner.TestRunner">
        <test-method is-config="true" signature="setUpClass(org.testng.ITestContext)[pri:0, instance:com.sqa.psikotes.framework.runner.TestRunner@2767e23c]" started-at="2022-10-07T12:14:08 WIB" name="setUpClass" finished-at="2022-10-07T12:14:10 WIB" duration-ms="1941" status="PASS">
          <params>
            <param index="0">
              <value>
                <![CDATA[org.testng.TestRunner@51ce29c9]]>
              </value>
            </param>
          </params>
          <reporter-output>
          </reporter-output>
        </test-method> <!-- setUpClass -->
        <test-method signature="runScenario(io.cucumber.testng.PickleWrapper,io.cucumber.testng.FeatureWrapper)[pri:0, instance:com.sqa.psikotes.framework.runner.TestRunner@2767e23c]" started-at="2022-10-07T12:14:10 WIB" name="runScenario" description="Runs Cucumber Scenarios" data-provider="scenarios" finished-at="2022-10-07T12:14:28 WIB" duration-ms="17856" status="PASS">
          <params>
            <param index="0">
              <value>
                <![CDATA["TSMP001001 Admin buka halaman modul"]]>
              </value>
            </param>
            <param index="1">
              <value>
                <![CDATA["TSMP001 Admin masuk ke halaman modul"]]>
              </value>
            </param>
          </params>
          <reporter-output>
          </reporter-output>
        </test-method> <!-- runScenario -->
        <test-method signature="runScenario(io.cucumber.testng.PickleWrapper,io.cucumber.testng.FeatureWrapper)[pri:0, instance:com.sqa.psikotes.framework.runner.TestRunner@2767e23c]" started-at="2022-10-07T12:14:28 WIB" name="runScenario" description="Runs Cucumber Scenarios" data-provider="scenarios" finished-at="2022-10-07T12:14:44 WIB" duration-ms="15718" status="PASS">
          <params>
            <param index="0">
              <value>
                <![CDATA["TSMP018001 Admin edit dua field data modul"]]>
              </value>
            </param>
            <param index="1">
              <value>
                <![CDATA["TSMP018 Admin Edit Data Modul"]]>
              </value>
            </param>
          </params>
          <reporter-output>
          </reporter-output>
        </test-method> <!-- runScenario -->
        <test-method signature="runScenario(io.cucumber.testng.PickleWrapper,io.cucumber.testng.FeatureWrapper)[pri:0, instance:com.sqa.psikotes.framework.runner.TestRunner@2767e23c]" started-at="2022-10-07T12:14:44 WIB" name="runScenario" description="Runs Cucumber Scenarios" data-provider="scenarios" finished-at="2022-10-07T12:15:00 WIB" duration-ms="16791" status="PASS">
          <params>
            <param index="0">
              <value>
                <![CDATA["TSMP018001 Admin edit dua field data modul"]]>
              </value>
            </param>
            <param index="1">
              <value>
                <![CDATA["TSMP018 Admin Edit Data Modul"]]>
              </value>
            </param>
          </params>
          <reporter-output>
          </reporter-output>
        </test-method> <!-- runScenario -->
        <test-method signature="runScenario(io.cucumber.testng.PickleWrapper,io.cucumber.testng.FeatureWrapper)[pri:0, instance:com.sqa.psikotes.framework.runner.TestRunner@2767e23c]" started-at="2022-10-07T12:15:00 WIB" name="runScenario" description="Runs Cucumber Scenarios" data-provider="scenarios" finished-at="2022-10-07T12:15:18 WIB" duration-ms="17278" status="PASS">
          <params>
            <param index="0">
              <value>
                <![CDATA["TSMP018001 Admin edit dua field data modul"]]>
              </value>
            </param>
            <param index="1">
              <value>
                <![CDATA["TSMP018 Admin Edit Data Modul"]]>
              </value>
            </param>
          </params>
          <reporter-output>
          </reporter-output>
        </test-method> <!-- runScenario -->
        <test-method signature="runScenario(io.cucumber.testng.PickleWrapper,io.cucumber.testng.FeatureWrapper)[pri:0, instance:com.sqa.psikotes.framework.runner.TestRunner@2767e23c]" started-at="2022-10-07T12:15:18 WIB" name="runScenario" description="Runs Cucumber Scenarios" data-provider="scenarios" finished-at="2022-10-07T12:16:01 WIB" duration-ms="43650" status="FAIL">
          <params>
            <param index="0">
              <value>
                <![CDATA["TSMP018001 Admin edit dua field data modul"]]>
              </value>
            </param>
            <param index="1">
              <value>
                <![CDATA["TSMP018 Admin Edit Data Modul"]]>
              </value>
            </param>
          </params>
          <exception class="org.openqa.selenium.StaleElementReferenceException">
            <message>
              <![CDATA[stale element reference: element is not attached to the page document
  (Session info: chrome=106.0.5249.103)
For documentation on this error, please visit: https://selenium.dev/exceptions/#stale_element_reference
Build info: version: '4.4.0', revision: 'e5c75ed026a'
System info: host: 'DESKTOP-BIUCLJH', ip: '10.0.0.5', os.name: 'Windows 10', os.arch: 'amd64', os.version: '10.0', java.version: '17.0.4'
Driver info: org.openqa.selenium.chrome.ChromeDriver
Command: [83a3b01a4550b32ceb39a680e4ff6304, isElementDisplayed {id=a9cd9810-df03-400c-b008-192e7cfb0021}]
Capabilities {acceptInsecureCerts: false, browserName: chrome, browserVersion: 106.0.5249.103, chrome: {chromedriverVersion: 106.0.5249.61 (511755355844..., userDataDir: C:\Users\nexsoft\AppData\Lo...}, goog:chromeOptions: {debuggerAddress: localhost:58560}, networkConnectionEnabled: false, pageLoadStrategy: normal, platformName: WINDOWS, proxy: Proxy(), se:cdp: ws://localhost:58560/devtoo..., se:cdpVersion: 106.0.5249.103, setWindowRect: true, strictFileInteractability: false, timeouts: {implicit: 0, pageLoad: 300000, script: 30000}, unhandledPromptBehavior: dismiss and notify, webauthn:extension:credBlob: true, webauthn:extension:largeBlob: true, webauthn:virtualAuthenticators: true}
Element: [[ChromeDriver: chrome on WINDOWS (83a3b01a4550b32ceb39a680e4ff6304)] -> xpath: //div[@id='nikita-form-dialog']/p]
Session ID: 83a3b01a4550b32ceb39a680e4ff6304]]>
            </message>
            <full-stacktrace>
              <![CDATA[org.openqa.selenium.StaleElementReferenceException: stale element reference: element is not attached to the page document
  (Session info: chrome=106.0.5249.103)
For documentation on this error, please visit: https://selenium.dev/exceptions/#stale_element_reference
Build info: version: '4.4.0', revision: 'e5c75ed026a'
System info: host: 'DESKTOP-BIUCLJH', ip: '10.0.0.5', os.name: 'Windows 10', os.arch: 'amd64', os.version: '10.0', java.version: '17.0.4'
Driver info: org.openqa.selenium.chrome.ChromeDriver
Command: [83a3b01a4550b32ceb39a680e4ff6304, isElementDisplayed {id=a9cd9810-df03-400c-b008-192e7cfb0021}]
Capabilities {acceptInsecureCerts: false, browserName: chrome, browserVersion: 106.0.5249.103, chrome: {chromedriverVersion: 106.0.5249.61 (511755355844..., userDataDir: C:\Users\nexsoft\AppData\Lo...}, goog:chromeOptions: {debuggerAddress: localhost:58560}, networkConnectionEnabled: false, pageLoadStrategy: normal, platformName: WINDOWS, proxy: Proxy(), se:cdp: ws://localhost:58560/devtoo..., se:cdpVersion: 106.0.5249.103, setWindowRect: true, strictFileInteractability: false, timeouts: {implicit: 0, pageLoad: 300000, script: 30000}, unhandledPromptBehavior: dismiss and notify, webauthn:extension:credBlob: true, webauthn:extension:largeBlob: true, webauthn:virtualAuthenticators: true}
Element: [[ChromeDriver: chrome on WINDOWS (83a3b01a4550b32ceb39a680e4ff6304)] -> xpath: //div[@id='nikita-form-dialog']/p]
Session ID: 83a3b01a4550b32ceb39a680e4ff6304
at java.base/jdk.internal.reflect.NativeConstructorAccessorImpl.newInstance0(Native Method)
at java.base/jdk.internal.reflect.NativeConstructorAccessorImpl.newInstance(NativeConstructorAccessorImpl.java:77)
at java.base/jdk.internal.reflect.DelegatingConstructorAccessorImpl.newInstance(DelegatingConstructorAccessorImpl.java:45)
at java.base/java.lang.reflect.Constructor.newInstanceWithCaller(Constructor.java:499)
at java.base/java.lang.reflect.Constructor.newInstance(Constructor.java:480)
at org.openqa.selenium.remote.codec.w3c.W3CHttpResponseCodec.createException(W3CHttpResponseCodec.java:200)
at org.openqa.selenium.remote.codec.w3c.W3CHttpResponseCodec.decode(W3CHttpResponseCodec.java:133)
at org.openqa.selenium.remote.codec.w3c.W3CHttpResponseCodec.decode(W3CHttpResponseCodec.java:53)
at org.openqa.selenium.remote.HttpCommandExecutor.execute(HttpCommandExecutor.java:184)
at org.openqa.selenium.remote.service.DriverCommandExecutor.invokeExecute(DriverCommandExecutor.java:167)
at org.openqa.selenium.remote.service.DriverCommandExecutor.execute(DriverCommandExecutor.java:142)
at org.openqa.selenium.remote.RemoteWebDriver.execute(RemoteWebDriver.java:547)
at org.openqa.selenium.remote.RemoteWebElement.execute(RemoteWebElement.java:257)
at org.openqa.selenium.remote.RemoteWebElement.isDisplayed(RemoteWebElement.java:313)
at java.base/jdk.internal.reflect.NativeMethodAccessorImpl.invoke0(Native Method)
at java.base/jdk.internal.reflect.NativeMethodAccessorImpl.invoke(NativeMethodAccessorImpl.java:77)
at java.base/jdk.internal.reflect.DelegatingMethodAccessorImpl.invoke(DelegatingMethodAccessorImpl.java:43)
at java.base/java.lang.reflect.Method.invoke(Method.java:568)
at org.openqa.selenium.support.pagefactory.internal.LocatingElementHandler.invoke(LocatingElementHandler.java:52)
at jdk.proxy2/jdk.proxy2.$Proxy32.isDisplayed(Unknown Source)
at org.openqa.selenium.support.ui.ExpectedConditions.elementIfVisible(ExpectedConditions.java:307)
at org.openqa.selenium.support.ui.ExpectedConditions.access$000(ExpectedConditions.java:40)
at org.openqa.selenium.support.ui.ExpectedConditions$10.apply(ExpectedConditions.java:293)
at org.openqa.selenium.support.ui.ExpectedConditions$10.apply(ExpectedConditions.java:290)
at org.openqa.selenium.support.ui.FluentWait.until(FluentWait.java:208)
at com.sqa.psikotes.framework.utils.Utils.driverWaitTxt(Utils.java:89)
at com.sqa.psikotes.framework.page.ModulPage.getTxtEditModul(ModulPage.java:929)
at com.sqa.psikotes.framework.runner.TestMPEditDataModulValid.tsmp018001_data_modul_berhasil_diedit(TestMPEditDataModulValid.java:61)
at ✽.TSMP018001 Data modul berhasil diedit(file:///C:/Users/nexsoft/git/TAAyu/TAAyu/src/main/resources/features/227MPEditModulValid.feature:14)
]]>
            </full-stacktrace>
          </exception> <!-- org.openqa.selenium.StaleElementReferenceException -->
          <reporter-output>
          </reporter-output>
        </test-method> <!-- runScenario -->
        <test-method signature="runScenario(io.cucumber.testng.PickleWrapper,io.cucumber.testng.FeatureWrapper)[pri:0, instance:com.sqa.psikotes.framework.runner.TestRunner@2767e23c]" started-at="2022-10-07T12:16:01 WIB" name="runScenario" description="Runs Cucumber Scenarios" data-provider="scenarios" finished-at="2022-10-07T12:16:19 WIB" duration-ms="18079" status="PASS">
          <params>
            <param index="0">
              <value>
                <![CDATA["TSMP018001 Admin edit dua field data modul"]]>
              </value>
            </param>
            <param index="1">
              <value>
                <![CDATA["TSMP018 Admin Edit Data Modul"]]>
              </value>
            </param>
          </params>
          <reporter-output>
          </reporter-output>
        </test-method> <!-- runScenario -->
        <test-method signature="runScenario(io.cucumber.testng.PickleWrapper,io.cucumber.testng.FeatureWrapper)[pri:0, instance:com.sqa.psikotes.framework.runner.TestRunner@2767e23c]" started-at="2022-10-07T12:16:19 WIB" name="runScenario" description="Runs Cucumber Scenarios" data-provider="scenarios" finished-at="2022-10-07T12:16:35 WIB" duration-ms="15484" status="PASS">
          <params>
            <param index="0">
              <value>
                <![CDATA["TSMP018001 Admin edit dua field data modul"]]>
              </value>
            </param>
            <param index="1">
              <value>
                <![CDATA["TSMP018 Admin Edit Data Modul"]]>
              </value>
            </param>
          </params>
          <reporter-output>
          </reporter-output>
        </test-method> <!-- runScenario -->
        <test-method signature="runScenario(io.cucumber.testng.PickleWrapper,io.cucumber.testng.FeatureWrapper)[pri:0, instance:com.sqa.psikotes.framework.runner.TestRunner@2767e23c]" started-at="2022-10-07T12:16:35 WIB" name="runScenario" description="Runs Cucumber Scenarios" data-provider="scenarios" finished-at="2022-10-07T12:16:49 WIB" duration-ms="14497" status="PASS">
          <params>
            <param index="0">
              <value>
                <![CDATA["TSMP018001 Admin edit dua field data modul"]]>
              </value>
            </param>
            <param index="1">
              <value>
                <![CDATA["TSMP018 Admin Edit Data Modul"]]>
              </value>
            </param>
          </params>
          <reporter-output>
          </reporter-output>
        </test-method> <!-- runScenario -->
        <test-method signature="runScenario(io.cucumber.testng.PickleWrapper,io.cucumber.testng.FeatureWrapper)[pri:0, instance:com.sqa.psikotes.framework.runner.TestRunner@2767e23c]" started-at="2022-10-07T12:16:49 WIB" name="runScenario" description="Runs Cucumber Scenarios" data-provider="scenarios" finished-at="2022-10-07T12:17:04 WIB" duration-ms="14363" status="PASS">
          <params>
            <param index="0">
              <value>
                <![CDATA["TSMP018001 Admin edit dua field data modul"]]>
              </value>
            </param>
            <param index="1">
              <value>
                <![CDATA["TSMP018 Admin Edit Data Modul"]]>
              </value>
            </param>
          </params>
          <reporter-output>
          </reporter-output>
        </test-method> <!-- runScenario -->
        <test-method signature="runScenario(io.cucumber.testng.PickleWrapper,io.cucumber.testng.FeatureWrapper)[pri:0, instance:com.sqa.psikotes.framework.runner.TestRunner@2767e23c]" started-at="2022-10-07T12:17:04 WIB" name="runScenario" description="Runs Cucumber Scenarios" data-provider="scenarios" finished-at="2022-10-07T12:17:18 WIB" duration-ms="14471" status="PASS">
          <params>
            <param index="0">
              <value>
                <![CDATA["TSMP018001 Admin edit dua field data modul"]]>
              </value>
            </param>
            <param index="1">
              <value>
                <![CDATA["TSMP018 Admin Edit Data Modul"]]>
              </value>
            </param>
          </params>
          <reporter-output>
          </reporter-output>
        </test-method> <!-- runScenario -->
        <test-method signature="runScenario(io.cucumber.testng.PickleWrapper,io.cucumber.testng.FeatureWrapper)[pri:0, instance:com.sqa.psikotes.framework.runner.TestRunner@2767e23c]" started-at="2022-10-07T12:17:18 WIB" name="runScenario" description="Runs Cucumber Scenarios" data-provider="scenarios" finished-at="2022-10-07T12:18:00 WIB" duration-ms="42278" status="PASS">
          <params>
            <param index="0">
              <value>
                <![CDATA["TSMP018001 Admin edit dua field data modul"]]>
              </value>
            </param>
            <param index="1">
              <value>
                <![CDATA["TSMP018 Admin Edit Data Modul"]]>
              </value>
            </param>
          </params>
          <reporter-output>
          </reporter-output>
        </test-method> <!-- runScenario -->
        <test-method signature="runScenario(io.cucumber.testng.PickleWrapper,io.cucumber.testng.FeatureWrapper)[pri:0, instance:com.sqa.psikotes.framework.runner.TestRunner@2767e23c]" started-at="2022-10-07T12:18:00 WIB" name="runScenario" description="Runs Cucumber Scenarios" data-provider="scenarios" finished-at="2022-10-07T12:18:15 WIB" duration-ms="14460" status="PASS">
          <params>
            <param index="0">
              <value>
                <![CDATA["TSMP018001 Admin edit dua field data modul"]]>
              </value>
            </param>
            <param index="1">
              <value>
                <![CDATA["TSMP018 Admin Edit Data Modul"]]>
              </value>
            </param>
          </params>
          <reporter-output>
          </reporter-output>
        </test-method> <!-- runScenario -->
        <test-method signature="runScenario(io.cucumber.testng.PickleWrapper,io.cucumber.testng.FeatureWrapper)[pri:0, instance:com.sqa.psikotes.framework.runner.TestRunner@2767e23c]" started-at="2022-10-07T12:18:15 WIB" name="runScenario" description="Runs Cucumber Scenarios" data-provider="scenarios" finished-at="2022-10-07T12:18:28 WIB" duration-ms="13441" status="PASS">
          <params>
            <param index="0">
              <value>
                <![CDATA["TSMP018001 Admin edit dua field data modul"]]>
              </value>
            </param>
            <param index="1">
              <value>
                <![CDATA["TSMP018 Admin Edit Data Modul"]]>
              </value>
            </param>
          </params>
          <reporter-output>
          </reporter-output>
        </test-method> <!-- runScenario -->
        <test-method signature="runScenario(io.cucumber.testng.PickleWrapper,io.cucumber.testng.FeatureWrapper)[pri:0, instance:com.sqa.psikotes.framework.runner.TestRunner@2767e23c]" started-at="2022-10-07T12:18:28 WIB" name="runScenario" description="Runs Cucumber Scenarios" data-provider="scenarios" finished-at="2022-10-07T12:18:44 WIB" duration-ms="15410" status="PASS">
          <params>
            <param index="0">
              <value>
                <![CDATA["TSMP018001 Admin edit dua field data modul"]]>
              </value>
            </param>
            <param index="1">
              <value>
                <![CDATA["TSMP018 Admin Edit Data Modul"]]>
              </value>
            </param>
          </params>
          <reporter-output>
          </reporter-output>
        </test-method> <!-- runScenario -->
        <test-method signature="runScenario(io.cucumber.testng.PickleWrapper,io.cucumber.testng.FeatureWrapper)[pri:0, instance:com.sqa.psikotes.framework.runner.TestRunner@2767e23c]" started-at="2022-10-07T12:18:44 WIB" name="runScenario" description="Runs Cucumber Scenarios" data-provider="scenarios" finished-at="2022-10-07T12:19:27 WIB" duration-ms="43374" status="PASS">
          <params>
            <param index="0">
              <value>
                <![CDATA["TSMP018001 Admin edit dua field data modul"]]>
              </value>
            </param>
            <param index="1">
              <value>
                <![CDATA["TSMP018 Admin Edit Data Modul"]]>
              </value>
            </param>
          </params>
          <reporter-output>
          </reporter-output>
        </test-method> <!-- runScenario -->
        <test-method signature="runScenario(io.cucumber.testng.PickleWrapper,io.cucumber.testng.FeatureWrapper)[pri:0, instance:com.sqa.psikotes.framework.runner.TestRunner@2767e23c]" started-at="2022-10-07T12:19:27 WIB" name="runScenario" description="Runs Cucumber Scenarios" data-provider="scenarios" finished-at="2022-10-07T12:19:43 WIB" duration-ms="16026" status="PASS">
          <params>
            <param index="0">
              <value>
                <![CDATA["TSMP018001 Admin edit dua field data modul"]]>
              </value>
            </param>
            <param index="1">
              <value>
                <![CDATA["TSMP018 Admin Edit Data Modul"]]>
              </value>
            </param>
          </params>
          <reporter-output>
          </reporter-output>
        </test-method> <!-- runScenario -->
        <test-method signature="runScenario(io.cucumber.testng.PickleWrapper,io.cucumber.testng.FeatureWrapper)[pri:0, instance:com.sqa.psikotes.framework.runner.TestRunner@2767e23c]" started-at="2022-10-07T12:19:43 WIB" name="runScenario" description="Runs Cucumber Scenarios" data-provider="scenarios" finished-at="2022-10-07T12:19:58 WIB" duration-ms="14611" status="PASS">
          <params>
            <param index="0">
              <value>
                <![CDATA["TSMP018001 Admin edit dua field data modul"]]>
              </value>
            </param>
            <param index="1">
              <value>
                <![CDATA["TSMP018 Admin Edit Data Modul"]]>
              </value>
            </param>
          </params>
          <reporter-output>
          </reporter-output>
        </test-method> <!-- runScenario -->
        <test-method signature="runScenario(io.cucumber.testng.PickleWrapper,io.cucumber.testng.FeatureWrapper)[pri:0, instance:com.sqa.psikotes.framework.runner.TestRunner@2767e23c]" started-at="2022-10-07T12:19:58 WIB" name="runScenario" description="Runs Cucumber Scenarios" data-provider="scenarios" finished-at="2022-10-07T12:20:41 WIB" duration-ms="43465" status="PASS">
          <params>
            <param index="0">
              <value>
                <![CDATA["TSMP018001 Admin edit dua field data modul"]]>
              </value>
            </param>
            <param index="1">
              <value>
                <![CDATA["TSMP018 Admin Edit Data Modul"]]>
              </value>
            </param>
          </params>
          <reporter-output>
          </reporter-output>
        </test-method> <!-- runScenario -->
        <test-method signature="runScenario(io.cucumber.testng.PickleWrapper,io.cucumber.testng.FeatureWrapper)[pri:0, instance:com.sqa.psikotes.framework.runner.TestRunner@2767e23c]" started-at="2022-10-07T12:20:41 WIB" name="runScenario" description="Runs Cucumber Scenarios" data-provider="scenarios" finished-at="2022-10-07T12:20:57 WIB" duration-ms="15296" status="PASS">
          <params>
            <param index="0">
              <value>
                <![CDATA["TSMP018001 Admin edit dua field data modul"]]>
              </value>
            </param>
            <param index="1">
              <value>
                <![CDATA["TSMP018 Admin Edit Data Modul"]]>
              </value>
            </param>
          </params>
          <reporter-output>
          </reporter-output>
        </test-method> <!-- runScenario -->
        <test-method signature="runScenario(io.cucumber.testng.PickleWrapper,io.cucumber.testng.FeatureWrapper)[pri:0, instance:com.sqa.psikotes.framework.runner.TestRunner@2767e23c]" started-at="2022-10-07T12:20:57 WIB" name="runScenario" description="Runs Cucumber Scenarios" data-provider="scenarios" finished-at="2022-10-07T12:21:11 WIB" duration-ms="14270" status="PASS">
          <params>
            <param index="0">
              <value>
                <![CDATA["TSMP018001 Admin edit dua field data modul"]]>
              </value>
            </param>
            <param index="1">
              <value>
                <![CDATA["TSMP018 Admin Edit Data Modul"]]>
              </value>
            </param>
          </params>
          <reporter-output>
          </reporter-output>
        </test-method> <!-- runScenario -->
        <test-method signature="runScenario(io.cucumber.testng.PickleWrapper,io.cucumber.testng.FeatureWrapper)[pri:0, instance:com.sqa.psikotes.framework.runner.TestRunner@2767e23c]" started-at="2022-10-07T12:21:11 WIB" name="runScenario" description="Runs Cucumber Scenarios" data-provider="scenarios" finished-at="2022-10-07T12:21:54 WIB" duration-ms="43356" status="PASS">
          <params>
            <param index="0">
              <value>
                <![CDATA["TSMP018001 Admin edit dua field data modul"]]>
              </value>
            </param>
            <param index="1">
              <value>
                <![CDATA["TSMP018 Admin Edit Data Modul"]]>
              </value>
            </param>
          </params>
          <reporter-output>
          </reporter-output>
        </test-method> <!-- runScenario -->
        <test-method signature="runScenario(io.cucumber.testng.PickleWrapper,io.cucumber.testng.FeatureWrapper)[pri:0, instance:com.sqa.psikotes.framework.runner.TestRunner@2767e23c]" started-at="2022-10-07T12:21:54 WIB" name="runScenario" description="Runs Cucumber Scenarios" data-provider="scenarios" finished-at="2022-10-07T12:22:12 WIB" duration-ms="17495" status="PASS">
          <params>
            <param index="0">
              <value>
                <![CDATA["TSMP018002 Admin edit tiga field  data modul"]]>
              </value>
            </param>
            <param index="1">
              <value>
                <![CDATA["TSMP018 Admin Edit Data Modul"]]>
              </value>
            </param>
          </params>
          <reporter-output>
          </reporter-output>
        </test-method> <!-- runScenario -->
        <test-method signature="runScenario(io.cucumber.testng.PickleWrapper,io.cucumber.testng.FeatureWrapper)[pri:0, instance:com.sqa.psikotes.framework.runner.TestRunner@2767e23c]" started-at="2022-10-07T12:22:12 WIB" name="runScenario" description="Runs Cucumber Scenarios" data-provider="scenarios" finished-at="2022-10-07T12:22:29 WIB" duration-ms="17443" status="PASS">
          <params>
            <param index="0">
              <value>
                <![CDATA["TSMP018002 Admin edit tiga field  data modul"]]>
              </value>
            </param>
            <param index="1">
              <value>
                <![CDATA["TSMP018 Admin Edit Data Modul"]]>
              </value>
            </param>
          </params>
          <reporter-output>
          </reporter-output>
        </test-method> <!-- runScenario -->
        <test-method signature="runScenario(io.cucumber.testng.PickleWrapper,io.cucumber.testng.FeatureWrapper)[pri:0, instance:com.sqa.psikotes.framework.runner.TestRunner@2767e23c]" started-at="2022-10-07T12:22:29 WIB" name="runScenario" description="Runs Cucumber Scenarios" data-provider="scenarios" finished-at="2022-10-07T12:23:15 WIB" duration-ms="45478" status="PASS">
          <params>
            <param index="0">
              <value>
                <![CDATA["TSMP018002 Admin edit tiga field  data modul"]]>
              </value>
            </param>
            <param index="1">
              <value>
                <![CDATA["TSMP018 Admin Edit Data Modul"]]>
              </value>
            </param>
          </params>
          <reporter-output>
          </reporter-output>
        </test-method> <!-- runScenario -->
        <test-method signature="runScenario(io.cucumber.testng.PickleWrapper,io.cucumber.testng.FeatureWrapper)[pri:0, instance:com.sqa.psikotes.framework.runner.TestRunner@2767e23c]" started-at="2022-10-07T12:23:15 WIB" name="runScenario" description="Runs Cucumber Scenarios" data-provider="scenarios" finished-at="2022-10-07T12:23:32 WIB" duration-ms="17586" status="PASS">
          <params>
            <param index="0">
              <value>
                <![CDATA["TSMP018002 Admin edit tiga field  data modul"]]>
              </value>
            </param>
            <param index="1">
              <value>
                <![CDATA["TSMP018 Admin Edit Data Modul"]]>
              </value>
            </param>
          </params>
          <reporter-output>
          </reporter-output>
        </test-method> <!-- runScenario -->
        <test-method signature="runScenario(io.cucumber.testng.PickleWrapper,io.cucumber.testng.FeatureWrapper)[pri:0, instance:com.sqa.psikotes.framework.runner.TestRunner@2767e23c]" started-at="2022-10-07T12:23:32 WIB" name="runScenario" description="Runs Cucumber Scenarios" data-provider="scenarios" finished-at="2022-10-07T12:23:49 WIB" duration-ms="16562" status="PASS">
          <params>
            <param index="0">
              <value>
                <![CDATA["TSMP018002 Admin edit tiga field  data modul"]]>
              </value>
            </param>
            <param index="1">
              <value>
                <![CDATA["TSMP018 Admin Edit Data Modul"]]>
              </value>
            </param>
          </params>
          <reporter-output>
          </reporter-output>
        </test-method> <!-- runScenario -->
        <test-method signature="runScenario(io.cucumber.testng.PickleWrapper,io.cucumber.testng.FeatureWrapper)[pri:0, instance:com.sqa.psikotes.framework.runner.TestRunner@2767e23c]" started-at="2022-10-07T12:23:49 WIB" name="runScenario" description="Runs Cucumber Scenarios" data-provider="scenarios" finished-at="2022-10-07T12:24:07 WIB" duration-ms="18608" status="PASS">
          <params>
            <param index="0">
              <value>
                <![CDATA["TSMP018002 Admin edit tiga field  data modul"]]>
              </value>
            </param>
            <param index="1">
              <value>
                <![CDATA["TSMP018 Admin Edit Data Modul"]]>
              </value>
            </param>
          </params>
          <reporter-output>
          </reporter-output>
        </test-method> <!-- runScenario -->
        <test-method signature="runScenario(io.cucumber.testng.PickleWrapper,io.cucumber.testng.FeatureWrapper)[pri:0, instance:com.sqa.psikotes.framework.runner.TestRunner@2767e23c]" started-at="2022-10-07T12:24:07 WIB" name="runScenario" description="Runs Cucumber Scenarios" data-provider="scenarios" finished-at="2022-10-07T12:24:54 WIB" duration-ms="46460" status="PASS">
          <params>
            <param index="0">
              <value>
                <![CDATA["TSMP018002 Admin edit tiga field  data modul"]]>
              </value>
            </param>
            <param index="1">
              <value>
                <![CDATA["TSMP018 Admin Edit Data Modul"]]>
              </value>
            </param>
          </params>
          <reporter-output>
          </reporter-output>
        </test-method> <!-- runScenario -->
        <test-method signature="runScenario(io.cucumber.testng.PickleWrapper,io.cucumber.testng.FeatureWrapper)[pri:0, instance:com.sqa.psikotes.framework.runner.TestRunner@2767e23c]" started-at="2022-10-07T12:24:54 WIB" name="runScenario" description="Runs Cucumber Scenarios" data-provider="scenarios" finished-at="2022-10-07T12:25:12 WIB" duration-ms="18493" status="PASS">
          <params>
            <param index="0">
              <value>
                <![CDATA["TSMP018002 Admin edit tiga field  data modul"]]>
              </value>
            </param>
            <param index="1">
              <value>
                <![CDATA["TSMP018 Admin Edit Data Modul"]]>
              </value>
            </param>
          </params>
          <reporter-output>
          </reporter-output>
        </test-method> <!-- runScenario -->
        <test-method signature="runScenario(io.cucumber.testng.PickleWrapper,io.cucumber.testng.FeatureWrapper)[pri:0, instance:com.sqa.psikotes.framework.runner.TestRunner@2767e23c]" started-at="2022-10-07T12:25:12 WIB" name="runScenario" description="Runs Cucumber Scenarios" data-provider="scenarios" finished-at="2022-10-07T12:25:30 WIB" duration-ms="17382" status="PASS">
          <params>
            <param index="0">
              <value>
                <![CDATA["TSMP018002 Admin edit tiga field  data modul"]]>
              </value>
            </param>
            <param index="1">
              <value>
                <![CDATA["TSMP018 Admin Edit Data Modul"]]>
              </value>
            </param>
          </params>
          <reporter-output>
          </reporter-output>
        </test-method> <!-- runScenario -->
        <test-method signature="runScenario(io.cucumber.testng.PickleWrapper,io.cucumber.testng.FeatureWrapper)[pri:0, instance:com.sqa.psikotes.framework.runner.TestRunner@2767e23c]" started-at="2022-10-07T12:25:30 WIB" name="runScenario" description="Runs Cucumber Scenarios" data-provider="scenarios" finished-at="2022-10-07T12:26:16 WIB" duration-ms="46397" status="PASS">
          <params>
            <param index="0">
              <value>
                <![CDATA["TSMP018002 Admin edit tiga field  data modul"]]>
              </value>
            </param>
            <param index="1">
              <value>
                <![CDATA["TSMP018 Admin Edit Data Modul"]]>
              </value>
            </param>
          </params>
          <reporter-output>
          </reporter-output>
        </test-method> <!-- runScenario -->
        <test-method signature="runScenario(io.cucumber.testng.PickleWrapper,io.cucumber.testng.FeatureWrapper)[pri:0, instance:com.sqa.psikotes.framework.runner.TestRunner@2767e23c]" started-at="2022-10-07T12:26:16 WIB" name="runScenario" description="Runs Cucumber Scenarios" data-provider="scenarios" finished-at="2022-10-07T12:26:37 WIB" duration-ms="20719" status="PASS">
          <params>
            <param index="0">
              <value>
                <![CDATA["TSMP018002 Admin edit tiga field  data modul"]]>
              </value>
            </param>
            <param index="1">
              <value>
                <![CDATA["TSMP018 Admin Edit Data Modul"]]>
              </value>
            </param>
          </params>
          <reporter-output>
          </reporter-output>
        </test-method> <!-- runScenario -->
        <test-method signature="runScenario(io.cucumber.testng.PickleWrapper,io.cucumber.testng.FeatureWrapper)[pri:0, instance:com.sqa.psikotes.framework.runner.TestRunner@2767e23c]" started-at="2022-10-07T12:26:37 WIB" name="runScenario" description="Runs Cucumber Scenarios" data-provider="scenarios" finished-at="2022-10-07T12:26:55 WIB" duration-ms="17745" status="PASS">
          <params>
            <param index="0">
              <value>
                <![CDATA["TSMP018002 Admin edit tiga field  data modul"]]>
              </value>
            </param>
            <param index="1">
              <value>
                <![CDATA["TSMP018 Admin Edit Data Modul"]]>
              </value>
            </param>
          </params>
          <reporter-output>
          </reporter-output>
        </test-method> <!-- runScenario -->
        <test-method signature="runScenario(io.cucumber.testng.PickleWrapper,io.cucumber.testng.FeatureWrapper)[pri:0, instance:com.sqa.psikotes.framework.runner.TestRunner@2767e23c]" started-at="2022-10-07T12:26:55 WIB" name="runScenario" description="Runs Cucumber Scenarios" data-provider="scenarios" finished-at="2022-10-07T12:27:41 WIB" duration-ms="46859" status="PASS">
          <params>
            <param index="0">
              <value>
                <![CDATA["TSMP018002 Admin edit tiga field  data modul"]]>
              </value>
            </param>
            <param index="1">
              <value>
                <![CDATA["TSMP018 Admin Edit Data Modul"]]>
              </value>
            </param>
          </params>
          <reporter-output>
          </reporter-output>
        </test-method> <!-- runScenario -->
        <test-method signature="runScenario(io.cucumber.testng.PickleWrapper,io.cucumber.testng.FeatureWrapper)[pri:0, instance:com.sqa.psikotes.framework.runner.TestRunner@2767e23c]" started-at="2022-10-07T12:27:41 WIB" name="runScenario" description="Runs Cucumber Scenarios" data-provider="scenarios" finished-at="2022-10-07T12:28:28 WIB" duration-ms="46109" status="PASS">
          <params>
            <param index="0">
              <value>
                <![CDATA["TSMP018002 Admin edit tiga field  data modul"]]>
              </value>
            </param>
            <param index="1">
              <value>
                <![CDATA["TSMP018 Admin Edit Data Modul"]]>
              </value>
            </param>
          </params>
          <reporter-output>
          </reporter-output>
        </test-method> <!-- runScenario -->
        <test-method signature="runScenario(io.cucumber.testng.PickleWrapper,io.cucumber.testng.FeatureWrapper)[pri:0, instance:com.sqa.psikotes.framework.runner.TestRunner@2767e23c]" started-at="2022-10-07T12:28:28 WIB" name="runScenario" description="Runs Cucumber Scenarios" data-provider="scenarios" finished-at="2022-10-07T12:29:18 WIB" duration-ms="50953" status="PASS">
          <params>
            <param index="0">
              <value>
                <![CDATA["TSMP018003 Admin edit empat field data modul"]]>
              </value>
            </param>
            <param index="1">
              <value>
                <![CDATA["TSMP018 Admin Edit Data Modul"]]>
              </value>
            </param>
          </params>
          <reporter-output>
          </reporter-output>
        </test-method> <!-- runScenario -->
        <test-method signature="runScenario(io.cucumber.testng.PickleWrapper,io.cucumber.testng.FeatureWrapper)[pri:0, instance:com.sqa.psikotes.framework.runner.TestRunner@2767e23c]" started-at="2022-10-07T12:29:18 WIB" name="runScenario" description="Runs Cucumber Scenarios" data-provider="scenarios" finished-at="2022-10-07T12:29:41 WIB" duration-ms="22707" status="PASS">
          <params>
            <param index="0">
              <value>
                <![CDATA["TSMP018003 Admin edit empat field data modul"]]>
              </value>
            </param>
            <param index="1">
              <value>
                <![CDATA["TSMP018 Admin Edit Data Modul"]]>
              </value>
            </param>
          </params>
          <reporter-output>
          </reporter-output>
        </test-method> <!-- runScenario -->
        <test-method signature="runScenario(io.cucumber.testng.PickleWrapper,io.cucumber.testng.FeatureWrapper)[pri:0, instance:com.sqa.psikotes.framework.runner.TestRunner@2767e23c]" started-at="2022-10-07T12:29:41 WIB" name="runScenario" description="Runs Cucumber Scenarios" data-provider="scenarios" finished-at="2022-10-07T12:30:02 WIB" duration-ms="21239" status="PASS">
          <params>
            <param index="0">
              <value>
                <![CDATA["TSMP018003 Admin edit empat field data modul"]]>
              </value>
            </param>
            <param index="1">
              <value>
                <![CDATA["TSMP018 Admin Edit Data Modul"]]>
              </value>
            </param>
          </params>
          <reporter-output>
          </reporter-output>
        </test-method> <!-- runScenario -->
        <test-method signature="runScenario(io.cucumber.testng.PickleWrapper,io.cucumber.testng.FeatureWrapper)[pri:0, instance:com.sqa.psikotes.framework.runner.TestRunner@2767e23c]" started-at="2022-10-07T12:30:02 WIB" name="runScenario" description="Runs Cucumber Scenarios" data-provider="scenarios" finished-at="2022-10-07T12:30:24 WIB" duration-ms="21302" status="PASS">
          <params>
            <param index="0">
              <value>
                <![CDATA["TSMP018003 Admin edit empat field data modul"]]>
              </value>
            </param>
            <param index="1">
              <value>
                <![CDATA["TSMP018 Admin Edit Data Modul"]]>
              </value>
            </param>
          </params>
          <reporter-output>
          </reporter-output>
        </test-method> <!-- runScenario -->
        <test-method signature="runScenario(io.cucumber.testng.PickleWrapper,io.cucumber.testng.FeatureWrapper)[pri:0, instance:com.sqa.psikotes.framework.runner.TestRunner@2767e23c]" started-at="2022-10-07T12:30:24 WIB" name="runScenario" description="Runs Cucumber Scenarios" data-provider="scenarios" finished-at="2022-10-07T12:31:10 WIB" duration-ms="46645" status="PASS">
          <params>
            <param index="0">
              <value>
                <![CDATA["TSMP018003 Admin edit empat field data modul"]]>
              </value>
            </param>
            <param index="1">
              <value>
                <![CDATA["TSMP018 Admin Edit Data Modul"]]>
              </value>
            </param>
          </params>
          <reporter-output>
          </reporter-output>
        </test-method> <!-- runScenario -->
        <test-method signature="runScenario(io.cucumber.testng.PickleWrapper,io.cucumber.testng.FeatureWrapper)[pri:0, instance:com.sqa.psikotes.framework.runner.TestRunner@2767e23c]" started-at="2022-10-07T12:31:10 WIB" name="runScenario" description="Runs Cucumber Scenarios" data-provider="scenarios" finished-at="2022-10-07T12:31:59 WIB" duration-ms="48450" status="PASS">
          <params>
            <param index="0">
              <value>
                <![CDATA["TSMP018003 Admin edit empat field data modul"]]>
              </value>
            </param>
            <param index="1">
              <value>
                <![CDATA["TSMP018 Admin Edit Data Modul"]]>
              </value>
            </param>
          </params>
          <reporter-output>
          </reporter-output>
        </test-method> <!-- runScenario -->
        <test-method signature="runScenario(io.cucumber.testng.PickleWrapper,io.cucumber.testng.FeatureWrapper)[pri:0, instance:com.sqa.psikotes.framework.runner.TestRunner@2767e23c]" started-at="2022-10-07T12:31:59 WIB" name="runScenario" description="Runs Cucumber Scenarios" data-provider="scenarios" finished-at="2022-10-07T12:32:09 WIB" duration-ms="9710" status="FAIL">
          <params>
            <param index="0">
              <value>
                <![CDATA["TSMP018003 Admin edit empat field data modul"]]>
              </value>
            </param>
            <param index="1">
              <value>
                <![CDATA["TSMP018 Admin Edit Data Modul"]]>
              </value>
            </param>
          </params>
          <exception class="org.openqa.selenium.ElementClickInterceptedException">
            <message>
              <![CDATA[element click intercepted: Element <img src="/psy/static/img/edit.png" style="margin-left:5px;" alt="" id="--_text" class=" nactioncursor " onclick="sendactiongrid('tl_dis_agree-','tl_dis_agree--52812','actiongrid-0-edit','','0')"> is not clickable at point (1448, 325). Other element would receive the click: <div class="nikita-form-busy-bg" style="background-color:white;position:fixed;left:0px;bottom:0px;right:0px;top:0px;"></div>
  (Session info: chrome=106.0.5249.103)
Build info: version: '4.4.0', revision: 'e5c75ed026a'
System info: host: 'DESKTOP-BIUCLJH', ip: '10.0.0.5', os.name: 'Windows 10', os.arch: 'amd64', os.version: '10.0', java.version: '17.0.4'
Driver info: org.openqa.selenium.chrome.ChromeDriver
Command: [83a3b01a4550b32ceb39a680e4ff6304, clickElement {id=d85b779c-051e-4ea8-a997-9c6a43000ece}]
Capabilities {acceptInsecureCerts: false, browserName: chrome, browserVersion: 106.0.5249.103, chrome: {chromedriverVersion: 106.0.5249.61 (511755355844..., userDataDir: C:\Users\nexsoft\AppData\Lo...}, goog:chromeOptions: {debuggerAddress: localhost:58560}, networkConnectionEnabled: false, pageLoadStrategy: normal, platformName: WINDOWS, proxy: Proxy(), se:cdp: ws://localhost:58560/devtoo..., se:cdpVersion: 106.0.5249.103, setWindowRect: true, strictFileInteractability: false, timeouts: {implicit: 0, pageLoad: 300000, script: 30000}, unhandledPromptBehavior: dismiss and notify, webauthn:extension:credBlob: true, webauthn:extension:largeBlob: true, webauthn:virtualAuthenticators: true}
Element: [[ChromeDriver: chrome on WINDOWS (83a3b01a4550b32ceb39a680e4ff6304)] -> xpath: //td[3]/div/img]
Session ID: 83a3b01a4550b32ceb39a680e4ff6304]]>
            </message>
            <full-stacktrace>
              <![CDATA[org.openqa.selenium.ElementClickInterceptedException: element click intercepted: Element <img src="/psy/static/img/edit.png" style="margin-left:5px;" alt="" id="--_text" class=" nactioncursor " onclick="sendactiongrid('tl_dis_agree-','tl_dis_agree--52812','actiongrid-0-edit','','0')"> is not clickable at point (1448, 325). Other element would receive the click: <div class="nikita-form-busy-bg" style="background-color:white;position:fixed;left:0px;bottom:0px;right:0px;top:0px;"></div>
  (Session info: chrome=106.0.5249.103)
Build info: version: '4.4.0', revision: 'e5c75ed026a'
System info: host: 'DESKTOP-BIUCLJH', ip: '10.0.0.5', os.name: 'Windows 10', os.arch: 'amd64', os.version: '10.0', java.version: '17.0.4'
Driver info: org.openqa.selenium.chrome.ChromeDriver
Command: [83a3b01a4550b32ceb39a680e4ff6304, clickElement {id=d85b779c-051e-4ea8-a997-9c6a43000ece}]
Capabilities {acceptInsecureCerts: false, browserName: chrome, browserVersion: 106.0.5249.103, chrome: {chromedriverVersion: 106.0.5249.61 (511755355844..., userDataDir: C:\Users\nexsoft\AppData\Lo...}, goog:chromeOptions: {debuggerAddress: localhost:58560}, networkConnectionEnabled: false, pageLoadStrategy: normal, platformName: WINDOWS, proxy: Proxy(), se:cdp: ws://localhost:58560/devtoo..., se:cdpVersion: 106.0.5249.103, setWindowRect: true, strictFileInteractability: false, timeouts: {implicit: 0, pageLoad: 300000, script: 30000}, unhandledPromptBehavior: dismiss and notify, webauthn:extension:credBlob: true, webauthn:extension:largeBlob: true, webauthn:virtualAuthenticators: true}
Element: [[ChromeDriver: chrome on WINDOWS (83a3b01a4550b32ceb39a680e4ff6304)] -> xpath: //td[3]/div/img]
Session ID: 83a3b01a4550b32ceb39a680e4ff6304
at java.base/jdk.internal.reflect.NativeConstructorAccessorImpl.newInstance0(Native Method)
at java.base/jdk.internal.reflect.NativeConstructorAccessorImpl.newInstance(NativeConstructorAccessorImpl.java:77)
at java.base/jdk.internal.reflect.DelegatingConstructorAccessorImpl.newInstance(DelegatingConstructorAccessorImpl.java:45)
at java.base/java.lang.reflect.Constructor.newInstanceWithCaller(Constructor.java:499)
at java.base/java.lang.reflect.Constructor.newInstance(Constructor.java:480)
at org.openqa.selenium.remote.codec.w3c.W3CHttpResponseCodec.createException(W3CHttpResponseCodec.java:200)
at org.openqa.selenium.remote.codec.w3c.W3CHttpResponseCodec.decode(W3CHttpResponseCodec.java:133)
at org.openqa.selenium.remote.codec.w3c.W3CHttpResponseCodec.decode(W3CHttpResponseCodec.java:53)
at org.openqa.selenium.remote.HttpCommandExecutor.execute(HttpCommandExecutor.java:184)
at org.openqa.selenium.remote.service.DriverCommandExecutor.invokeExecute(DriverCommandExecutor.java:167)
at org.openqa.selenium.remote.service.DriverCommandExecutor.execute(DriverCommandExecutor.java:142)
at org.openqa.selenium.remote.RemoteWebDriver.execute(RemoteWebDriver.java:547)
at org.openqa.selenium.remote.RemoteWebElement.execute(RemoteWebElement.java:257)
at org.openqa.selenium.remote.RemoteWebElement.click(RemoteWebElement.java:78)
at jdk.internal.reflect.GeneratedMethodAccessor75.invoke(Unknown Source)
at java.base/jdk.internal.reflect.DelegatingMethodAccessorImpl.invoke(DelegatingMethodAccessorImpl.java:43)
at java.base/java.lang.reflect.Method.invoke(Method.java:568)
at org.openqa.selenium.support.pagefactory.internal.LocatingElementHandler.invoke(LocatingElementHandler.java:52)
at jdk.proxy2/jdk.proxy2.$Proxy32.click(Unknown Source)
at com.sqa.psikotes.framework.page.ModulPage.clickBtnEditModul(ModulPage.java:393)
at com.sqa.psikotes.framework.runner.TestMPEditDataModulValid.tsmp018001_admin_berhasil_masuk_form_edit_modul(TestMPEditDataModulValid.java:38)
at ✽.TSMP018001 Admin berhasil masuk form edit modul(file:///C:/Users/nexsoft/git/TAAyu/TAAyu/src/main/resources/features/227MPEditModulValid.feature:8)
]]>
            </full-stacktrace>
          </exception> <!-- org.openqa.selenium.ElementClickInterceptedException -->
          <reporter-output>
          </reporter-output>
        </test-method> <!-- runScenario -->
        <test-method signature="runScenario(io.cucumber.testng.PickleWrapper,io.cucumber.testng.FeatureWrapper)[pri:0, instance:com.sqa.psikotes.framework.runner.TestRunner@2767e23c]" started-at="2022-10-07T12:32:09 WIB" name="runScenario" description="Runs Cucumber Scenarios" data-provider="scenarios" finished-at="2022-10-07T12:32:56 WIB" duration-ms="47254" status="PASS">
          <params>
            <param index="0">
              <value>
                <![CDATA["TSMP018003 Admin edit empat field data modul"]]>
              </value>
            </param>
            <param index="1">
              <value>
                <![CDATA["TSMP018 Admin Edit Data Modul"]]>
              </value>
            </param>
          </params>
          <reporter-output>
          </reporter-output>
        </test-method> <!-- runScenario -->
        <test-method signature="runScenario(io.cucumber.testng.PickleWrapper,io.cucumber.testng.FeatureWrapper)[pri:0, instance:com.sqa.psikotes.framework.runner.TestRunner@2767e23c]" started-at="2022-10-07T12:32:56 WIB" name="runScenario" description="Runs Cucumber Scenarios" data-provider="scenarios" finished-at="2022-10-07T12:33:44 WIB" duration-ms="48209" status="PASS">
          <params>
            <param index="0">
              <value>
                <![CDATA["TSMP018003 Admin edit empat field data modul"]]>
              </value>
            </param>
            <param index="1">
              <value>
                <![CDATA["TSMP018 Admin Edit Data Modul"]]>
              </value>
            </param>
          </params>
          <reporter-output>
          </reporter-output>
        </test-method> <!-- runScenario -->
        <test-method signature="runScenario(io.cucumber.testng.PickleWrapper,io.cucumber.testng.FeatureWrapper)[pri:0, instance:com.sqa.psikotes.framework.runner.TestRunner@2767e23c]" started-at="2022-10-07T12:33:44 WIB" name="runScenario" description="Runs Cucumber Scenarios" data-provider="scenarios" finished-at="2022-10-07T12:34:31 WIB" duration-ms="46806" status="PASS">
          <params>
            <param index="0">
              <value>
                <![CDATA["TSMP018003 Admin edit empat field data modul"]]>
              </value>
            </param>
            <param index="1">
              <value>
                <![CDATA["TSMP018 Admin Edit Data Modul"]]>
              </value>
            </param>
          </params>
          <reporter-output>
          </reporter-output>
        </test-method> <!-- runScenario -->
        <test-method signature="runScenario(io.cucumber.testng.PickleWrapper,io.cucumber.testng.FeatureWrapper)[pri:0, instance:com.sqa.psikotes.framework.runner.TestRunner@2767e23c]" started-at="2022-10-07T12:34:31 WIB" name="runScenario" description="Runs Cucumber Scenarios" data-provider="scenarios" finished-at="2022-10-07T12:35:21 WIB" duration-ms="49806" status="PASS">
          <params>
            <param index="0">
              <value>
                <![CDATA["TSMP018004 Admin edit lima field  data modul"]]>
              </value>
            </param>
            <param index="1">
              <value>
                <![CDATA["TSMP018 Admin Edit Data Modul"]]>
              </value>
            </param>
          </params>
          <reporter-output>
          </reporter-output>
        </test-method> <!-- runScenario -->
        <test-method signature="runScenario(io.cucumber.testng.PickleWrapper,io.cucumber.testng.FeatureWrapper)[pri:0, instance:com.sqa.psikotes.framework.runner.TestRunner@2767e23c]" started-at="2022-10-07T12:35:21 WIB" name="runScenario" description="Runs Cucumber Scenarios" data-provider="scenarios" finished-at="2022-10-07T12:36:10 WIB" duration-ms="49656" status="PASS">
          <params>
            <param index="0">
              <value>
                <![CDATA["TSMP018004 Admin edit lima field  data modul"]]>
              </value>
            </param>
            <param index="1">
              <value>
                <![CDATA["TSMP018 Admin Edit Data Modul"]]>
              </value>
            </param>
          </params>
          <reporter-output>
          </reporter-output>
        </test-method> <!-- runScenario -->
        <test-method signature="runScenario(io.cucumber.testng.PickleWrapper,io.cucumber.testng.FeatureWrapper)[pri:0, instance:com.sqa.psikotes.framework.runner.TestRunner@2767e23c]" started-at="2022-10-07T12:36:10 WIB" name="runScenario" description="Runs Cucumber Scenarios" data-provider="scenarios" finished-at="2022-10-07T12:37:00 WIB" duration-ms="49876" status="PASS">
          <params>
            <param index="0">
              <value>
                <![CDATA["TSMP018004 Admin edit lima field  data modul"]]>
              </value>
            </param>
            <param index="1">
              <value>
                <![CDATA["TSMP018 Admin Edit Data Modul"]]>
              </value>
            </param>
          </params>
          <reporter-output>
          </reporter-output>
        </test-method> <!-- runScenario -->
        <test-method signature="runScenario(io.cucumber.testng.PickleWrapper,io.cucumber.testng.FeatureWrapper)[pri:0, instance:com.sqa.psikotes.framework.runner.TestRunner@2767e23c]" started-at="2022-10-07T12:37:00 WIB" name="runScenario" description="Runs Cucumber Scenarios" data-provider="scenarios" finished-at="2022-10-07T12:37:51 WIB" duration-ms="50395" status="PASS">
          <params>
            <param index="0">
              <value>
                <![CDATA["TSMP018004 Admin edit lima field  data modul"]]>
              </value>
            </param>
            <param index="1">
              <value>
                <![CDATA["TSMP018 Admin Edit Data Modul"]]>
              </value>
            </param>
          </params>
          <reporter-output>
          </reporter-output>
        </test-method> <!-- runScenario -->
        <test-method signature="runScenario(io.cucumber.testng.PickleWrapper,io.cucumber.testng.FeatureWrapper)[pri:0, instance:com.sqa.psikotes.framework.runner.TestRunner@2767e23c]" started-at="2022-10-07T12:37:51 WIB" name="runScenario" description="Runs Cucumber Scenarios" data-provider="scenarios" finished-at="2022-10-07T12:38:39 WIB" duration-ms="48337" status="PASS">
          <params>
            <param index="0">
              <value>
                <![CDATA["TSMP018004 Admin edit lima field  data modul"]]>
              </value>
            </param>
            <param index="1">
              <value>
                <![CDATA["TSMP018 Admin Edit Data Modul"]]>
              </value>
            </param>
          </params>
          <reporter-output>
          </reporter-output>
        </test-method> <!-- runScenario -->
        <test-method signature="runScenario(io.cucumber.testng.PickleWrapper,io.cucumber.testng.FeatureWrapper)[pri:0, instance:com.sqa.psikotes.framework.runner.TestRunner@2767e23c]" started-at="2022-10-07T12:38:39 WIB" name="runScenario" description="Runs Cucumber Scenarios" data-provider="scenarios" finished-at="2022-10-07T12:38:48 WIB" duration-ms="9277" status="FAIL">
          <params>
            <param index="0">
              <value>
                <![CDATA["TSMP018004 Admin edit lima field  data modul"]]>
              </value>
            </param>
            <param index="1">
              <value>
                <![CDATA["TSMP018 Admin Edit Data Modul"]]>
              </value>
            </param>
          </params>
          <exception class="org.openqa.selenium.StaleElementReferenceException">
            <message>
              <![CDATA[stale element reference: element is not attached to the page document
  (Session info: chrome=106.0.5249.103)
For documentation on this error, please visit: https://selenium.dev/exceptions/#stale_element_reference
Build info: version: '4.4.0', revision: 'e5c75ed026a'
System info: host: 'DESKTOP-BIUCLJH', ip: '10.0.0.5', os.name: 'Windows 10', os.arch: 'amd64', os.version: '10.0', java.version: '17.0.4'
Driver info: org.openqa.selenium.chrome.ChromeDriver
Command: [83a3b01a4550b32ceb39a680e4ff6304, clickElement {id=df2be973-5775-401a-9173-f2eac98e27ea}]
Capabilities {acceptInsecureCerts: false, browserName: chrome, browserVersion: 106.0.5249.103, chrome: {chromedriverVersion: 106.0.5249.61 (511755355844..., userDataDir: C:\Users\nexsoft\AppData\Lo...}, goog:chromeOptions: {debuggerAddress: localhost:58560}, networkConnectionEnabled: false, pageLoadStrategy: normal, platformName: WINDOWS, proxy: Proxy(), se:cdp: ws://localhost:58560/devtoo..., se:cdpVersion: 106.0.5249.103, setWindowRect: true, strictFileInteractability: false, timeouts: {implicit: 0, pageLoad: 300000, script: 30000}, unhandledPromptBehavior: dismiss and notify, webauthn:extension:credBlob: true, webauthn:extension:largeBlob: true, webauthn:virtualAuthenticators: true}
Element: [[ChromeDriver: chrome on WINDOWS (83a3b01a4550b32ceb39a680e4ff6304)] -> xpath: //td[3]/div/img]
Session ID: 83a3b01a4550b32ceb39a680e4ff6304]]>
            </message>
            <full-stacktrace>
              <![CDATA[org.openqa.selenium.StaleElementReferenceException: stale element reference: element is not attached to the page document
  (Session info: chrome=106.0.5249.103)
For documentation on this error, please visit: https://selenium.dev/exceptions/#stale_element_reference
Build info: version: '4.4.0', revision: 'e5c75ed026a'
System info: host: 'DESKTOP-BIUCLJH', ip: '10.0.0.5', os.name: 'Windows 10', os.arch: 'amd64', os.version: '10.0', java.version: '17.0.4'
Driver info: org.openqa.selenium.chrome.ChromeDriver
Command: [83a3b01a4550b32ceb39a680e4ff6304, clickElement {id=df2be973-5775-401a-9173-f2eac98e27ea}]
Capabilities {acceptInsecureCerts: false, browserName: chrome, browserVersion: 106.0.5249.103, chrome: {chromedriverVersion: 106.0.5249.61 (511755355844..., userDataDir: C:\Users\nexsoft\AppData\Lo...}, goog:chromeOptions: {debuggerAddress: localhost:58560}, networkConnectionEnabled: false, pageLoadStrategy: normal, platformName: WINDOWS, proxy: Proxy(), se:cdp: ws://localhost:58560/devtoo..., se:cdpVersion: 106.0.5249.103, setWindowRect: true, strictFileInteractability: false, timeouts: {implicit: 0, pageLoad: 300000, script: 30000}, unhandledPromptBehavior: dismiss and notify, webauthn:extension:credBlob: true, webauthn:extension:largeBlob: true, webauthn:virtualAuthenticators: true}
Element: [[ChromeDriver: chrome on WINDOWS (83a3b01a4550b32ceb39a680e4ff6304)] -> xpath: //td[3]/div/img]
Session ID: 83a3b01a4550b32ceb39a680e4ff6304
at java.base/jdk.internal.reflect.NativeConstructorAccessorImpl.newInstance0(Native Method)
at java.base/jdk.internal.reflect.NativeConstructorAccessorImpl.newInstance(NativeConstructorAccessorImpl.java:77)
at java.base/jdk.internal.reflect.DelegatingConstructorAccessorImpl.newInstance(DelegatingConstructorAccessorImpl.java:45)
at java.base/java.lang.reflect.Constructor.newInstanceWithCaller(Constructor.java:499)
at java.base/java.lang.reflect.Constructor.newInstance(Constructor.java:480)
at org.openqa.selenium.remote.codec.w3c.W3CHttpResponseCodec.createException(W3CHttpResponseCodec.java:200)
at org.openqa.selenium.remote.codec.w3c.W3CHttpResponseCodec.decode(W3CHttpResponseCodec.java:133)
at org.openqa.selenium.remote.codec.w3c.W3CHttpResponseCodec.decode(W3CHttpResponseCodec.java:53)
at org.openqa.selenium.remote.HttpCommandExecutor.execute(HttpCommandExecutor.java:184)
at org.openqa.selenium.remote.service.DriverCommandExecutor.invokeExecute(DriverCommandExecutor.java:167)
at org.openqa.selenium.remote.service.DriverCommandExecutor.execute(DriverCommandExecutor.java:142)
at org.openqa.selenium.remote.RemoteWebDriver.execute(RemoteWebDriver.java:547)
at org.openqa.selenium.remote.RemoteWebElement.execute(RemoteWebElement.java:257)
at org.openqa.selenium.remote.RemoteWebElement.click(RemoteWebElement.java:78)
at jdk.internal.reflect.GeneratedMethodAccessor75.invoke(Unknown Source)
at java.base/jdk.internal.reflect.DelegatingMethodAccessorImpl.invoke(DelegatingMethodAccessorImpl.java:43)
at java.base/java.lang.reflect.Method.invoke(Method.java:568)
at org.openqa.selenium.support.pagefactory.internal.LocatingElementHandler.invoke(LocatingElementHandler.java:52)
at jdk.proxy2/jdk.proxy2.$Proxy32.click(Unknown Source)
at com.sqa.psikotes.framework.page.ModulPage.clickBtnEditModul(ModulPage.java:393)
at com.sqa.psikotes.framework.runner.TestMPEditDataModulValid.tsmp018001_admin_berhasil_masuk_form_edit_modul(TestMPEditDataModulValid.java:38)
at ✽.TSMP018001 Admin berhasil masuk form edit modul(file:///C:/Users/nexsoft/git/TAAyu/TAAyu/src/main/resources/features/227MPEditModulValid.feature:8)
]]>
            </full-stacktrace>
          </exception> <!-- org.openqa.selenium.StaleElementReferenceException -->
          <reporter-output>
          </reporter-output>
        </test-method> <!-- runScenario -->
        <test-method signature="runScenario(io.cucumber.testng.PickleWrapper,io.cucumber.testng.FeatureWrapper)[pri:0, instance:com.sqa.psikotes.framework.runner.TestRunner@2767e23c]" started-at="2022-10-07T12:38:48 WIB" name="runScenario" description="Runs Cucumber Scenarios" data-provider="scenarios" finished-at="2022-10-07T12:39:39 WIB" duration-ms="51236" status="PASS">
          <params>
            <param index="0">
              <value>
                <![CDATA["TSMP018005 Admin edit enam field data modul"]]>
              </value>
            </param>
            <param index="1">
              <value>
                <![CDATA["TSMP018 Admin Edit Data Modul"]]>
              </value>
            </param>
          </params>
          <reporter-output>
          </reporter-output>
        </test-method> <!-- runScenario -->
        <test-method signature="runScenario(io.cucumber.testng.PickleWrapper,io.cucumber.testng.FeatureWrapper)[pri:0, instance:com.sqa.psikotes.framework.runner.TestRunner@2767e23c]" started-at="2022-10-07T12:39:39 WIB" name="runScenario" description="Runs Cucumber Scenarios" data-provider="scenarios" finished-at="2022-10-07T12:40:31 WIB" duration-ms="51240" status="PASS">
          <params>
            <param index="0">
              <value>
                <![CDATA["TSMP018005 Admin edit enam field data modul"]]>
              </value>
            </param>
            <param index="1">
              <value>
                <![CDATA["TSMP018 Admin Edit Data Modul"]]>
              </value>
            </param>
          </params>
          <reporter-output>
          </reporter-output>
        </test-method> <!-- runScenario -->
        <test-method signature="runScenario(io.cucumber.testng.PickleWrapper,io.cucumber.testng.FeatureWrapper)[pri:0, instance:com.sqa.psikotes.framework.runner.TestRunner@2767e23c]" started-at="2022-10-07T12:40:31 WIB" name="runScenario" description="Runs Cucumber Scenarios" data-provider="scenarios" finished-at="2022-10-07T12:41:22 WIB" duration-ms="50873" status="PASS">
          <params>
            <param index="0">
              <value>
                <![CDATA["TSMP018005 Admin edit enam field data modul"]]>
              </value>
            </param>
            <param index="1">
              <value>
                <![CDATA["TSMP018 Admin Edit Data Modul"]]>
              </value>
            </param>
          </params>
          <reporter-output>
          </reporter-output>
        </test-method> <!-- runScenario -->
        <test-method signature="runScenario(io.cucumber.testng.PickleWrapper,io.cucumber.testng.FeatureWrapper)[pri:0, instance:com.sqa.psikotes.framework.runner.TestRunner@2767e23c]" started-at="2022-10-07T12:41:22 WIB" name="runScenario" description="Runs Cucumber Scenarios" data-provider="scenarios" finished-at="2022-10-07T12:42:15 WIB" duration-ms="53709" status="PASS">
          <params>
            <param index="0">
              <value>
                <![CDATA["TSMP018006 Admin edit tujuh field data modul"]]>
              </value>
            </param>
            <param index="1">
              <value>
                <![CDATA["TSMP018 Admin Edit Data Modul"]]>
              </value>
            </param>
          </params>
          <reporter-output>
          </reporter-output>
        </test-method> <!-- runScenario -->
        <test-method is-config="true" signature="tearDownClass()[pri:0, instance:com.sqa.psikotes.framework.runner.TestRunner@2767e23c]" started-at="2022-10-07T12:42:15 WIB" name="tearDownClass" finished-at="2022-10-07T12:42:16 WIB" duration-ms="901" status="PASS">
          <reporter-output>
          </reporter-output>
        </test-method> <!-- tearDownClass -->
      </class> <!-- com.sqa.psikotes.framework.runner.TestRunner -->
    </test> <!-- Default test -->
  </suite> <!-- Default suite -->
</testng-results>
