<?xml version="1.0" encoding="UTF-8"?>
<testng-results ignored="0" total="57" passed="57" failed="0" skipped="0">
  <reporter-output>
  </reporter-output>
  <suite started-at="2022-10-04T13:46:55 WIB" name="Default suite" finished-at="2022-10-04T13:56:44 WIB" duration-ms="588944">
    <groups>
      <group name="cucumber">
        <method signature="AbstractTestNGCucumberTests.runScenario(io.cucumber.testng.PickleWrapper,io.cucumber.testng.FeatureWrapper)[pri:0, instance:com.sqa.psikotes.framework.runner.TestRunner@2767e23c]" name="runScenario" class="io.cucumber.testng.AbstractTestNGCucumberTests"/>
      </group> <!-- cucumber -->
    </groups>
    <test started-at="2022-10-04T13:46:55 WIB" name="Default test" finished-at="2022-10-04T13:56:44 WIB" duration-ms="588944">
      <class name="com.sqa.psikotes.framework.runner.TestRunner">
        <test-method is-config="true" signature="setUpClass(org.testng.ITestContext)[pri:0, instance:com.sqa.psikotes.framework.runner.TestRunner@2767e23c]" started-at="2022-10-04T13:46:55 WIB" name="setUpClass" finished-at="2022-10-04T13:46:56 WIB" duration-ms="671" status="PASS">
          <params>
            <param index="0">
              <value>
                <![CDATA[org.testng.TestRunner@3ae96d5b]]>
              </value>
            </param>
          </params>
          <reporter-output>
          </reporter-output>
        </test-method> <!-- setUpClass -->
        <test-method signature="runScenario(io.cucumber.testng.PickleWrapper,io.cucumber.testng.FeatureWrapper)[pri:0, instance:com.sqa.psikotes.framework.runner.TestRunner@2767e23c]" started-at="2022-10-04T13:46:56 WIB" name="runScenario" description="Runs Cucumber Scenarios" data-provider="scenarios" finished-at="2022-10-04T13:47:08 WIB" duration-ms="12517" status="PASS">
          <params>
            <param index="0">
              <value>
                <![CDATA["TSMP001001 Admin buka halaman modul"]]>
              </value>
            </param>
            <param index="1">
              <value>
                <![CDATA["TSMP001 Admin masuk ke halaman modul"]]>
              </value>
            </param>
          </params>
          <reporter-output>
          </reporter-output>
        </test-method> <!-- runScenario -->
        <test-method signature="runScenario(io.cucumber.testng.PickleWrapper,io.cucumber.testng.FeatureWrapper)[pri:0, instance:com.sqa.psikotes.framework.runner.TestRunner@2767e23c]" started-at="2022-10-04T13:47:08 WIB" name="runScenario" description="Runs Cucumber Scenarios" data-provider="scenarios" finished-at="2022-10-04T13:47:17 WIB" duration-ms="8938" status="PASS">
          <params>
            <param index="0">
              <value>
                <![CDATA["TSMP002001 Admin cari data berdasarkan nama modul menggunakan enter pada keyboard"]]>
              </value>
            </param>
            <param index="1">
              <value>
                <![CDATA["TSMP002 Admin cari data nama modul"]]>
              </value>
            </param>
          </params>
          <reporter-output>
          </reporter-output>
        </test-method> <!-- runScenario -->
        <test-method signature="runScenario(io.cucumber.testng.PickleWrapper,io.cucumber.testng.FeatureWrapper)[pri:0, instance:com.sqa.psikotes.framework.runner.TestRunner@2767e23c]" started-at="2022-10-04T13:47:17 WIB" name="runScenario" description="Runs Cucumber Scenarios" data-provider="scenarios" finished-at="2022-10-04T13:47:26 WIB" duration-ms="8908" status="PASS">
          <params>
            <param index="0">
              <value>
                <![CDATA["TSMP002002 Admin cari data berdasarkan nama modul menggunakan button hijau"]]>
              </value>
            </param>
            <param index="1">
              <value>
                <![CDATA["TSMP002 Admin cari data nama modul"]]>
              </value>
            </param>
          </params>
          <reporter-output>
          </reporter-output>
        </test-method> <!-- runScenario -->
        <test-method signature="runScenario(io.cucumber.testng.PickleWrapper,io.cucumber.testng.FeatureWrapper)[pri:0, instance:com.sqa.psikotes.framework.runner.TestRunner@2767e23c]" started-at="2022-10-04T13:47:26 WIB" name="runScenario" description="Runs Cucumber Scenarios" data-provider="scenarios" finished-at="2022-10-04T13:47:35 WIB" duration-ms="9044" status="PASS">
          <params>
            <param index="0">
              <value>
                <![CDATA["TSMP002003 Admin cari data berdasarkan nama modul menggunakan button search"]]>
              </value>
            </param>
            <param index="1">
              <value>
                <![CDATA["TSMP002 Admin cari data nama modul"]]>
              </value>
            </param>
          </params>
          <reporter-output>
          </reporter-output>
        </test-method> <!-- runScenario -->
        <test-method signature="runScenario(io.cucumber.testng.PickleWrapper,io.cucumber.testng.FeatureWrapper)[pri:0, instance:com.sqa.psikotes.framework.runner.TestRunner@2767e23c]" started-at="2022-10-04T13:47:35 WIB" name="runScenario" description="Runs Cucumber Scenarios" data-provider="scenarios" finished-at="2022-10-04T13:47:46 WIB" duration-ms="10625" status="PASS">
          <params>
            <param index="0">
              <value>
                <![CDATA["TSMP003 Admin ingin menambahkan modul"]]>
              </value>
            </param>
            <param index="1">
              <value>
                <![CDATA["TSMP003 Admin tambah modul"]]>
              </value>
            </param>
          </params>
          <reporter-output>
          </reporter-output>
        </test-method> <!-- runScenario -->
        <test-method signature="runScenario(io.cucumber.testng.PickleWrapper,io.cucumber.testng.FeatureWrapper)[pri:0, instance:com.sqa.psikotes.framework.runner.TestRunner@2767e23c]" started-at="2022-10-04T13:47:46 WIB" name="runScenario" description="Runs Cucumber Scenarios" data-provider="scenarios" finished-at="2022-10-04T13:47:56 WIB" duration-ms="10474" status="PASS">
          <params>
            <param index="0">
              <value>
                <![CDATA["TSMP003 Admin ingin menambahkan modul"]]>
              </value>
            </param>
            <param index="1">
              <value>
                <![CDATA["TSMP003 Admin tambah modul"]]>
              </value>
            </param>
          </params>
          <reporter-output>
          </reporter-output>
        </test-method> <!-- runScenario -->
        <test-method signature="runScenario(io.cucumber.testng.PickleWrapper,io.cucumber.testng.FeatureWrapper)[pri:0, instance:com.sqa.psikotes.framework.runner.TestRunner@2767e23c]" started-at="2022-10-04T13:47:56 WIB" name="runScenario" description="Runs Cucumber Scenarios" data-provider="scenarios" finished-at="2022-10-04T13:48:07 WIB" duration-ms="10458" status="PASS">
          <params>
            <param index="0">
              <value>
                <![CDATA["TSMP003 Admin ingin menambahkan modul"]]>
              </value>
            </param>
            <param index="1">
              <value>
                <![CDATA["TSMP003 Admin tambah modul"]]>
              </value>
            </param>
          </params>
          <reporter-output>
          </reporter-output>
        </test-method> <!-- runScenario -->
        <test-method signature="runScenario(io.cucumber.testng.PickleWrapper,io.cucumber.testng.FeatureWrapper)[pri:0, instance:com.sqa.psikotes.framework.runner.TestRunner@2767e23c]" started-at="2022-10-04T13:48:07 WIB" name="runScenario" description="Runs Cucumber Scenarios" data-provider="scenarios" finished-at="2022-10-04T13:48:17 WIB" duration-ms="10434" status="PASS">
          <params>
            <param index="0">
              <value>
                <![CDATA["TSMP003 Admin ingin menambahkan modul"]]>
              </value>
            </param>
            <param index="1">
              <value>
                <![CDATA["TSMP003 Admin tambah modul"]]>
              </value>
            </param>
          </params>
          <reporter-output>
          </reporter-output>
        </test-method> <!-- runScenario -->
        <test-method signature="runScenario(io.cucumber.testng.PickleWrapper,io.cucumber.testng.FeatureWrapper)[pri:0, instance:com.sqa.psikotes.framework.runner.TestRunner@2767e23c]" started-at="2022-10-04T13:48:17 WIB" name="runScenario" description="Runs Cucumber Scenarios" data-provider="scenarios" finished-at="2022-10-04T13:48:28 WIB" duration-ms="10475" status="PASS">
          <params>
            <param index="0">
              <value>
                <![CDATA["TSMP003 Admin ingin menambahkan modul"]]>
              </value>
            </param>
            <param index="1">
              <value>
                <![CDATA["TSMP003 Admin tambah modul"]]>
              </value>
            </param>
          </params>
          <reporter-output>
          </reporter-output>
        </test-method> <!-- runScenario -->
        <test-method signature="runScenario(io.cucumber.testng.PickleWrapper,io.cucumber.testng.FeatureWrapper)[pri:0, instance:com.sqa.psikotes.framework.runner.TestRunner@2767e23c]" started-at="2022-10-04T13:48:28 WIB" name="runScenario" description="Runs Cucumber Scenarios" data-provider="scenarios" finished-at="2022-10-04T13:48:38 WIB" duration-ms="10447" status="PASS">
          <params>
            <param index="0">
              <value>
                <![CDATA["TSMP003 Admin ingin menambahkan modul"]]>
              </value>
            </param>
            <param index="1">
              <value>
                <![CDATA["TSMP003 Admin tambah modul"]]>
              </value>
            </param>
          </params>
          <reporter-output>
          </reporter-output>
        </test-method> <!-- runScenario -->
        <test-method signature="runScenario(io.cucumber.testng.PickleWrapper,io.cucumber.testng.FeatureWrapper)[pri:0, instance:com.sqa.psikotes.framework.runner.TestRunner@2767e23c]" started-at="2022-10-04T13:48:38 WIB" name="runScenario" description="Runs Cucumber Scenarios" data-provider="scenarios" finished-at="2022-10-04T13:48:49 WIB" duration-ms="10435" status="PASS">
          <params>
            <param index="0">
              <value>
                <![CDATA["TSMP003 Admin ingin menambahkan modul"]]>
              </value>
            </param>
            <param index="1">
              <value>
                <![CDATA["TSMP003 Admin tambah modul"]]>
              </value>
            </param>
          </params>
          <reporter-output>
          </reporter-output>
        </test-method> <!-- runScenario -->
        <test-method signature="runScenario(io.cucumber.testng.PickleWrapper,io.cucumber.testng.FeatureWrapper)[pri:0, instance:com.sqa.psikotes.framework.runner.TestRunner@2767e23c]" started-at="2022-10-04T13:48:49 WIB" name="runScenario" description="Runs Cucumber Scenarios" data-provider="scenarios" finished-at="2022-10-04T13:48:59 WIB" duration-ms="10472" status="PASS">
          <params>
            <param index="0">
              <value>
                <![CDATA["TSMP003 Admin ingin menambahkan modul"]]>
              </value>
            </param>
            <param index="1">
              <value>
                <![CDATA["TSMP003 Admin tambah modul"]]>
              </value>
            </param>
          </params>
          <reporter-output>
          </reporter-output>
        </test-method> <!-- runScenario -->
        <test-method signature="runScenario(io.cucumber.testng.PickleWrapper,io.cucumber.testng.FeatureWrapper)[pri:0, instance:com.sqa.psikotes.framework.runner.TestRunner@2767e23c]" started-at="2022-10-04T13:48:59 WIB" name="runScenario" description="Runs Cucumber Scenarios" data-provider="scenarios" finished-at="2022-10-04T13:49:10 WIB" duration-ms="10484" status="PASS">
          <params>
            <param index="0">
              <value>
                <![CDATA["TSMP003 Admin ingin menambahkan modul"]]>
              </value>
            </param>
            <param index="1">
              <value>
                <![CDATA["TSMP003 Admin tambah modul"]]>
              </value>
            </param>
          </params>
          <reporter-output>
          </reporter-output>
        </test-method> <!-- runScenario -->
        <test-method signature="runScenario(io.cucumber.testng.PickleWrapper,io.cucumber.testng.FeatureWrapper)[pri:0, instance:com.sqa.psikotes.framework.runner.TestRunner@2767e23c]" started-at="2022-10-04T13:49:10 WIB" name="runScenario" description="Runs Cucumber Scenarios" data-provider="scenarios" finished-at="2022-10-04T13:49:20 WIB" duration-ms="10350" status="PASS">
          <params>
            <param index="0">
              <value>
                <![CDATA["TSMP003 Admin ingin menambahkan modul"]]>
              </value>
            </param>
            <param index="1">
              <value>
                <![CDATA["TSMP003 Admin tambah modul"]]>
              </value>
            </param>
          </params>
          <reporter-output>
          </reporter-output>
        </test-method> <!-- runScenario -->
        <test-method signature="runScenario(io.cucumber.testng.PickleWrapper,io.cucumber.testng.FeatureWrapper)[pri:0, instance:com.sqa.psikotes.framework.runner.TestRunner@2767e23c]" started-at="2022-10-04T13:49:20 WIB" name="runScenario" description="Runs Cucumber Scenarios" data-provider="scenarios" finished-at="2022-10-04T13:49:30 WIB" duration-ms="10396" status="PASS">
          <params>
            <param index="0">
              <value>
                <![CDATA["TSMP003 Admin ingin menambahkan modul"]]>
              </value>
            </param>
            <param index="1">
              <value>
                <![CDATA["TSMP003 Admin tambah modul"]]>
              </value>
            </param>
          </params>
          <reporter-output>
          </reporter-output>
        </test-method> <!-- runScenario -->
        <test-method signature="runScenario(io.cucumber.testng.PickleWrapper,io.cucumber.testng.FeatureWrapper)[pri:0, instance:com.sqa.psikotes.framework.runner.TestRunner@2767e23c]" started-at="2022-10-04T13:49:30 WIB" name="runScenario" description="Runs Cucumber Scenarios" data-provider="scenarios" finished-at="2022-10-04T13:49:41 WIB" duration-ms="10498" status="PASS">
          <params>
            <param index="0">
              <value>
                <![CDATA["TSMP003 Admin ingin menambahkan modul"]]>
              </value>
            </param>
            <param index="1">
              <value>
                <![CDATA["TSMP003 Admin tambah modul"]]>
              </value>
            </param>
          </params>
          <reporter-output>
          </reporter-output>
        </test-method> <!-- runScenario -->
        <test-method signature="runScenario(io.cucumber.testng.PickleWrapper,io.cucumber.testng.FeatureWrapper)[pri:0, instance:com.sqa.psikotes.framework.runner.TestRunner@2767e23c]" started-at="2022-10-04T13:49:41 WIB" name="runScenario" description="Runs Cucumber Scenarios" data-provider="scenarios" finished-at="2022-10-04T13:49:51 WIB" duration-ms="10226" status="PASS">
          <params>
            <param index="0">
              <value>
                <![CDATA["TSMP003 Admin ingin menambahkan modul"]]>
              </value>
            </param>
            <param index="1">
              <value>
                <![CDATA["TSMP003 Admin tambah modul"]]>
              </value>
            </param>
          </params>
          <reporter-output>
          </reporter-output>
        </test-method> <!-- runScenario -->
        <test-method signature="runScenario(io.cucumber.testng.PickleWrapper,io.cucumber.testng.FeatureWrapper)[pri:0, instance:com.sqa.psikotes.framework.runner.TestRunner@2767e23c]" started-at="2022-10-04T13:49:51 WIB" name="runScenario" description="Runs Cucumber Scenarios" data-provider="scenarios" finished-at="2022-10-04T13:50:01 WIB" duration-ms="10263" status="PASS">
          <params>
            <param index="0">
              <value>
                <![CDATA["TSMP003 Admin ingin menambahkan modul"]]>
              </value>
            </param>
            <param index="1">
              <value>
                <![CDATA["TSMP003 Admin tambah modul"]]>
              </value>
            </param>
          </params>
          <reporter-output>
          </reporter-output>
        </test-method> <!-- runScenario -->
        <test-method signature="runScenario(io.cucumber.testng.PickleWrapper,io.cucumber.testng.FeatureWrapper)[pri:0, instance:com.sqa.psikotes.framework.runner.TestRunner@2767e23c]" started-at="2022-10-04T13:50:01 WIB" name="runScenario" description="Runs Cucumber Scenarios" data-provider="scenarios" finished-at="2022-10-04T13:50:12 WIB" duration-ms="10269" status="PASS">
          <params>
            <param index="0">
              <value>
                <![CDATA["TSMP003 Admin ingin menambahkan modul"]]>
              </value>
            </param>
            <param index="1">
              <value>
                <![CDATA["TSMP003 Admin tambah modul"]]>
              </value>
            </param>
          </params>
          <reporter-output>
          </reporter-output>
        </test-method> <!-- runScenario -->
        <test-method signature="runScenario(io.cucumber.testng.PickleWrapper,io.cucumber.testng.FeatureWrapper)[pri:0, instance:com.sqa.psikotes.framework.runner.TestRunner@2767e23c]" started-at="2022-10-04T13:50:12 WIB" name="runScenario" description="Runs Cucumber Scenarios" data-provider="scenarios" finished-at="2022-10-04T13:50:22 WIB" duration-ms="10480" status="PASS">
          <params>
            <param index="0">
              <value>
                <![CDATA["TSMP003 Admin ingin menambahkan modul"]]>
              </value>
            </param>
            <param index="1">
              <value>
                <![CDATA["TSMP003 Admin tambah modul"]]>
              </value>
            </param>
          </params>
          <reporter-output>
          </reporter-output>
        </test-method> <!-- runScenario -->
        <test-method signature="runScenario(io.cucumber.testng.PickleWrapper,io.cucumber.testng.FeatureWrapper)[pri:0, instance:com.sqa.psikotes.framework.runner.TestRunner@2767e23c]" started-at="2022-10-04T13:50:22 WIB" name="runScenario" description="Runs Cucumber Scenarios" data-provider="scenarios" finished-at="2022-10-04T13:50:32 WIB" duration-ms="10312" status="PASS">
          <params>
            <param index="0">
              <value>
                <![CDATA["TSMP003 Admin ingin menambahkan modul"]]>
              </value>
            </param>
            <param index="1">
              <value>
                <![CDATA["TSMP003 Admin tambah modul"]]>
              </value>
            </param>
          </params>
          <reporter-output>
          </reporter-output>
        </test-method> <!-- runScenario -->
        <test-method signature="runScenario(io.cucumber.testng.PickleWrapper,io.cucumber.testng.FeatureWrapper)[pri:0, instance:com.sqa.psikotes.framework.runner.TestRunner@2767e23c]" started-at="2022-10-04T13:50:32 WIB" name="runScenario" description="Runs Cucumber Scenarios" data-provider="scenarios" finished-at="2022-10-04T13:50:43 WIB" duration-ms="10269" status="PASS">
          <params>
            <param index="0">
              <value>
                <![CDATA["TSMP003 Admin ingin menambahkan modul"]]>
              </value>
            </param>
            <param index="1">
              <value>
                <![CDATA["TSMP003 Admin tambah modul"]]>
              </value>
            </param>
          </params>
          <reporter-output>
          </reporter-output>
        </test-method> <!-- runScenario -->
        <test-method signature="runScenario(io.cucumber.testng.PickleWrapper,io.cucumber.testng.FeatureWrapper)[pri:0, instance:com.sqa.psikotes.framework.runner.TestRunner@2767e23c]" started-at="2022-10-04T13:50:43 WIB" name="runScenario" description="Runs Cucumber Scenarios" data-provider="scenarios" finished-at="2022-10-04T13:50:53 WIB" duration-ms="10278" status="PASS">
          <params>
            <param index="0">
              <value>
                <![CDATA["TSMP003 Admin ingin menambahkan modul"]]>
              </value>
            </param>
            <param index="1">
              <value>
                <![CDATA["TSMP003 Admin tambah modul"]]>
              </value>
            </param>
          </params>
          <reporter-output>
          </reporter-output>
        </test-method> <!-- runScenario -->
        <test-method signature="runScenario(io.cucumber.testng.PickleWrapper,io.cucumber.testng.FeatureWrapper)[pri:0, instance:com.sqa.psikotes.framework.runner.TestRunner@2767e23c]" started-at="2022-10-04T13:50:53 WIB" name="runScenario" description="Runs Cucumber Scenarios" data-provider="scenarios" finished-at="2022-10-04T13:51:04 WIB" duration-ms="10579" status="PASS">
          <params>
            <param index="0">
              <value>
                <![CDATA["TSMP003 Admin ingin menambahkan modul"]]>
              </value>
            </param>
            <param index="1">
              <value>
                <![CDATA["TSMP003 Admin tambah modul"]]>
              </value>
            </param>
          </params>
          <reporter-output>
          </reporter-output>
        </test-method> <!-- runScenario -->
        <test-method signature="runScenario(io.cucumber.testng.PickleWrapper,io.cucumber.testng.FeatureWrapper)[pri:0, instance:com.sqa.psikotes.framework.runner.TestRunner@2767e23c]" started-at="2022-10-04T13:51:04 WIB" name="runScenario" description="Runs Cucumber Scenarios" data-provider="scenarios" finished-at="2022-10-04T13:51:10 WIB" duration-ms="6631" status="PASS">
          <params>
            <param index="0">
              <value>
                <![CDATA["TSMP004001 Admin menampilkan10 data modul pada page ke1"]]>
              </value>
            </param>
            <param index="1">
              <value>
                <![CDATA["TSMP004 Admin cari data nama modul"]]>
              </value>
            </param>
          </params>
          <reporter-output>
          </reporter-output>
        </test-method> <!-- runScenario -->
        <test-method signature="runScenario(io.cucumber.testng.PickleWrapper,io.cucumber.testng.FeatureWrapper)[pri:0, instance:com.sqa.psikotes.framework.runner.TestRunner@2767e23c]" started-at="2022-10-04T13:51:10 WIB" name="runScenario" description="Runs Cucumber Scenarios" data-provider="scenarios" finished-at="2022-10-04T13:51:17 WIB" duration-ms="6620" status="PASS">
          <params>
            <param index="0">
              <value>
                <![CDATA["TSMP004002 Admin menampilkan10 data modul pada page ke2"]]>
              </value>
            </param>
            <param index="1">
              <value>
                <![CDATA["TSMP004 Admin cari data nama modul"]]>
              </value>
            </param>
          </params>
          <reporter-output>
          </reporter-output>
        </test-method> <!-- runScenario -->
        <test-method signature="runScenario(io.cucumber.testng.PickleWrapper,io.cucumber.testng.FeatureWrapper)[pri:0, instance:com.sqa.psikotes.framework.runner.TestRunner@2767e23c]" started-at="2022-10-04T13:51:17 WIB" name="runScenario" description="Runs Cucumber Scenarios" data-provider="scenarios" finished-at="2022-10-04T13:51:23 WIB" duration-ms="6587" status="PASS">
          <params>
            <param index="0">
              <value>
                <![CDATA["TSMP004003 Admin menampilkan10 data modul pada page ke3"]]>
              </value>
            </param>
            <param index="1">
              <value>
                <![CDATA["TSMP004 Admin cari data nama modul"]]>
              </value>
            </param>
          </params>
          <reporter-output>
          </reporter-output>
        </test-method> <!-- runScenario -->
        <test-method signature="runScenario(io.cucumber.testng.PickleWrapper,io.cucumber.testng.FeatureWrapper)[pri:0, instance:com.sqa.psikotes.framework.runner.TestRunner@2767e23c]" started-at="2022-10-04T13:51:23 WIB" name="runScenario" description="Runs Cucumber Scenarios" data-provider="scenarios" finished-at="2022-10-04T13:51:30 WIB" duration-ms="6609" status="PASS">
          <params>
            <param index="0">
              <value>
                <![CDATA["TSMP004004 Admin menampilkan10 data modul pada page ke4"]]>
              </value>
            </param>
            <param index="1">
              <value>
                <![CDATA["TSMP004 Admin cari data nama modul"]]>
              </value>
            </param>
          </params>
          <reporter-output>
          </reporter-output>
        </test-method> <!-- runScenario -->
        <test-method signature="runScenario(io.cucumber.testng.PickleWrapper,io.cucumber.testng.FeatureWrapper)[pri:0, instance:com.sqa.psikotes.framework.runner.TestRunner@2767e23c]" started-at="2022-10-04T13:51:30 WIB" name="runScenario" description="Runs Cucumber Scenarios" data-provider="scenarios" finished-at="2022-10-04T13:51:37 WIB" duration-ms="6583" status="PASS">
          <params>
            <param index="0">
              <value>
                <![CDATA["TSMP004005 Admin menampilkan10 data modul pada page ke5"]]>
              </value>
            </param>
            <param index="1">
              <value>
                <![CDATA["TSMP004 Admin cari data nama modul"]]>
              </value>
            </param>
          </params>
          <reporter-output>
          </reporter-output>
        </test-method> <!-- runScenario -->
        <test-method signature="runScenario(io.cucumber.testng.PickleWrapper,io.cucumber.testng.FeatureWrapper)[pri:0, instance:com.sqa.psikotes.framework.runner.TestRunner@2767e23c]" started-at="2022-10-04T13:51:37 WIB" name="runScenario" description="Runs Cucumber Scenarios" data-provider="scenarios" finished-at="2022-10-04T13:51:43 WIB" duration-ms="6647" status="PASS">
          <params>
            <param index="0">
              <value>
                <![CDATA["TSMP004006 Admin menampilkan10 data modul pada page paling terakhir"]]>
              </value>
            </param>
            <param index="1">
              <value>
                <![CDATA["TSMP004 Admin cari data nama modul"]]>
              </value>
            </param>
          </params>
          <reporter-output>
          </reporter-output>
        </test-method> <!-- runScenario -->
        <test-method signature="runScenario(io.cucumber.testng.PickleWrapper,io.cucumber.testng.FeatureWrapper)[pri:0, instance:com.sqa.psikotes.framework.runner.TestRunner@2767e23c]" started-at="2022-10-04T13:51:43 WIB" name="runScenario" description="Runs Cucumber Scenarios" data-provider="scenarios" finished-at="2022-10-04T13:51:50 WIB" duration-ms="6668" status="PASS">
          <params>
            <param index="0">
              <value>
                <![CDATA["TSMP004007 Admin menampilkan10 data modul pada page paling awal"]]>
              </value>
            </param>
            <param index="1">
              <value>
                <![CDATA["TSMP004 Admin cari data nama modul"]]>
              </value>
            </param>
          </params>
          <reporter-output>
          </reporter-output>
        </test-method> <!-- runScenario -->
        <test-method signature="runScenario(io.cucumber.testng.PickleWrapper,io.cucumber.testng.FeatureWrapper)[pri:0, instance:com.sqa.psikotes.framework.runner.TestRunner@2767e23c]" started-at="2022-10-04T13:51:50 WIB" name="runScenario" description="Runs Cucumber Scenarios" data-provider="scenarios" finished-at="2022-10-04T13:51:59 WIB" duration-ms="8847" status="PASS">
          <params>
            <param index="0">
              <value>
                <![CDATA["TSMP005001 Admin menampilkan25 data modul pada page ke1"]]>
              </value>
            </param>
            <param index="1">
              <value>
                <![CDATA["TSMP005 Admin lihat25 data Modul Page"]]>
              </value>
            </param>
          </params>
          <reporter-output>
          </reporter-output>
        </test-method> <!-- runScenario -->
        <test-method signature="runScenario(io.cucumber.testng.PickleWrapper,io.cucumber.testng.FeatureWrapper)[pri:0, instance:com.sqa.psikotes.framework.runner.TestRunner@2767e23c]" started-at="2022-10-04T13:51:59 WIB" name="runScenario" description="Runs Cucumber Scenarios" data-provider="scenarios" finished-at="2022-10-04T13:52:08 WIB" duration-ms="8974" status="PASS">
          <params>
            <param index="0">
              <value>
                <![CDATA["TSMP005002 Admin menampilkan25 data modul pada page terakhir"]]>
              </value>
            </param>
            <param index="1">
              <value>
                <![CDATA["TSMP005 Admin lihat25 data Modul Page"]]>
              </value>
            </param>
          </params>
          <reporter-output>
          </reporter-output>
        </test-method> <!-- runScenario -->
        <test-method signature="runScenario(io.cucumber.testng.PickleWrapper,io.cucumber.testng.FeatureWrapper)[pri:0, instance:com.sqa.psikotes.framework.runner.TestRunner@2767e23c]" started-at="2022-10-04T13:52:08 WIB" name="runScenario" description="Runs Cucumber Scenarios" data-provider="scenarios" finished-at="2022-10-04T13:52:17 WIB" duration-ms="8961" status="PASS">
          <params>
            <param index="0">
              <value>
                <![CDATA["TSMP005003 Admin menampilkan25 data modul pada page ke2"]]>
              </value>
            </param>
            <param index="1">
              <value>
                <![CDATA["TSMP005 Admin lihat25 data Modul Page"]]>
              </value>
            </param>
          </params>
          <reporter-output>
          </reporter-output>
        </test-method> <!-- runScenario -->
        <test-method signature="runScenario(io.cucumber.testng.PickleWrapper,io.cucumber.testng.FeatureWrapper)[pri:0, instance:com.sqa.psikotes.framework.runner.TestRunner@2767e23c]" started-at="2022-10-04T13:52:17 WIB" name="runScenario" description="Runs Cucumber Scenarios" data-provider="scenarios" finished-at="2022-10-04T13:52:26 WIB" duration-ms="8916" status="PASS">
          <params>
            <param index="0">
              <value>
                <![CDATA["TSMP005004 Admin menampilkan25 data modul pada page pertama"]]>
              </value>
            </param>
            <param index="1">
              <value>
                <![CDATA["TSMP005 Admin lihat25 data Modul Page"]]>
              </value>
            </param>
          </params>
          <reporter-output>
          </reporter-output>
        </test-method> <!-- runScenario -->
        <test-method signature="runScenario(io.cucumber.testng.PickleWrapper,io.cucumber.testng.FeatureWrapper)[pri:0, instance:com.sqa.psikotes.framework.runner.TestRunner@2767e23c]" started-at="2022-10-04T13:52:26 WIB" name="runScenario" description="Runs Cucumber Scenarios" data-provider="scenarios" finished-at="2022-10-04T13:52:35 WIB" duration-ms="8977" status="PASS">
          <params>
            <param index="0">
              <value>
                <![CDATA["TSMP006001 Admin menampilkan50 data modul"]]>
              </value>
            </param>
            <param index="1">
              <value>
                <![CDATA["TSMP006 Admin lihat50 data Modul Page"]]>
              </value>
            </param>
          </params>
          <reporter-output>
          </reporter-output>
        </test-method> <!-- runScenario -->
        <test-method signature="runScenario(io.cucumber.testng.PickleWrapper,io.cucumber.testng.FeatureWrapper)[pri:0, instance:com.sqa.psikotes.framework.runner.TestRunner@2767e23c]" started-at="2022-10-04T13:52:35 WIB" name="runScenario" description="Runs Cucumber Scenarios" data-provider="scenarios" finished-at="2022-10-04T13:52:42 WIB" duration-ms="6902" status="PASS">
          <params>
            <param index="0">
              <value>
                <![CDATA["TSMP006002 Admin menampilkan50 data modul pada page ke1"]]>
              </value>
            </param>
            <param index="1">
              <value>
                <![CDATA["TSMP006 Admin lihat50 data Modul Page"]]>
              </value>
            </param>
          </params>
          <reporter-output>
          </reporter-output>
        </test-method> <!-- runScenario -->
        <test-method signature="runScenario(io.cucumber.testng.PickleWrapper,io.cucumber.testng.FeatureWrapper)[pri:0, instance:com.sqa.psikotes.framework.runner.TestRunner@2767e23c]" started-at="2022-10-04T13:52:42 WIB" name="runScenario" description="Runs Cucumber Scenarios" data-provider="scenarios" finished-at="2022-10-04T13:52:49 WIB" duration-ms="7845" status="PASS">
          <params>
            <param index="0">
              <value>
                <![CDATA["TSMP008001 Admin menampilkan100 data modul"]]>
              </value>
            </param>
            <param index="1">
              <value>
                <![CDATA["TSMP008 Admin lihat100 data Modul Page"]]>
              </value>
            </param>
          </params>
          <reporter-output>
          </reporter-output>
        </test-method> <!-- runScenario -->
        <test-method signature="runScenario(io.cucumber.testng.PickleWrapper,io.cucumber.testng.FeatureWrapper)[pri:0, instance:com.sqa.psikotes.framework.runner.TestRunner@2767e23c]" started-at="2022-10-04T13:52:49 WIB" name="runScenario" description="Runs Cucumber Scenarios" data-provider="scenarios" finished-at="2022-10-04T13:52:56 WIB" duration-ms="6849" status="PASS">
          <params>
            <param index="0">
              <value>
                <![CDATA["TSMP008002 Admin menampilkan100 data modul pada page ke1"]]>
              </value>
            </param>
            <param index="1">
              <value>
                <![CDATA["TSMP008 Admin lihat100 data Modul Page"]]>
              </value>
            </param>
          </params>
          <reporter-output>
          </reporter-output>
        </test-method> <!-- runScenario -->
        <test-method signature="runScenario(io.cucumber.testng.PickleWrapper,io.cucumber.testng.FeatureWrapper)[pri:0, instance:com.sqa.psikotes.framework.runner.TestRunner@2767e23c]" started-at="2022-10-04T13:52:56 WIB" name="runScenario" description="Runs Cucumber Scenarios" data-provider="scenarios" finished-at="2022-10-04T13:53:10 WIB" duration-ms="14042" status="PASS">
          <params>
            <param index="0">
              <value>
                <![CDATA["TSMP009 Admin ingin membuat soal pilihan ganda"]]>
              </value>
            </param>
            <param index="1">
              <value>
                <![CDATA["TSMP009 Admin membuat soal pilihan ganda"]]>
              </value>
            </param>
          </params>
          <reporter-output>
          </reporter-output>
        </test-method> <!-- runScenario -->
        <test-method signature="runScenario(io.cucumber.testng.PickleWrapper,io.cucumber.testng.FeatureWrapper)[pri:0, instance:com.sqa.psikotes.framework.runner.TestRunner@2767e23c]" started-at="2022-10-04T13:53:10 WIB" name="runScenario" description="Runs Cucumber Scenarios" data-provider="scenarios" finished-at="2022-10-04T13:53:24 WIB" duration-ms="13450" status="PASS">
          <params>
            <param index="0">
              <value>
                <![CDATA["TSMP009 Admin ingin membuat soal pilihan ganda"]]>
              </value>
            </param>
            <param index="1">
              <value>
                <![CDATA["TSMP009 Admin membuat soal pilihan ganda"]]>
              </value>
            </param>
          </params>
          <reporter-output>
          </reporter-output>
        </test-method> <!-- runScenario -->
        <test-method signature="runScenario(io.cucumber.testng.PickleWrapper,io.cucumber.testng.FeatureWrapper)[pri:0, instance:com.sqa.psikotes.framework.runner.TestRunner@2767e23c]" started-at="2022-10-04T13:53:24 WIB" name="runScenario" description="Runs Cucumber Scenarios" data-provider="scenarios" finished-at="2022-10-04T13:53:37 WIB" duration-ms="13399" status="PASS">
          <params>
            <param index="0">
              <value>
                <![CDATA["TSMP009 Admin ingin membuat soal pilihan ganda"]]>
              </value>
            </param>
            <param index="1">
              <value>
                <![CDATA["TSMP009 Admin membuat soal pilihan ganda"]]>
              </value>
            </param>
          </params>
          <reporter-output>
          </reporter-output>
        </test-method> <!-- runScenario -->
        <test-method signature="runScenario(io.cucumber.testng.PickleWrapper,io.cucumber.testng.FeatureWrapper)[pri:0, instance:com.sqa.psikotes.framework.runner.TestRunner@2767e23c]" started-at="2022-10-04T13:53:37 WIB" name="runScenario" description="Runs Cucumber Scenarios" data-provider="scenarios" finished-at="2022-10-04T13:53:51 WIB" duration-ms="13429" status="PASS">
          <params>
            <param index="0">
              <value>
                <![CDATA["TSMP009 Admin ingin membuat soal pilihan ganda"]]>
              </value>
            </param>
            <param index="1">
              <value>
                <![CDATA["TSMP009 Admin membuat soal pilihan ganda"]]>
              </value>
            </param>
          </params>
          <reporter-output>
          </reporter-output>
        </test-method> <!-- runScenario -->
        <test-method signature="runScenario(io.cucumber.testng.PickleWrapper,io.cucumber.testng.FeatureWrapper)[pri:0, instance:com.sqa.psikotes.framework.runner.TestRunner@2767e23c]" started-at="2022-10-04T13:53:51 WIB" name="runScenario" description="Runs Cucumber Scenarios" data-provider="scenarios" finished-at="2022-10-04T13:54:04 WIB" duration-ms="13444" status="PASS">
          <params>
            <param index="0">
              <value>
                <![CDATA["TSMP009 Admin ingin membuat soal pilihan ganda"]]>
              </value>
            </param>
            <param index="1">
              <value>
                <![CDATA["TSMP009 Admin membuat soal pilihan ganda"]]>
              </value>
            </param>
          </params>
          <reporter-output>
          </reporter-output>
        </test-method> <!-- runScenario -->
        <test-method signature="runScenario(io.cucumber.testng.PickleWrapper,io.cucumber.testng.FeatureWrapper)[pri:0, instance:com.sqa.psikotes.framework.runner.TestRunner@2767e23c]" started-at="2022-10-04T13:54:04 WIB" name="runScenario" description="Runs Cucumber Scenarios" data-provider="scenarios" finished-at="2022-10-04T13:54:16 WIB" duration-ms="11986" status="PASS">
          <params>
            <param index="0">
              <value>
                <![CDATA["TSMP010 Admin ingin membuat soal Esai Free Text"]]>
              </value>
            </param>
            <param index="1">
              <value>
                <![CDATA["TSMP010 Admin membuat soal Esai Free Text"]]>
              </value>
            </param>
          </params>
          <reporter-output>
          </reporter-output>
        </test-method> <!-- runScenario -->
        <test-method signature="runScenario(io.cucumber.testng.PickleWrapper,io.cucumber.testng.FeatureWrapper)[pri:0, instance:com.sqa.psikotes.framework.runner.TestRunner@2767e23c]" started-at="2022-10-04T13:54:16 WIB" name="runScenario" description="Runs Cucumber Scenarios" data-provider="scenarios" finished-at="2022-10-04T13:54:28 WIB" duration-ms="12357" status="PASS">
          <params>
            <param index="0">
              <value>
                <![CDATA["TSMP011 Admin ingin membuat soal Enum"]]>
              </value>
            </param>
            <param index="1">
              <value>
                <![CDATA["TSMP011 Admin membuat soal Enum (Ya/Tidak)"]]>
              </value>
            </param>
          </params>
          <reporter-output>
          </reporter-output>
        </test-method> <!-- runScenario -->
        <test-method signature="runScenario(io.cucumber.testng.PickleWrapper,io.cucumber.testng.FeatureWrapper)[pri:0, instance:com.sqa.psikotes.framework.runner.TestRunner@2767e23c]" started-at="2022-10-04T13:54:28 WIB" name="runScenario" description="Runs Cucumber Scenarios" data-provider="scenarios" finished-at="2022-10-04T13:54:41 WIB" duration-ms="12195" status="PASS">
          <params>
            <param index="0">
              <value>
                <![CDATA["TSMP011 Admin ingin membuat soal Enum"]]>
              </value>
            </param>
            <param index="1">
              <value>
                <![CDATA["TSMP011 Admin membuat soal Enum (Ya/Tidak)"]]>
              </value>
            </param>
          </params>
          <reporter-output>
          </reporter-output>
        </test-method> <!-- runScenario -->
        <test-method signature="runScenario(io.cucumber.testng.PickleWrapper,io.cucumber.testng.FeatureWrapper)[pri:0, instance:com.sqa.psikotes.framework.runner.TestRunner@2767e23c]" started-at="2022-10-04T13:54:41 WIB" name="runScenario" description="Runs Cucumber Scenarios" data-provider="scenarios" finished-at="2022-10-04T13:54:53 WIB" duration-ms="12065" status="PASS">
          <params>
            <param index="0">
              <value>
                <![CDATA["TSMP012 Admin ingin membuat soal Esai Length"]]>
              </value>
            </param>
            <param index="1">
              <value>
                <![CDATA["TSMP012 Admin membuat soal Esai Length"]]>
              </value>
            </param>
          </params>
          <reporter-output>
          </reporter-output>
        </test-method> <!-- runScenario -->
        <test-method signature="runScenario(io.cucumber.testng.PickleWrapper,io.cucumber.testng.FeatureWrapper)[pri:0, instance:com.sqa.psikotes.framework.runner.TestRunner@2767e23c]" started-at="2022-10-04T13:54:53 WIB" name="runScenario" description="Runs Cucumber Scenarios" data-provider="scenarios" finished-at="2022-10-04T13:55:05 WIB" duration-ms="12035" status="PASS">
          <params>
            <param index="0">
              <value>
                <![CDATA["TSMP012 Admin ingin membuat soal Esai Length"]]>
              </value>
            </param>
            <param index="1">
              <value>
                <![CDATA["TSMP012 Admin membuat soal Esai Length"]]>
              </value>
            </param>
          </params>
          <reporter-output>
          </reporter-output>
        </test-method> <!-- runScenario -->
        <test-method signature="runScenario(io.cucumber.testng.PickleWrapper,io.cucumber.testng.FeatureWrapper)[pri:0, instance:com.sqa.psikotes.framework.runner.TestRunner@2767e23c]" started-at="2022-10-04T13:55:05 WIB" name="runScenario" description="Runs Cucumber Scenarios" data-provider="scenarios" finished-at="2022-10-04T13:55:17 WIB" duration-ms="12331" status="PASS">
          <params>
            <param index="0">
              <value>
                <![CDATA["TSMP012 Admin ingin membuat soal Esai Length"]]>
              </value>
            </param>
            <param index="1">
              <value>
                <![CDATA["TSMP012 Admin membuat soal Esai Length"]]>
              </value>
            </param>
          </params>
          <reporter-output>
          </reporter-output>
        </test-method> <!-- runScenario -->
        <test-method signature="runScenario(io.cucumber.testng.PickleWrapper,io.cucumber.testng.FeatureWrapper)[pri:0, instance:com.sqa.psikotes.framework.runner.TestRunner@2767e23c]" started-at="2022-10-04T13:55:17 WIB" name="runScenario" description="Runs Cucumber Scenarios" data-provider="scenarios" finished-at="2022-10-04T13:55:29 WIB" duration-ms="12046" status="PASS">
          <params>
            <param index="0">
              <value>
                <![CDATA["TSMP012 Admin ingin membuat soal Esai Length"]]>
              </value>
            </param>
            <param index="1">
              <value>
                <![CDATA["TSMP012 Admin membuat soal Esai Length"]]>
              </value>
            </param>
          </params>
          <reporter-output>
          </reporter-output>
        </test-method> <!-- runScenario -->
        <test-method signature="runScenario(io.cucumber.testng.PickleWrapper,io.cucumber.testng.FeatureWrapper)[pri:0, instance:com.sqa.psikotes.framework.runner.TestRunner@2767e23c]" started-at="2022-10-04T13:55:29 WIB" name="runScenario" description="Runs Cucumber Scenarios" data-provider="scenarios" finished-at="2022-10-04T13:55:41 WIB" duration-ms="12002" status="PASS">
          <params>
            <param index="0">
              <value>
                <![CDATA["TSMP012 Admin ingin membuat soal Esai Length"]]>
              </value>
            </param>
            <param index="1">
              <value>
                <![CDATA["TSMP012 Admin membuat soal Esai Length"]]>
              </value>
            </param>
          </params>
          <reporter-output>
          </reporter-output>
        </test-method> <!-- runScenario -->
        <test-method signature="runScenario(io.cucumber.testng.PickleWrapper,io.cucumber.testng.FeatureWrapper)[pri:0, instance:com.sqa.psikotes.framework.runner.TestRunner@2767e23c]" started-at="2022-10-04T13:55:41 WIB" name="runScenario" description="Runs Cucumber Scenarios" data-provider="scenarios" finished-at="2022-10-04T13:55:53 WIB" duration-ms="12013" status="PASS">
          <params>
            <param index="0">
              <value>
                <![CDATA["TSMP012 Admin ingin membuat soal Esai Length"]]>
              </value>
            </param>
            <param index="1">
              <value>
                <![CDATA["TSMP012 Admin membuat soal Esai Length"]]>
              </value>
            </param>
          </params>
          <reporter-output>
          </reporter-output>
        </test-method> <!-- runScenario -->
        <test-method signature="runScenario(io.cucumber.testng.PickleWrapper,io.cucumber.testng.FeatureWrapper)[pri:0, instance:com.sqa.psikotes.framework.runner.TestRunner@2767e23c]" started-at="2022-10-04T13:55:53 WIB" name="runScenario" description="Runs Cucumber Scenarios" data-provider="scenarios" finished-at="2022-10-04T13:56:05 WIB" duration-ms="11977" status="PASS">
          <params>
            <param index="0">
              <value>
                <![CDATA["TSMP012 Admin ingin membuat soal Esai Length"]]>
              </value>
            </param>
            <param index="1">
              <value>
                <![CDATA["TSMP012 Admin membuat soal Esai Length"]]>
              </value>
            </param>
          </params>
          <reporter-output>
          </reporter-output>
        </test-method> <!-- runScenario -->
        <test-method signature="runScenario(io.cucumber.testng.PickleWrapper,io.cucumber.testng.FeatureWrapper)[pri:0, instance:com.sqa.psikotes.framework.runner.TestRunner@2767e23c]" started-at="2022-10-04T13:56:05 WIB" name="runScenario" description="Runs Cucumber Scenarios" data-provider="scenarios" finished-at="2022-10-04T13:56:17 WIB" duration-ms="12299" status="PASS">
          <params>
            <param index="0">
              <value>
                <![CDATA["TSMP012 Admin ingin membuat soal Esai Length"]]>
              </value>
            </param>
            <param index="1">
              <value>
                <![CDATA["TSMP012 Admin membuat soal Esai Length"]]>
              </value>
            </param>
          </params>
          <reporter-output>
          </reporter-output>
        </test-method> <!-- runScenario -->
        <test-method signature="runScenario(io.cucumber.testng.PickleWrapper,io.cucumber.testng.FeatureWrapper)[pri:0, instance:com.sqa.psikotes.framework.runner.TestRunner@2767e23c]" started-at="2022-10-04T13:56:17 WIB" name="runScenario" description="Runs Cucumber Scenarios" data-provider="scenarios" finished-at="2022-10-04T13:56:30 WIB" duration-ms="12696" status="PASS">
          <params>
            <param index="0">
              <value>
                <![CDATA["TSMP012 Admin ingin membuat soal Esai Length"]]>
              </value>
            </param>
            <param index="1">
              <value>
                <![CDATA["TSMP012 Admin membuat soal Esai Length"]]>
              </value>
            </param>
          </params>
          <reporter-output>
          </reporter-output>
        </test-method> <!-- runScenario -->
        <test-method signature="runScenario(io.cucumber.testng.PickleWrapper,io.cucumber.testng.FeatureWrapper)[pri:0, instance:com.sqa.psikotes.framework.runner.TestRunner@2767e23c]" started-at="2022-10-04T13:56:30 WIB" name="runScenario" description="Runs Cucumber Scenarios" data-provider="scenarios" finished-at="2022-10-04T13:56:44 WIB" duration-ms="13661" status="PASS">
          <params>
            <param index="0">
              <value>
                <![CDATA["TSMP012 Admin ingin membuat soal Esai Length"]]>
              </value>
            </param>
            <param index="1">
              <value>
                <![CDATA["TSMP012 Admin membuat soal Esai Length"]]>
              </value>
            </param>
          </params>
          <reporter-output>
          </reporter-output>
        </test-method> <!-- runScenario -->
        <test-method is-config="true" signature="tearDownClass()[pri:0, instance:com.sqa.psikotes.framework.runner.TestRunner@2767e23c]" started-at="2022-10-04T13:56:44 WIB" name="tearDownClass" finished-at="2022-10-04T13:56:44 WIB" duration-ms="502" status="PASS">
          <reporter-output>
          </reporter-output>
        </test-method> <!-- tearDownClass -->
      </class> <!-- com.sqa.psikotes.framework.runner.TestRunner -->
    </test> <!-- Default test -->
  </suite> <!-- Default suite -->
</testng-results>
