<?xml version="1.0" encoding="UTF-8"?>
<testng-results ignored="0" total="7" passed="7" failed="0" skipped="0">
  <reporter-output>
  </reporter-output>
  <suite started-at="2022-10-05T16:16:18 WIB" name="Default suite" finished-at="2022-10-05T16:18:17 WIB" duration-ms="119047">
    <groups>
      <group name="cucumber">
        <method signature="AbstractTestNGCucumberTests.runScenario(io.cucumber.testng.PickleWrapper,io.cucumber.testng.FeatureWrapper)[pri:0, instance:com.sqa.psikotes.framework.runner.TestRunner@2767e23c]" name="runScenario" class="io.cucumber.testng.AbstractTestNGCucumberTests"/>
      </group> <!-- cucumber -->
    </groups>
    <test started-at="2022-10-05T16:16:18 WIB" name="Default test" finished-at="2022-10-05T16:18:17 WIB" duration-ms="119047">
      <class name="com.sqa.psikotes.framework.runner.TestRunner">
        <test-method is-config="true" signature="setUpClass(org.testng.ITestContext)[pri:0, instance:com.sqa.psikotes.framework.runner.TestRunner@2767e23c]" started-at="2022-10-05T16:16:18 WIB" name="setUpClass" finished-at="2022-10-05T16:16:19 WIB" duration-ms="710" status="PASS">
          <params>
            <param index="0">
              <value>
                <![CDATA[org.testng.TestRunner@6eb5b9e7]]>
              </value>
            </param>
          </params>
          <reporter-output>
          </reporter-output>
        </test-method> <!-- setUpClass -->
        <test-method signature="runScenario(io.cucumber.testng.PickleWrapper,io.cucumber.testng.FeatureWrapper)[pri:0, instance:com.sqa.psikotes.framework.runner.TestRunner@2767e23c]" started-at="2022-10-05T16:16:19 WIB" name="runScenario" description="Runs Cucumber Scenarios" data-provider="scenarios" finished-at="2022-10-05T16:16:34 WIB" duration-ms="15217" status="PASS">
          <params>
            <param index="0">
              <value>
                <![CDATA["TSMP001001 Admin buka halaman modul"]]>
              </value>
            </param>
            <param index="1">
              <value>
                <![CDATA["TSMP001 Admin masuk ke halaman modul"]]>
              </value>
            </param>
          </params>
          <reporter-output>
          </reporter-output>
        </test-method> <!-- runScenario -->
        <test-method signature="runScenario(io.cucumber.testng.PickleWrapper,io.cucumber.testng.FeatureWrapper)[pri:0, instance:com.sqa.psikotes.framework.runner.TestRunner@2767e23c]" started-at="2022-10-05T16:16:34 WIB" name="runScenario" description="Runs Cucumber Scenarios" data-provider="scenarios" finished-at="2022-10-05T16:16:48 WIB" duration-ms="13411" status="PASS">
          <params>
            <param index="0">
              <value>
                <![CDATA["TSMP013 Admin ingin membuat soal pilihan ab"]]>
              </value>
            </param>
            <param index="1">
              <value>
                <![CDATA["TSMP013 Admin membuat soal pilihan AB"]]>
              </value>
            </param>
          </params>
          <reporter-output>
          </reporter-output>
        </test-method> <!-- runScenario -->
        <test-method signature="runScenario(io.cucumber.testng.PickleWrapper,io.cucumber.testng.FeatureWrapper)[pri:0, instance:com.sqa.psikotes.framework.runner.TestRunner@2767e23c]" started-at="2022-10-05T16:16:48 WIB" name="runScenario" description="Runs Cucumber Scenarios" data-provider="scenarios" finished-at="2022-10-05T16:17:07 WIB" duration-ms="19319" status="PASS">
          <params>
            <param index="0">
              <value>
                <![CDATA["TSMP013 Admin ingin membuat soal pilihan ab"]]>
              </value>
            </param>
            <param index="1">
              <value>
                <![CDATA["TSMP013 Admin membuat soal pilihan AB"]]>
              </value>
            </param>
          </params>
          <reporter-output>
          </reporter-output>
        </test-method> <!-- runScenario -->
        <test-method signature="runScenario(io.cucumber.testng.PickleWrapper,io.cucumber.testng.FeatureWrapper)[pri:0, instance:com.sqa.psikotes.framework.runner.TestRunner@2767e23c]" started-at="2022-10-05T16:17:07 WIB" name="runScenario" description="Runs Cucumber Scenarios" data-provider="scenarios" finished-at="2022-10-05T16:17:26 WIB" duration-ms="18810" status="PASS">
          <params>
            <param index="0">
              <value>
                <![CDATA["TSMP013 Admin ingin membuat soal pilihan ab"]]>
              </value>
            </param>
            <param index="1">
              <value>
                <![CDATA["TSMP013 Admin membuat soal pilihan AB"]]>
              </value>
            </param>
          </params>
          <reporter-output>
          </reporter-output>
        </test-method> <!-- runScenario -->
        <test-method signature="runScenario(io.cucumber.testng.PickleWrapper,io.cucumber.testng.FeatureWrapper)[pri:0, instance:com.sqa.psikotes.framework.runner.TestRunner@2767e23c]" started-at="2022-10-05T16:17:26 WIB" name="runScenario" description="Runs Cucumber Scenarios" data-provider="scenarios" finished-at="2022-10-05T16:17:45 WIB" duration-ms="18789" status="PASS">
          <params>
            <param index="0">
              <value>
                <![CDATA["TSMP013 Admin ingin membuat soal pilihan ab"]]>
              </value>
            </param>
            <param index="1">
              <value>
                <![CDATA["TSMP013 Admin membuat soal pilihan AB"]]>
              </value>
            </param>
          </params>
          <reporter-output>
          </reporter-output>
        </test-method> <!-- runScenario -->
        <test-method signature="runScenario(io.cucumber.testng.PickleWrapper,io.cucumber.testng.FeatureWrapper)[pri:0, instance:com.sqa.psikotes.framework.runner.TestRunner@2767e23c]" started-at="2022-10-05T16:17:45 WIB" name="runScenario" description="Runs Cucumber Scenarios" data-provider="scenarios" finished-at="2022-10-05T16:17:58 WIB" duration-ms="13498" status="PASS">
          <params>
            <param index="0">
              <value>
                <![CDATA["TSMP013 Admin ingin membuat soal pilihan ab"]]>
              </value>
            </param>
            <param index="1">
              <value>
                <![CDATA["TSMP013 Admin membuat soal pilihan AB"]]>
              </value>
            </param>
          </params>
          <reporter-output>
          </reporter-output>
        </test-method> <!-- runScenario -->
        <test-method signature="runScenario(io.cucumber.testng.PickleWrapper,io.cucumber.testng.FeatureWrapper)[pri:0, instance:com.sqa.psikotes.framework.runner.TestRunner@2767e23c]" started-at="2022-10-05T16:17:58 WIB" name="runScenario" description="Runs Cucumber Scenarios" data-provider="scenarios" finished-at="2022-10-05T16:18:17 WIB" duration-ms="18744" status="PASS">
          <params>
            <param index="0">
              <value>
                <![CDATA["TSMP013 Admin ingin membuat soal pilihan ab"]]>
              </value>
            </param>
            <param index="1">
              <value>
                <![CDATA["TSMP013 Admin membuat soal pilihan AB"]]>
              </value>
            </param>
          </params>
          <reporter-output>
          </reporter-output>
        </test-method> <!-- runScenario -->
        <test-method is-config="true" signature="tearDownClass()[pri:0, instance:com.sqa.psikotes.framework.runner.TestRunner@2767e23c]" started-at="2022-10-05T16:18:17 WIB" name="tearDownClass" finished-at="2022-10-05T16:18:17 WIB" duration-ms="480" status="PASS">
          <reporter-output>
          </reporter-output>
        </test-method> <!-- tearDownClass -->
      </class> <!-- com.sqa.psikotes.framework.runner.TestRunner -->
    </test> <!-- Default test -->
  </suite> <!-- Default suite -->
</testng-results>
