<?xml version="1.0" encoding="UTF-8"?>
<testng-results ignored="0" total="17" passed="17" failed="0" skipped="0">
  <reporter-output>
  </reporter-output>
  <suite started-at="2022-10-03T11:53:49 WIB" name="Default suite" finished-at="2022-10-03T11:55:26 WIB" duration-ms="97087">
    <groups>
      <group name="cucumber">
        <method signature="AbstractTestNGCucumberTests.runScenario(io.cucumber.testng.PickleWrapper,io.cucumber.testng.FeatureWrapper)[pri:0, instance:com.sqa.psikotes.framework.runner.TestRunner@2767e23c]" name="runScenario" class="io.cucumber.testng.AbstractTestNGCucumberTests"/>
      </group> <!-- cucumber -->
    </groups>
    <test started-at="2022-10-03T11:53:49 WIB" name="Default test" finished-at="2022-10-03T11:55:26 WIB" duration-ms="97087">
      <class name="com.sqa.psikotes.framework.runner.TestRunner">
        <test-method is-config="true" signature="setUpClass(org.testng.ITestContext)[pri:0, instance:com.sqa.psikotes.framework.runner.TestRunner@2767e23c]" started-at="2022-10-03T11:53:49 WIB" name="setUpClass" finished-at="2022-10-03T11:53:49 WIB" duration-ms="782" status="PASS">
          <params>
            <param index="0">
              <value>
                <![CDATA[org.testng.TestRunner@62c53685]]>
              </value>
            </param>
          </params>
          <reporter-output>
          </reporter-output>
        </test-method> <!-- setUpClass -->
        <test-method signature="runScenario(io.cucumber.testng.PickleWrapper,io.cucumber.testng.FeatureWrapper)[pri:0, instance:com.sqa.psikotes.framework.runner.TestRunner@2767e23c]" started-at="2022-10-03T11:53:49 WIB" name="runScenario" description="Runs Cucumber Scenarios" data-provider="scenarios" finished-at="2022-10-03T11:54:02 WIB" duration-ms="12227" status="PASS">
          <params>
            <param index="0">
              <value>
                <![CDATA["TSMP001001 Admin buka halaman modul"]]>
              </value>
            </param>
            <param index="1">
              <value>
                <![CDATA["TSMP001 Admin masuk ke halaman modul"]]>
              </value>
            </param>
          </params>
          <reporter-output>
          </reporter-output>
        </test-method> <!-- runScenario -->
        <test-method signature="runScenario(io.cucumber.testng.PickleWrapper,io.cucumber.testng.FeatureWrapper)[pri:0, instance:com.sqa.psikotes.framework.runner.TestRunner@2767e23c]" started-at="2022-10-03T11:54:02 WIB" name="runScenario" description="Runs Cucumber Scenarios" data-provider="scenarios" finished-at="2022-10-03T11:54:08 WIB" duration-ms="6071" status="PASS">
          <params>
            <param index="0">
              <value>
                <![CDATA["TSMP002001 Admin cari data berdasarkan nama modul menggunakan enter pada keyboard"]]>
              </value>
            </param>
            <param index="1">
              <value>
                <![CDATA["TSMP002 Admin cari data nama modul"]]>
              </value>
            </param>
          </params>
          <reporter-output>
          </reporter-output>
        </test-method> <!-- runScenario -->
        <test-method signature="runScenario(io.cucumber.testng.PickleWrapper,io.cucumber.testng.FeatureWrapper)[pri:0, instance:com.sqa.psikotes.framework.runner.TestRunner@2767e23c]" started-at="2022-10-03T11:54:08 WIB" name="runScenario" description="Runs Cucumber Scenarios" data-provider="scenarios" finished-at="2022-10-03T11:54:14 WIB" duration-ms="6193" status="PASS">
          <params>
            <param index="0">
              <value>
                <![CDATA["TSMP002002 Admin cari data berdasarkan nama modul menggunakan button hijau"]]>
              </value>
            </param>
            <param index="1">
              <value>
                <![CDATA["TSMP002 Admin cari data nama modul"]]>
              </value>
            </param>
          </params>
          <reporter-output>
          </reporter-output>
        </test-method> <!-- runScenario -->
        <test-method signature="runScenario(io.cucumber.testng.PickleWrapper,io.cucumber.testng.FeatureWrapper)[pri:0, instance:com.sqa.psikotes.framework.runner.TestRunner@2767e23c]" started-at="2022-10-03T11:54:14 WIB" name="runScenario" description="Runs Cucumber Scenarios" data-provider="scenarios" finished-at="2022-10-03T11:54:20 WIB" duration-ms="6492" status="PASS">
          <params>
            <param index="0">
              <value>
                <![CDATA["TSMP002003 Admin cari data berdasarkan nama modul menggunakan button search"]]>
              </value>
            </param>
            <param index="1">
              <value>
                <![CDATA["TSMP002 Admin cari data nama modul"]]>
              </value>
            </param>
          </params>
          <reporter-output>
          </reporter-output>
        </test-method> <!-- runScenario -->
        <test-method signature="runScenario(io.cucumber.testng.PickleWrapper,io.cucumber.testng.FeatureWrapper)[pri:0, instance:com.sqa.psikotes.framework.runner.TestRunner@2767e23c]" started-at="2022-10-03T11:54:20 WIB" name="runScenario" description="Runs Cucumber Scenarios" data-provider="scenarios" finished-at="2022-10-03T11:54:25 WIB" duration-ms="4650" status="PASS">
          <params>
            <param index="0">
              <value>
                <![CDATA["TSMP004001 Admin menampilkan10 data modul pada page ke1"]]>
              </value>
            </param>
            <param index="1">
              <value>
                <![CDATA["TSMP004 Admin cari data nama modul"]]>
              </value>
            </param>
          </params>
          <reporter-output>
          </reporter-output>
        </test-method> <!-- runScenario -->
        <test-method signature="runScenario(io.cucumber.testng.PickleWrapper,io.cucumber.testng.FeatureWrapper)[pri:0, instance:com.sqa.psikotes.framework.runner.TestRunner@2767e23c]" started-at="2022-10-03T11:54:25 WIB" name="runScenario" description="Runs Cucumber Scenarios" data-provider="scenarios" finished-at="2022-10-03T11:54:29 WIB" duration-ms="4312" status="PASS">
          <params>
            <param index="0">
              <value>
                <![CDATA["TSMP004002 Admin menampilkan10 data modul pada page ke2"]]>
              </value>
            </param>
            <param index="1">
              <value>
                <![CDATA["TSMP004 Admin cari data nama modul"]]>
              </value>
            </param>
          </params>
          <reporter-output>
          </reporter-output>
        </test-method> <!-- runScenario -->
        <test-method signature="runScenario(io.cucumber.testng.PickleWrapper,io.cucumber.testng.FeatureWrapper)[pri:0, instance:com.sqa.psikotes.framework.runner.TestRunner@2767e23c]" started-at="2022-10-03T11:54:29 WIB" name="runScenario" description="Runs Cucumber Scenarios" data-provider="scenarios" finished-at="2022-10-03T11:54:34 WIB" duration-ms="4130" status="PASS">
          <params>
            <param index="0">
              <value>
                <![CDATA["TSMP004003 Admin menampilkan10 data modul pada page ke3"]]>
              </value>
            </param>
            <param index="1">
              <value>
                <![CDATA["TSMP004 Admin cari data nama modul"]]>
              </value>
            </param>
          </params>
          <reporter-output>
          </reporter-output>
        </test-method> <!-- runScenario -->
        <test-method signature="runScenario(io.cucumber.testng.PickleWrapper,io.cucumber.testng.FeatureWrapper)[pri:0, instance:com.sqa.psikotes.framework.runner.TestRunner@2767e23c]" started-at="2022-10-03T11:54:34 WIB" name="runScenario" description="Runs Cucumber Scenarios" data-provider="scenarios" finished-at="2022-10-03T11:54:38 WIB" duration-ms="4199" status="PASS">
          <params>
            <param index="0">
              <value>
                <![CDATA["TSMP004004 Admin menampilkan10 data modul pada page ke4"]]>
              </value>
            </param>
            <param index="1">
              <value>
                <![CDATA["TSMP004 Admin cari data nama modul"]]>
              </value>
            </param>
          </params>
          <reporter-output>
          </reporter-output>
        </test-method> <!-- runScenario -->
        <test-method signature="runScenario(io.cucumber.testng.PickleWrapper,io.cucumber.testng.FeatureWrapper)[pri:0, instance:com.sqa.psikotes.framework.runner.TestRunner@2767e23c]" started-at="2022-10-03T11:54:38 WIB" name="runScenario" description="Runs Cucumber Scenarios" data-provider="scenarios" finished-at="2022-10-03T11:54:42 WIB" duration-ms="4041" status="PASS">
          <params>
            <param index="0">
              <value>
                <![CDATA["TSMP004005 Admin menampilkan10 data modul pada page ke5"]]>
              </value>
            </param>
            <param index="1">
              <value>
                <![CDATA["TSMP004 Admin cari data nama modul"]]>
              </value>
            </param>
          </params>
          <reporter-output>
          </reporter-output>
        </test-method> <!-- runScenario -->
        <test-method signature="runScenario(io.cucumber.testng.PickleWrapper,io.cucumber.testng.FeatureWrapper)[pri:0, instance:com.sqa.psikotes.framework.runner.TestRunner@2767e23c]" started-at="2022-10-03T11:54:42 WIB" name="runScenario" description="Runs Cucumber Scenarios" data-provider="scenarios" finished-at="2022-10-03T11:54:46 WIB" duration-ms="4236" status="PASS">
          <params>
            <param index="0">
              <value>
                <![CDATA["TSMP004006 Admin menampilkan10 data modul pada page paling terakhir"]]>
              </value>
            </param>
            <param index="1">
              <value>
                <![CDATA["TSMP004 Admin cari data nama modul"]]>
              </value>
            </param>
          </params>
          <reporter-output>
          </reporter-output>
        </test-method> <!-- runScenario -->
        <test-method signature="runScenario(io.cucumber.testng.PickleWrapper,io.cucumber.testng.FeatureWrapper)[pri:0, instance:com.sqa.psikotes.framework.runner.TestRunner@2767e23c]" started-at="2022-10-03T11:54:46 WIB" name="runScenario" description="Runs Cucumber Scenarios" data-provider="scenarios" finished-at="2022-10-03T11:54:50 WIB" duration-ms="4166" status="PASS">
          <params>
            <param index="0">
              <value>
                <![CDATA["TSMP004007 Admin menampilkan10 data modul pada page paling awal"]]>
              </value>
            </param>
            <param index="1">
              <value>
                <![CDATA["TSMP004 Admin cari data nama modul"]]>
              </value>
            </param>
          </params>
          <reporter-output>
          </reporter-output>
        </test-method> <!-- runScenario -->
        <test-method signature="runScenario(io.cucumber.testng.PickleWrapper,io.cucumber.testng.FeatureWrapper)[pri:0, instance:com.sqa.psikotes.framework.runner.TestRunner@2767e23c]" started-at="2022-10-03T11:54:50 WIB" name="runScenario" description="Runs Cucumber Scenarios" data-provider="scenarios" finished-at="2022-10-03T11:54:56 WIB" duration-ms="6068" status="PASS">
          <params>
            <param index="0">
              <value>
                <![CDATA["TSMP005001 Admin menampilkan25 data modul pada page ke1"]]>
              </value>
            </param>
            <param index="1">
              <value>
                <![CDATA["TSMP005 Admin lihat25 data Modul Page"]]>
              </value>
            </param>
          </params>
          <reporter-output>
          </reporter-output>
        </test-method> <!-- runScenario -->
        <test-method signature="runScenario(io.cucumber.testng.PickleWrapper,io.cucumber.testng.FeatureWrapper)[pri:0, instance:com.sqa.psikotes.framework.runner.TestRunner@2767e23c]" started-at="2022-10-03T11:54:56 WIB" name="runScenario" description="Runs Cucumber Scenarios" data-provider="scenarios" finished-at="2022-10-03T11:55:02 WIB" duration-ms="6223" status="PASS">
          <params>
            <param index="0">
              <value>
                <![CDATA["TSMP005002 Admin menampilkan25 data modul pada page terakhir"]]>
              </value>
            </param>
            <param index="1">
              <value>
                <![CDATA["TSMP005 Admin lihat25 data Modul Page"]]>
              </value>
            </param>
          </params>
          <reporter-output>
          </reporter-output>
        </test-method> <!-- runScenario -->
        <test-method signature="runScenario(io.cucumber.testng.PickleWrapper,io.cucumber.testng.FeatureWrapper)[pri:0, instance:com.sqa.psikotes.framework.runner.TestRunner@2767e23c]" started-at="2022-10-03T11:55:02 WIB" name="runScenario" description="Runs Cucumber Scenarios" data-provider="scenarios" finished-at="2022-10-03T11:55:09 WIB" duration-ms="6417" status="PASS">
          <params>
            <param index="0">
              <value>
                <![CDATA["TSMP005003 Admin menampilkan25 data modul pada page ke2"]]>
              </value>
            </param>
            <param index="1">
              <value>
                <![CDATA["TSMP005 Admin lihat25 data Modul Page"]]>
              </value>
            </param>
          </params>
          <reporter-output>
          </reporter-output>
        </test-method> <!-- runScenario -->
        <test-method signature="runScenario(io.cucumber.testng.PickleWrapper,io.cucumber.testng.FeatureWrapper)[pri:0, instance:com.sqa.psikotes.framework.runner.TestRunner@2767e23c]" started-at="2022-10-03T11:55:09 WIB" name="runScenario" description="Runs Cucumber Scenarios" data-provider="scenarios" finished-at="2022-10-03T11:55:15 WIB" duration-ms="6165" status="PASS">
          <params>
            <param index="0">
              <value>
                <![CDATA["TSMP005004 Admin menampilkan25 data modul pada page pertama"]]>
              </value>
            </param>
            <param index="1">
              <value>
                <![CDATA["TSMP005 Admin lihat25 data Modul Page"]]>
              </value>
            </param>
          </params>
          <reporter-output>
          </reporter-output>
        </test-method> <!-- runScenario -->
        <test-method signature="runScenario(io.cucumber.testng.PickleWrapper,io.cucumber.testng.FeatureWrapper)[pri:0, instance:com.sqa.psikotes.framework.runner.TestRunner@2767e23c]" started-at="2022-10-03T11:55:15 WIB" name="runScenario" description="Runs Cucumber Scenarios" data-provider="scenarios" finished-at="2022-10-03T11:55:21 WIB" duration-ms="6229" status="PASS">
          <params>
            <param index="0">
              <value>
                <![CDATA["TSMP006001 Admin menampilkan50 data modul"]]>
              </value>
            </param>
            <param index="1">
              <value>
                <![CDATA["TSMP006 Admin lihat50 data Modul Page"]]>
              </value>
            </param>
          </params>
          <reporter-output>
          </reporter-output>
        </test-method> <!-- runScenario -->
        <test-method signature="runScenario(io.cucumber.testng.PickleWrapper,io.cucumber.testng.FeatureWrapper)[pri:0, instance:com.sqa.psikotes.framework.runner.TestRunner@2767e23c]" started-at="2022-10-03T11:55:21 WIB" name="runScenario" description="Runs Cucumber Scenarios" data-provider="scenarios" finished-at="2022-10-03T11:55:25 WIB" duration-ms="3965" status="PASS">
          <params>
            <param index="0">
              <value>
                <![CDATA["TSMP006002 Admin menampilkan50 data modul pada page ke1"]]>
              </value>
            </param>
            <param index="1">
              <value>
                <![CDATA["TSMP006 Admin lihat50 data Modul Page"]]>
              </value>
            </param>
          </params>
          <reporter-output>
          </reporter-output>
        </test-method> <!-- runScenario -->
        <test-method is-config="true" signature="tearDownClass()[pri:0, instance:com.sqa.psikotes.framework.runner.TestRunner@2767e23c]" started-at="2022-10-03T11:55:25 WIB" name="tearDownClass" finished-at="2022-10-03T11:55:26 WIB" duration-ms="442" status="PASS">
          <reporter-output>
          </reporter-output>
        </test-method> <!-- tearDownClass -->
      </class> <!-- com.sqa.psikotes.framework.runner.TestRunner -->
    </test> <!-- Default test -->
  </suite> <!-- Default suite -->
</testng-results>
